Log file opened on Mon May 22 21:35:24 2017
Host: nick-ThinkPad-T440p  pid: 13256  nodeid: 0  nnodes:  1
The Gromacs distribution was built @TMP_TIME@ by
nick@nick-ThinkPad-T440p [CMAKE] (@TMP_MACHINE@)


                         :-)  G  R  O  M  A  C  S  (-:

                      GROwing Monsters And Cloning Shrimps

                            :-)  VERSION 4.5.3  (-:

        Written by Emile Apol, Rossen Apostolov, Herman J.C. Berendsen,
      Aldert van Buuren, Pär Bjelkmar, Rudi van Drunen, Anton Feenstra, 
        Gerrit Groenhof, Peter Kasson, Per Larsson, Pieter Meulenhoff, 
           Teemu Murtola, Szilard Pall, Sander Pronk, Roland Schulz, 
                Michael Shirts, Alfons Sijbers, Peter Tieleman,

               Berk Hess, David van der Spoel, and Erik Lindahl.

       Copyright (c) 1991-2000, University of Groningen, The Netherlands.
            Copyright (c) 2001-2010, The GROMACS development team at
        Uppsala University & The Royal Institute of Technology, Sweden.
            check out http://www.gromacs.org for more information.

         This program is free software; you can redistribute it and/or
          modify it under the terms of the GNU General Public License
         as published by the Free Software Foundation; either version 2
             of the License, or (at your option) any later version.

                                :-)  mdrun  (-:


++++ PLEASE READ AND CITE THE FOLLOWING REFERENCE ++++
B. Hess and C. Kutzner and D. van der Spoel and E. Lindahl
GROMACS 4: Algorithms for highly efficient, load-balanced, and scalable
molecular simulation
J. Chem. Theory Comput. 4 (2008) pp. 435-447
-------- -------- --- Thank You --- -------- --------


++++ PLEASE READ AND CITE THE FOLLOWING REFERENCE ++++
D. van der Spoel, E. Lindahl, B. Hess, G. Groenhof, A. E. Mark and H. J. C.
Berendsen
GROMACS: Fast, Flexible and Free
J. Comp. Chem. 26 (2005) pp. 1701-1719
-------- -------- --- Thank You --- -------- --------


++++ PLEASE READ AND CITE THE FOLLOWING REFERENCE ++++
E. Lindahl and B. Hess and D. van der Spoel
GROMACS 3.0: A package for molecular simulation and trajectory analysis
J. Mol. Mod. 7 (2001) pp. 306-317
-------- -------- --- Thank You --- -------- --------


++++ PLEASE READ AND CITE THE FOLLOWING REFERENCE ++++
H. J. C. Berendsen, D. van der Spoel and R. van Drunen
GROMACS: A message-passing parallel molecular dynamics implementation
Comp. Phys. Comm. 91 (1995) pp. 43-56
-------- -------- --- Thank You --- -------- --------

Input Parameters:
   integrator           = sd
   nsteps               = 5000
   init_step            = 0
   ns_type              = Grid
   nstlist              = 10
   ndelta               = 2
   nstcomm              = 10
   comm_mode            = Linear
   nstlog               = 100
   nstxout              = 100
   nstvout              = 100
   nstfout              = 0
   nstcalcenergy        = 10
   nstenergy            = 100
   nstxtcout            = 0
   init_t               = 0
   delta_t              = 0.002
   xtcprec              = 1000
   nkx                  = 28
   nky                  = 28
   nkz                  = 28
   pme_order            = 6
   ewald_rtol           = 1e-06
   ewald_geometry       = 0
   epsilon_surface      = 0
   optimize_fft         = FALSE
   ePBC                 = xyz
   bPeriodicMols        = FALSE
   bContinuation        = TRUE
   bShakeSOR            = FALSE
   etc                  = No
   nsttcouple           = -1
   epc                  = No
   epctype              = Isotropic
   nstpcouple           = -1
   tau_p                = 1
   ref_p (3x3):
      ref_p[    0]={ 0.00000e+00,  0.00000e+00,  0.00000e+00}
      ref_p[    1]={ 0.00000e+00,  0.00000e+00,  0.00000e+00}
      ref_p[    2]={ 0.00000e+00,  0.00000e+00,  0.00000e+00}
   compress (3x3):
      compress[    0]={ 0.00000e+00,  0.00000e+00,  0.00000e+00}
      compress[    1]={ 0.00000e+00,  0.00000e+00,  0.00000e+00}
      compress[    2]={ 0.00000e+00,  0.00000e+00,  0.00000e+00}
   refcoord_scaling     = No
   posres_com (3):
      posres_com[0]= 0.00000e+00
      posres_com[1]= 0.00000e+00
      posres_com[2]= 0.00000e+00
   posres_comB (3):
      posres_comB[0]= 0.00000e+00
      posres_comB[1]= 0.00000e+00
      posres_comB[2]= 0.00000e+00
   andersen_seed        = 815131
   rlist                = 1
   rlistlong            = 1
   rtpi                 = 0.05
   coulombtype          = PME
   rcoulomb_switch      = 0
   rcoulomb             = 1
   vdwtype              = Switch
   rvdw_switch          = 0.8
   rvdw                 = 0.9
   epsilon_r            = 1
   epsilon_rf           = 1
   tabext               = 1
   implicit_solvent     = No
   gb_algorithm         = Still
   gb_epsilon_solvent   = 80
   nstgbradii           = 1
   rgbradii             = 1
   gb_saltconc          = 0
   gb_obc_alpha         = 1
   gb_obc_beta          = 0.8
   gb_obc_gamma         = 4.85
   gb_dielectric_offset = 0.009
   sa_algorithm         = Ace-approximation
   sa_surface_tension   = 2.05016
   DispCorr             = No
   free_energy          = yes
   init_lambda          = 0
   delta_lambda         = 0
   n_foreign_lambda     = 5
   foreign_lambda:           0        0.25         0.5        0.75           1
   sc_alpha             = 0
   sc_power             = 0
   sc_sigma             = 0.3
   sc_sigma_min         = 0.3
   nstdhdl              = 10
   separate_dhdl_file   = yes
   dhdl_derivatives     = yes
   dh_hist_size         = 0
   dh_hist_spacing      = 0.1
   nwall                = 0
   wall_type            = 9-3
   wall_atomtype[0]     = -1
   wall_atomtype[1]     = -1
   wall_density[0]      = 0
   wall_density[1]      = 0
   wall_ewald_zfac      = 3
   pull                 = no
   disre                = No
   disre_weighting      = Conservative
   disre_mixed          = FALSE
   dr_fc                = 1000
   dr_tau               = 0
   nstdisreout          = 100
   orires_fc            = 0
   orires_tau           = 0
   nstorireout          = 100
   dihre-fc             = 1000
   em_stepsize          = 0.01
   em_tol               = 10
   niter                = 20
   fc_stepsize          = 0
   nstcgsteep           = 1000
   nbfgscorr            = 10
   ConstAlg             = Lincs
   shake_tol            = 0.0001
   lincs_order          = 12
   lincs_warnangle      = 30
   lincs_iter           = 1
   bd_fric              = 0
   ld_seed              = 13241
   cos_accel            = 0
   deform (3x3):
      deform[    0]={ 0.00000e+00,  0.00000e+00,  0.00000e+00}
      deform[    1]={ 0.00000e+00,  0.00000e+00,  0.00000e+00}
      deform[    2]={ 0.00000e+00,  0.00000e+00,  0.00000e+00}
   userint1             = 0
   userint2             = 0
   userint3             = 0
   userint4             = 0
   userreal1            = 0
   userreal2            = 0
   userreal3            = 0
   userreal4            = 0
grpopts:
   nrdf:          11
   ref_t:         300
   tau_t:         0.1
anneal:          No
ann_npoints:           0
   acc:	           0           0           0
   nfreeze:           N           N           N
   energygrp_flags[  0]: 0
   efield-x:
      n = 0
   efield-xt:
      n = 0
   efield-y:
      n = 0
   efield-yt:
      n = 0
   efield-z:
      n = 0
   efield-zt:
      n = 0
   bQMMM                = FALSE
   QMconstraints        = 0
   QMMMscheme           = 0
   scalefactor          = 1
qm_opts:
   ngQM                 = 0
Table routines are used for coulomb: TRUE
Table routines are used for vdw:     TRUE
Will do PME sum in reciprocal space.

++++ PLEASE READ AND CITE THE FOLLOWING REFERENCE ++++
U. Essman, L. Perela, M. L. Berkowitz, T. Darden, H. Lee and L. G. Pedersen 
A smooth particle mesh Ewald method
J. Chem. Phys. 103 (1995) pp. 8577-8592
-------- -------- --- Thank You --- -------- --------

Will do ordinary reciprocal space Ewald sum.
Using a Gaussian width (1/beta) of 0.289108 nm for Ewald
Using shifted Lennard-Jones, switch between 0.8 and 0.9 nm
Cut-off's:   NS: 1   Coulomb: 1   LJ: 0.9
System total charge, top. A: -0.000 top. B: 0.000
Generated table with 1000 data points for Ewald.
Tabscale = 500 points/nm
Generated table with 1000 data points for LJ6Switch.
Tabscale = 500 points/nm
Generated table with 1000 data points for LJ12Switch.
Tabscale = 500 points/nm
Generated table with 1000 data points for 1-4 COUL.
Tabscale = 500 points/nm
Generated table with 1000 data points for 1-4 LJ6.
Tabscale = 500 points/nm
Generated table with 1000 data points for 1-4 LJ12.
Tabscale = 500 points/nm
Configuring nonbonded kernels...
Configuring standard C nonbonded kernels...
Testing x86_64 SSE2 support... present.


There are 6 atoms and 6 charges for free energy perturbation

Initializing LINear Constraint Solver

++++ PLEASE READ AND CITE THE FOLLOWING REFERENCE ++++
B. Hess and H. Bekker and H. J. C. Berendsen and J. G. E. M. Fraaije
LINCS: A Linear Constraint Solver for molecular simulations
J. Comp. Chem. 18 (1997) pp. 1463-1472
-------- -------- --- Thank You --- -------- --------

The number of constraints is 4
Center of mass motion removal mode is Linear
We have the following groups for center of mass motion removal:
  0:  rest
There are: 6 Atoms
Max number of connections per atom is 23
Total number of connections is 62
Max number of graph edges per atom is 4
Total number of graph edges is 10
Initial temperature: 0 K

Started mdrun on node 0 Mon May 22 21:35:24 2017

           Step           Time         Lambda
              0        0.00000        0.00000

Grid: 3 x 3 x 3 cells
   Energies (kJ/mol)
           Bond          Angle    Proper Dih.          LJ-14     Coulomb-14
    3.00186e-01    1.48055e-01    8.92646e-04    0.00000e+00    1.55935e+01
        LJ (SR)   Coulomb (SR)   Coul. recip.      Potential    Kinetic En.
    0.00000e+00    0.00000e+00   -2.66247e-02    1.60160e+01    7.67683e-01
   Total Energy    Temperature Pressure (bar)  dVpot/dlambda  dEkin/dlambda
    1.67837e+01    1.67874e+01    2.94704e+01   -1.55669e+01    0.00000e+00
  dH/dl constr.   Constr. rmsd  Constr.2 rmsd
    0.00000e+00    4.92415e-07    4.98688e-07

Large VCM(group rest):      0.59718,      0.01640,     -0.35588, Temp-cm:  1.40853e+00
           Step           Time         Lambda
            100        0.20000        0.00000

   Energies (kJ/mol)
           Bond          Angle    Proper Dih.          LJ-14     Coulomb-14
    5.66833e+00    1.04777e+01    1.58700e+00    0.00000e+00    1.47728e+01
        LJ (SR)   Coulomb (SR)   Coul. recip.      Potential    Kinetic En.
    0.00000e+00    0.00000e+00   -2.57964e-02    3.24800e+01    2.06222e+01
   Total Energy    Temperature Pressure (bar)  dVpot/dlambda  dEkin/dlambda
    5.31022e+01    4.50957e+02   -7.84901e+01   -1.47470e+01    0.00000e+00
  dH/dl constr.   Constr. rmsd  Constr.2 rmsd
    0.00000e+00    1.86687e-06    2.54596e-06

           Step           Time         Lambda
            200        0.40000        0.00000

   Energies (kJ/mol)
           Bond          Angle    Proper Dih.          LJ-14     Coulomb-14
    2.32212e+00    6.19927e+00    3.48788e-01    0.00000e+00    1.55421e+01
        LJ (SR)   Coulomb (SR)   Coul. recip.      Potential    Kinetic En.
    0.00000e+00    0.00000e+00   -2.54960e-02    2.43867e+01    5.99498e+00
   Total Energy    Temperature Pressure (bar)  dVpot/dlambda  dEkin/dlambda
    3.03817e+01    1.31096e+02    5.78808e+01   -1.55166e+01    0.00000e+00
  dH/dl constr.   Constr. rmsd  Constr.2 rmsd
    0.00000e+00    6.61047e-07    6.51574e-07

           Step           Time         Lambda
            300        0.60000        0.00000

   Energies (kJ/mol)
           Bond          Angle    Proper Dih.          LJ-14     Coulomb-14
    9.86942e-01    8.65203e+00    2.44433e-01    0.00000e+00    1.50223e+01
        LJ (SR)   Coulomb (SR)   Coul. recip.      Potential    Kinetic En.
    0.00000e+00    0.00000e+00   -2.48957e-02    2.48808e+01    1.22503e+01
   Total Energy    Temperature Pressure (bar)  dVpot/dlambda  dEkin/dlambda
    3.71311e+01    2.67884e+02   -3.98032e+01   -1.49974e+01    0.00000e+00
  dH/dl constr.   Constr. rmsd  Constr.2 rmsd
    0.00000e+00    1.50907e-06    1.89075e-06

           Step           Time         Lambda
            400        0.80000        0.00000

   Energies (kJ/mol)
           Bond          Angle    Proper Dih.          LJ-14     Coulomb-14
    5.38090e-01    1.06590e+01    2.92154e+00    0.00000e+00    1.53954e+01
        LJ (SR)   Coulomb (SR)   Coul. recip.      Potential    Kinetic En.
    0.00000e+00    0.00000e+00   -2.51899e-02    2.94888e+01    1.33927e+01
   Total Energy    Temperature Pressure (bar)  dVpot/dlambda  dEkin/dlambda
    4.28815e+01    2.92866e+02    4.68851e+01   -1.53702e+01    0.00000e+00
  dH/dl constr.   Constr. rmsd  Constr.2 rmsd
    0.00000e+00    2.65609e-06    1.60960e-06

           Step           Time         Lambda
            500        1.00000        0.00000

   Energies (kJ/mol)
           Bond          Angle    Proper Dih.          LJ-14     Coulomb-14
    1.50658e-02    5.04826e+00    7.99492e-01    0.00000e+00    1.54581e+01
        LJ (SR)   Coulomb (SR)   Coul. recip.      Potential    Kinetic En.
    0.00000e+00    0.00000e+00   -2.88935e-02    2.12920e+01    1.74181e+01
   Total Energy    Temperature Pressure (bar)  dVpot/dlambda  dEkin/dlambda
    3.87101e+01    3.80892e+02    3.86182e+00   -1.54292e+01    0.00000e+00
  dH/dl constr.   Constr. rmsd  Constr.2 rmsd
    0.00000e+00    2.35533e-06    2.55866e-06

           Step           Time         Lambda
            600        1.20000        0.00000

   Energies (kJ/mol)
           Bond          Angle    Proper Dih.          LJ-14     Coulomb-14
    1.91046e-02    4.80755e+00    3.26425e+00    0.00000e+00    1.62800e+01
        LJ (SR)   Coulomb (SR)   Coul. recip.      Potential    Kinetic En.
    0.00000e+00    0.00000e+00   -3.04499e-02    2.43405e+01    1.32297e+01
   Total Energy    Temperature Pressure (bar)  dVpot/dlambda  dEkin/dlambda
    3.75701e+01    2.89301e+02   -7.87268e+00   -1.62495e+01    0.00000e+00
  dH/dl constr.   Constr. rmsd  Constr.2 rmsd
    0.00000e+00    5.84764e-07    8.58597e-07

           Step           Time         Lambda
            700        1.40000        0.00000

   Energies (kJ/mol)
           Bond          Angle    Proper Dih.          LJ-14     Coulomb-14
    3.70505e-01    3.35322e+00    3.65301e+00    0.00000e+00    1.53203e+01
        LJ (SR)   Coulomb (SR)   Coul. recip.      Potential    Kinetic En.
    0.00000e+00    0.00000e+00   -2.66900e-02    2.26704e+01    2.78648e+01
   Total Energy    Temperature Pressure (bar)  dVpot/dlambda  dEkin/dlambda
    5.05352e+01    6.09336e+02    3.35187e+01   -1.52936e+01    0.00000e+00
  dH/dl constr.   Constr. rmsd  Constr.2 rmsd
    0.00000e+00    4.32411e-06    5.63713e-06

           Step           Time         Lambda
            800        1.60000        0.00000

   Energies (kJ/mol)
           Bond          Angle    Proper Dih.          LJ-14     Coulomb-14
    1.08459e+00    1.15095e+00    8.76958e-02    0.00000e+00    1.52872e+01
        LJ (SR)   Coulomb (SR)   Coul. recip.      Potential    Kinetic En.
    0.00000e+00    0.00000e+00   -2.68459e-02    1.75836e+01    1.84909e+01
   Total Energy    Temperature Pressure (bar)  dVpot/dlambda  dEkin/dlambda
    3.60745e+01    4.04351e+02   -3.34124e+01   -1.52604e+01    0.00000e+00
  dH/dl constr.   Constr. rmsd  Constr.2 rmsd
    0.00000e+00    3.44600e-06    3.53946e-06

           Step           Time         Lambda
            900        1.80000        0.00000

   Energies (kJ/mol)
           Bond          Angle    Proper Dih.          LJ-14     Coulomb-14
    1.59178e+00    1.13142e+01    2.17147e+00    0.00000e+00    1.59831e+01
        LJ (SR)   Coulomb (SR)   Coul. recip.      Potential    Kinetic En.
    0.00000e+00    0.00000e+00   -2.52275e-02    3.10353e+01    2.35143e+01
   Total Energy    Temperature Pressure (bar)  dVpot/dlambda  dEkin/dlambda
    5.45496e+01    5.14201e+02    5.86152e+01   -1.59579e+01    0.00000e+00
  dH/dl constr.   Constr. rmsd  Constr.2 rmsd
    0.00000e+00    4.49985e-06    3.80035e-06

           Step           Time         Lambda
           1000        2.00000        0.00000

   Energies (kJ/mol)
           Bond          Angle    Proper Dih.          LJ-14     Coulomb-14
    1.45036e-02    1.66267e+01    1.43250e+00    0.00000e+00    1.56929e+01
        LJ (SR)   Coulomb (SR)   Coul. recip.      Potential    Kinetic En.
    0.00000e+00    0.00000e+00   -3.11737e-02    3.37354e+01    1.61970e+01
   Total Energy    Temperature Pressure (bar)  dVpot/dlambda  dEkin/dlambda
    4.99324e+01    3.54189e+02    3.57967e+01   -1.56617e+01    0.00000e+00
  dH/dl constr.   Constr. rmsd  Constr.2 rmsd
    0.00000e+00    4.48908e-06    4.73941e-06

           Step           Time         Lambda
           1100        2.20000        0.00000

   Energies (kJ/mol)
           Bond          Angle    Proper Dih.          LJ-14     Coulomb-14
    4.16984e-01    7.72577e+00    1.43211e+00    0.00000e+00    1.57197e+01
        LJ (SR)   Coulomb (SR)   Coul. recip.      Potential    Kinetic En.
    0.00000e+00    0.00000e+00   -2.75049e-02    2.52670e+01    1.64278e+01
   Total Energy    Temperature Pressure (bar)  dVpot/dlambda  dEkin/dlambda
    4.16948e+01    3.59236e+02    2.54338e+01   -1.56922e+01    0.00000e+00
  dH/dl constr.   Constr. rmsd  Constr.2 rmsd
    0.00000e+00    2.77914e-06    2.24687e-06

           Step           Time         Lambda
           1200        2.40000        0.00000

   Energies (kJ/mol)
           Bond          Angle    Proper Dih.          LJ-14     Coulomb-14
    3.43538e-01    6.91325e+00    3.13318e-01    0.00000e+00    1.50215e+01
        LJ (SR)   Coulomb (SR)   Coul. recip.      Potential    Kinetic En.
    0.00000e+00    0.00000e+00   -2.27840e-02    2.25688e+01    6.06164e+00
   Total Energy    Temperature Pressure (bar)  dVpot/dlambda  dEkin/dlambda
    2.86304e+01    1.32553e+02    3.59947e+01   -1.49987e+01    0.00000e+00
  dH/dl constr.   Constr. rmsd  Constr.2 rmsd
    0.00000e+00    1.09135e-06    1.15000e-06

           Step           Time         Lambda
           1300        2.60000        0.00000

   Energies (kJ/mol)
           Bond          Angle    Proper Dih.          LJ-14     Coulomb-14
    8.77067e-01    5.76267e+00    4.57460e-01    0.00000e+00    1.56188e+01
        LJ (SR)   Coulomb (SR)   Coul. recip.      Potential    Kinetic En.
    0.00000e+00    0.00000e+00   -3.09968e-02    2.26850e+01    7.60178e+00
   Total Energy    Temperature Pressure (bar)  dVpot/dlambda  dEkin/dlambda
    3.02868e+01    1.66233e+02   -8.67349e+00   -1.55878e+01    0.00000e+00
  dH/dl constr.   Constr. rmsd  Constr.2 rmsd
    0.00000e+00    6.26558e-07    1.51172e-06

           Step           Time         Lambda
           1400        2.80000        0.00000

   Energies (kJ/mol)
           Bond          Angle    Proper Dih.          LJ-14     Coulomb-14
    1.64274e-01    6.25145e+00    1.81533e+00    0.00000e+00    1.51642e+01
        LJ (SR)   Coulomb (SR)   Coul. recip.      Potential    Kinetic En.
    0.00000e+00    0.00000e+00   -2.59647e-02    2.33693e+01    1.57208e+01
   Total Energy    Temperature Pressure (bar)  dVpot/dlambda  dEkin/dlambda
    3.90901e+01    3.43775e+02   -1.25707e+01   -1.51383e+01    0.00000e+00
  dH/dl constr.   Constr. rmsd  Constr.2 rmsd
    0.00000e+00    3.77961e-06    3.61494e-06

           Step           Time         Lambda
           1500        3.00000        0.00000

   Energies (kJ/mol)
           Bond          Angle    Proper Dih.          LJ-14     Coulomb-14
    9.69227e-01    5.67939e+00    1.91589e+00    0.00000e+00    1.55829e+01
        LJ (SR)   Coulomb (SR)   Coul. recip.      Potential    Kinetic En.
    0.00000e+00    0.00000e+00   -2.88954e-02    2.41185e+01    1.84414e+01
   Total Energy    Temperature Pressure (bar)  dVpot/dlambda  dEkin/dlambda
    4.25600e+01    4.03269e+02   -2.16694e+01   -1.55540e+01    0.00000e+00
  dH/dl constr.   Constr. rmsd  Constr.2 rmsd
    0.00000e+00    7.03991e-07    1.44841e-06

           Step           Time         Lambda
           1600        3.20000        0.00000

   Energies (kJ/mol)
           Bond          Angle    Proper Dih.          LJ-14     Coulomb-14
    8.95805e-02    4.42701e+00    1.11595e-01    0.00000e+00    1.54532e+01
        LJ (SR)   Coulomb (SR)   Coul. recip.      Potential    Kinetic En.
    0.00000e+00    0.00000e+00   -2.52748e-02    2.00562e+01    1.04092e+01
   Total Energy    Temperature Pressure (bar)  dVpot/dlambda  dEkin/dlambda
    3.04653e+01    2.27623e+02    8.84223e+00   -1.54280e+01    0.00000e+00
  dH/dl constr.   Constr. rmsd  Constr.2 rmsd
    0.00000e+00    1.57840e-06    1.75150e-06

           Step           Time         Lambda
           1700        3.40000        0.00000

   Energies (kJ/mol)
           Bond          Angle    Proper Dih.          LJ-14     Coulomb-14
    2.04372e+00    2.06050e+00    1.73323e+00    0.00000e+00    1.50343e+01
        LJ (SR)   Coulomb (SR)   Coul. recip.      Potential    Kinetic En.
    0.00000e+00    0.00000e+00   -2.51684e-02    2.08465e+01    1.34471e+01
   Total Energy    Temperature Pressure (bar)  dVpot/dlambda  dEkin/dlambda
    3.42937e+01    2.94056e+02   -4.61429e+01   -1.50091e+01    0.00000e+00
  dH/dl constr.   Constr. rmsd  Constr.2 rmsd
    0.00000e+00    1.65235e-06    1.31536e-06

           Step           Time         Lambda
           1800        3.60000        0.00000

   Energies (kJ/mol)
           Bond          Angle    Proper Dih.          LJ-14     Coulomb-14
    5.86691e-01    2.01625e+01    1.27986e-01    0.00000e+00    1.48168e+01
        LJ (SR)   Coulomb (SR)   Coul. recip.      Potential    Kinetic En.
    0.00000e+00    0.00000e+00   -2.44062e-02    3.56696e+01    1.40831e+01
   Total Energy    Temperature Pressure (bar)  dVpot/dlambda  dEkin/dlambda
    4.97527e+01    3.07964e+02    2.16428e+01   -1.47924e+01    0.00000e+00
  dH/dl constr.   Constr. rmsd  Constr.2 rmsd
    0.00000e+00    2.24073e-06    2.76134e-06

           Step           Time         Lambda
           1900        3.80000        0.00000

   Energies (kJ/mol)
           Bond          Angle    Proper Dih.          LJ-14     Coulomb-14
    4.42801e-01    1.48056e+01    7.19627e-01    0.00000e+00    1.56440e+01
        LJ (SR)   Coulomb (SR)   Coul. recip.      Potential    Kinetic En.
    0.00000e+00    0.00000e+00   -2.99559e-02    3.15821e+01    1.26107e+01
   Total Energy    Temperature Pressure (bar)  dVpot/dlambda  dEkin/dlambda
    4.41928e+01    2.75766e+02   -7.56994e-01   -1.56141e+01    0.00000e+00
  dH/dl constr.   Constr. rmsd  Constr.2 rmsd
    0.00000e+00    5.06403e-06    5.08293e-06

           Step           Time         Lambda
           2000        4.00000        0.00000

   Energies (kJ/mol)
           Bond          Angle    Proper Dih.          LJ-14     Coulomb-14
    2.11958e+00    1.20093e+01    5.39165e-01    0.00000e+00    1.52363e+01
        LJ (SR)   Coulomb (SR)   Coul. recip.      Potential    Kinetic En.
    0.00000e+00    0.00000e+00   -2.24969e-02    2.98819e+01    9.46461e+00
   Total Energy    Temperature Pressure (bar)  dVpot/dlambda  dEkin/dlambda
    3.93465e+01    2.06968e+02    4.78611e+01   -1.52138e+01    0.00000e+00
  dH/dl constr.   Constr. rmsd  Constr.2 rmsd
    0.00000e+00    6.75008e-07    5.97535e-07

           Step           Time         Lambda
           2100        4.20000        0.00000

   Energies (kJ/mol)
           Bond          Angle    Proper Dih.          LJ-14     Coulomb-14
    8.35007e-01    1.43873e+00    6.02468e-01    0.00000e+00    1.50267e+01
        LJ (SR)   Coulomb (SR)   Coul. recip.      Potential    Kinetic En.
    0.00000e+00    0.00000e+00   -2.57850e-02    1.78771e+01    1.96423e+01
   Total Energy    Temperature Pressure (bar)  dVpot/dlambda  dEkin/dlambda
    3.75194e+01    4.29530e+02   -3.27147e+01   -1.50009e+01    0.00000e+00
  dH/dl constr.   Constr. rmsd  Constr.2 rmsd
    0.00000e+00    4.92415e-07    1.09420e-06

           Step           Time         Lambda
           2200        4.40000        0.00000

   Energies (kJ/mol)
           Bond          Angle    Proper Dih.          LJ-14     Coulomb-14
    3.96657e-01    5.08620e+00    2.00045e+00    0.00000e+00    1.55687e+01
        LJ (SR)   Coulomb (SR)   Coul. recip.      Potential    Kinetic En.
    0.00000e+00    0.00000e+00   -2.99959e-02    2.30220e+01    7.26138e+00
   Total Energy    Temperature Pressure (bar)  dVpot/dlambda  dEkin/dlambda
    3.02834e+01    1.58789e+02   -1.79541e+01   -1.55387e+01    0.00000e+00
  dH/dl constr.   Constr. rmsd  Constr.2 rmsd
    0.00000e+00    6.23716e-07    5.24724e-07

           Step           Time         Lambda
           2300        4.60000        0.00000

   Energies (kJ/mol)
           Bond          Angle    Proper Dih.          LJ-14     Coulomb-14
    5.91501e-01    9.82304e+00    3.51618e-01    0.00000e+00    1.53654e+01
        LJ (SR)   Coulomb (SR)   Coul. recip.      Potential    Kinetic En.
    0.00000e+00    0.00000e+00   -2.63848e-02    2.61051e+01    1.83093e+01
   Total Energy    Temperature Pressure (bar)  dVpot/dlambda  dEkin/dlambda
    4.44144e+01    4.00380e+02   -1.59415e+01   -1.53390e+01    0.00000e+00
  dH/dl constr.   Constr. rmsd  Constr.2 rmsd
    0.00000e+00    1.34110e-06    9.37708e-07

           Step           Time         Lambda
           2400        4.80000        0.00000

   Energies (kJ/mol)
           Bond          Angle    Proper Dih.          LJ-14     Coulomb-14
    1.16759e-02    6.97739e+00    6.33102e-01    0.00000e+00    1.51019e+01
        LJ (SR)   Coulomb (SR)   Coul. recip.      Potential    Kinetic En.
    0.00000e+00    0.00000e+00   -2.60968e-02    2.26980e+01    1.00152e+01
   Total Energy    Temperature Pressure (bar)  dVpot/dlambda  dEkin/dlambda
    3.27132e+01    2.19008e+02   -8.93640e+00   -1.50758e+01    0.00000e+00
  dH/dl constr.   Constr. rmsd  Constr.2 rmsd
    0.00000e+00    4.33928e-07    6.67066e-07

           Step           Time         Lambda
           2500        5.00000        0.00000

   Energies (kJ/mol)
           Bond          Angle    Proper Dih.          LJ-14     Coulomb-14
    8.84834e-01    3.19928e+00    1.62704e+00    0.00000e+00    1.59739e+01
        LJ (SR)   Coulomb (SR)   Coul. recip.      Potential    Kinetic En.
    0.00000e+00    0.00000e+00   -2.83356e-02    2.16568e+01    1.43502e+01
   Total Energy    Temperature Pressure (bar)  dVpot/dlambda  dEkin/dlambda
    3.60070e+01    3.13805e+02    2.40616e+01   -1.59456e+01    0.00000e+00
  dH/dl constr.   Constr. rmsd  Constr.2 rmsd
    0.00000e+00    8.65807e-07    1.01722e-06

           Step           Time         Lambda
           2600        5.20000        0.00000

   Energies (kJ/mol)
           Bond          Angle    Proper Dih.          LJ-14     Coulomb-14
    3.92672e-02    3.87784e+00    4.17442e+00    0.00000e+00    1.53728e+01
        LJ (SR)   Coulomb (SR)   Coul. recip.      Potential    Kinetic En.
    0.00000e+00    0.00000e+00   -2.69532e-02    2.34374e+01    5.79530e+00
   Total Energy    Temperature Pressure (bar)  dVpot/dlambda  dEkin/dlambda
    2.92327e+01    1.26729e+02   -1.19642e+01   -1.53458e+01    0.00000e+00
  dH/dl constr.   Constr. rmsd  Constr.2 rmsd
    0.00000e+00    5.12739e-07    1.12974e-06

           Step           Time         Lambda
           2700        5.40000        0.00000

   Energies (kJ/mol)
           Bond          Angle    Proper Dih.          LJ-14     Coulomb-14
    4.38804e-02    1.04490e+01    5.00667e-03    0.00000e+00    1.51388e+01
        LJ (SR)   Coulomb (SR)   Coul. recip.      Potential    Kinetic En.
    0.00000e+00    0.00000e+00   -2.37310e-02    2.56130e+01    1.31050e+01
   Total Energy    Temperature Pressure (bar)  dVpot/dlambda  dEkin/dlambda
    3.87180e+01    2.86574e+02   -5.62115e+00   -1.51151e+01    0.00000e+00
  dH/dl constr.   Constr. rmsd  Constr.2 rmsd
    0.00000e+00    4.26611e-06    3.79134e-06

           Step           Time         Lambda
           2800        5.60000        0.00000

   Energies (kJ/mol)
           Bond          Angle    Proper Dih.          LJ-14     Coulomb-14
    3.59662e-01    5.40691e+00    1.47242e-01    0.00000e+00    1.51351e+01
        LJ (SR)   Coulomb (SR)   Coul. recip.      Potential    Kinetic En.
    0.00000e+00    0.00000e+00   -2.53687e-02    2.10235e+01    1.97115e+01
   Total Energy    Temperature Pressure (bar)  dVpot/dlambda  dEkin/dlambda
    4.07350e+01    4.31042e+02    4.92446e+01   -1.51097e+01    0.00000e+00
  dH/dl constr.   Constr. rmsd  Constr.2 rmsd
    0.00000e+00    5.14468e-07    2.98023e-07

Large VCM(group rest):      0.68248,      0.06386,     -0.01602, Temp-cm:  1.36940e+00
           Step           Time         Lambda
           2900        5.80000        0.00000

   Energies (kJ/mol)
           Bond          Angle    Proper Dih.          LJ-14     Coulomb-14
    5.03461e+00    2.98202e+00    1.08420e-02    0.00000e+00    1.54821e+01
        LJ (SR)   Coulomb (SR)   Coul. recip.      Potential    Kinetic En.
    0.00000e+00    0.00000e+00   -3.01275e-02    2.34794e+01    2.64755e+01
   Total Energy    Temperature Pressure (bar)  dVpot/dlambda  dEkin/dlambda
    4.99550e+01    5.78955e+02   -6.42312e+01   -1.54520e+01    0.00000e+00
  dH/dl constr.   Constr. rmsd  Constr.2 rmsd
    0.00000e+00    3.94608e-06    3.84450e-06

           Step           Time         Lambda
           3000        6.00000        0.00000

   Energies (kJ/mol)
           Bond          Angle    Proper Dih.          LJ-14     Coulomb-14
    3.67298e-02    1.32939e+01    7.51969e-02    0.00000e+00    1.58349e+01
        LJ (SR)   Coulomb (SR)   Coul. recip.      Potential    Kinetic En.
    0.00000e+00    0.00000e+00   -2.63715e-02    2.92144e+01    1.45177e+01
   Total Energy    Temperature Pressure (bar)  dVpot/dlambda  dEkin/dlambda
    4.37321e+01    3.17466e+02   -1.19745e+01   -1.58086e+01    0.00000e+00
  dH/dl constr.   Constr. rmsd  Constr.2 rmsd
    0.00000e+00    2.16411e-06    2.25180e-06

           Step           Time         Lambda
           3100        6.20000        0.00000

   Energies (kJ/mol)
           Bond          Angle    Proper Dih.          LJ-14     Coulomb-14
    2.17483e-06    4.79539e+00    1.46729e+00    0.00000e+00    1.48954e+01
        LJ (SR)   Coulomb (SR)   Coul. recip.      Potential    Kinetic En.
    0.00000e+00    0.00000e+00   -2.40231e-02    2.11340e+01    1.70745e+01
   Total Energy    Temperature Pressure (bar)  dVpot/dlambda  dEkin/dlambda
    3.82086e+01    3.73379e+02   -3.85222e-01   -1.48714e+01    0.00000e+00
  dH/dl constr.   Constr. rmsd  Constr.2 rmsd
    0.00000e+00    5.43261e-06    4.89494e-06

           Step           Time         Lambda
           3200        6.40000        0.00000

   Energies (kJ/mol)
           Bond          Angle    Proper Dih.          LJ-14     Coulomb-14
    8.91932e-03    8.40092e+00    3.21381e-01    0.00000e+00    1.59444e+01
        LJ (SR)   Coulomb (SR)   Coul. recip.      Potential    Kinetic En.
    0.00000e+00    0.00000e+00   -3.07050e-02    2.46450e+01    1.22396e+01
   Total Energy    Temperature Pressure (bar)  dVpot/dlambda  dEkin/dlambda
    3.68846e+01    2.67650e+02    2.48794e+01   -1.59137e+01    0.00000e+00
  dH/dl constr.   Constr. rmsd  Constr.2 rmsd
    0.00000e+00    1.66999e-06    1.65316e-06

           Step           Time         Lambda
           3300        6.60000        0.00000

   Energies (kJ/mol)
           Bond          Angle    Proper Dih.          LJ-14     Coulomb-14
    1.94744e+00    1.21850e+01    1.05894e-01    0.00000e+00    1.48394e+01
        LJ (SR)   Coulomb (SR)   Coul. recip.      Potential    Kinetic En.
    0.00000e+00    0.00000e+00   -2.21508e-02    2.90556e+01    9.94206e+00
   Total Energy    Temperature Pressure (bar)  dVpot/dlambda  dEkin/dlambda
    3.89976e+01    2.17409e+02   -4.45120e+01   -1.48172e+01    0.00000e+00
  dH/dl constr.   Constr. rmsd  Constr.2 rmsd
    0.00000e+00    1.96605e-06    2.05009e-06

           Step           Time         Lambda
           3400        6.80000        0.00000

   Energies (kJ/mol)
           Bond          Angle    Proper Dih.          LJ-14     Coulomb-14
    1.07240e+00    7.28446e+00    1.71963e-01    0.00000e+00    1.57346e+01
        LJ (SR)   Coulomb (SR)   Coul. recip.      Potential    Kinetic En.
    0.00000e+00    0.00000e+00   -3.11642e-02    2.42322e+01    1.14572e+01
   Total Energy    Temperature Pressure (bar)  dVpot/dlambda  dEkin/dlambda
    3.56894e+01    2.50540e+02   -2.94353e+01   -1.57034e+01    0.00000e+00
  dH/dl constr.   Constr. rmsd  Constr.2 rmsd
    0.00000e+00    5.47909e-07    6.69724e-07

           Step           Time         Lambda
           3500        7.00000        0.00000

   Energies (kJ/mol)
           Bond          Angle    Proper Dih.          LJ-14     Coulomb-14
    7.10104e-04    6.67609e+00    1.60399e+00    0.00000e+00    1.55751e+01
        LJ (SR)   Coulomb (SR)   Coul. recip.      Potential    Kinetic En.
    0.00000e+00    0.00000e+00   -2.47035e-02    2.38312e+01    1.50872e+01
   Total Energy    Temperature Pressure (bar)  dVpot/dlambda  dEkin/dlambda
    3.89184e+01    3.29920e+02    1.21561e+01   -1.55504e+01    0.00000e+00
  dH/dl constr.   Constr. rmsd  Constr.2 rmsd
    0.00000e+00    1.49873e-06    1.71046e-06

           Step           Time         Lambda
           3600        7.20000        0.00000

   Energies (kJ/mol)
           Bond          Angle    Proper Dih.          LJ-14     Coulomb-14
    7.90025e-02    9.03105e+00    1.64176e+00    0.00000e+00    1.52900e+01
        LJ (SR)   Coulomb (SR)   Coul. recip.      Potential    Kinetic En.
    0.00000e+00    0.00000e+00   -2.45638e-02    2.60173e+01    9.82993e+00
   Total Energy    Temperature Pressure (bar)  dVpot/dlambda  dEkin/dlambda
    3.58472e+01    2.14957e+02   -1.12006e+01   -1.52654e+01    0.00000e+00
  dH/dl constr.   Constr. rmsd  Constr.2 rmsd
    0.00000e+00    2.14597e-06    1.94653e-06

           Step           Time         Lambda
           3700        7.40000        0.00000

   Energies (kJ/mol)
           Bond          Angle    Proper Dih.          LJ-14     Coulomb-14
    9.01231e-01    5.85196e+00    2.78730e+00    0.00000e+00    1.54296e+01
        LJ (SR)   Coulomb (SR)   Coul. recip.      Potential    Kinetic En.
    0.00000e+00    0.00000e+00   -2.85025e-02    2.49416e+01    1.06826e+01
   Total Energy    Temperature Pressure (bar)  dVpot/dlambda  dEkin/dlambda
    3.56242e+01    2.33602e+02   -1.35783e+01   -1.54011e+01    0.00000e+00
  dH/dl constr.   Constr. rmsd  Constr.2 rmsd
    0.00000e+00    3.42403e-07    7.49811e-07

           Step           Time         Lambda
           3800        7.60000        0.00000

   Energies (kJ/mol)
           Bond          Angle    Proper Dih.          LJ-14     Coulomb-14
    2.37718e-01    8.27503e+00    1.33712e-01    0.00000e+00    1.61524e+01
        LJ (SR)   Coulomb (SR)   Coul. recip.      Potential    Kinetic En.
    0.00000e+00    0.00000e+00   -3.32632e-02    2.47656e+01    2.35194e+01
   Total Energy    Temperature Pressure (bar)  dVpot/dlambda  dEkin/dlambda
    4.82850e+01    5.14312e+02   -5.76411e+00   -1.61192e+01    0.00000e+00
  dH/dl constr.   Constr. rmsd  Constr.2 rmsd
    0.00000e+00    4.01757e-06    4.49393e-06

           Step           Time         Lambda
           3900        7.80000        0.00000

   Energies (kJ/mol)
           Bond          Angle    Proper Dih.          LJ-14     Coulomb-14
    8.89872e-01    4.80461e+00    5.23591e-02    0.00000e+00    1.53201e+01
        LJ (SR)   Coulomb (SR)   Coul. recip.      Potential    Kinetic En.
    0.00000e+00    0.00000e+00   -2.81487e-02    2.10388e+01    1.83010e+01
   Total Energy    Temperature Pressure (bar)  dVpot/dlambda  dEkin/dlambda
    3.93398e+01    4.00199e+02   -3.13646e+01   -1.52919e+01    0.00000e+00
  dH/dl constr.   Constr. rmsd  Constr.2 rmsd
    0.00000e+00    1.54427e-06    1.31130e-06

           Step           Time         Lambda
           4000        8.00000        0.00000

   Energies (kJ/mol)
           Bond          Angle    Proper Dih.          LJ-14     Coulomb-14
    1.13207e+00    4.68427e+00    2.84319e+00    0.00000e+00    1.53131e+01
        LJ (SR)   Coulomb (SR)   Coul. recip.      Potential    Kinetic En.
    0.00000e+00    0.00000e+00   -2.52006e-02    2.39474e+01    2.32471e+01
   Total Energy    Temperature Pressure (bar)  dVpot/dlambda  dEkin/dlambda
    4.71945e+01    5.08357e+02    5.21983e+01   -1.52879e+01    0.00000e+00
  dH/dl constr.   Constr. rmsd  Constr.2 rmsd
    0.00000e+00    5.23071e-06    4.84212e-06

           Step           Time         Lambda
           4100        8.20000        0.00000

   Energies (kJ/mol)
           Bond          Angle    Proper Dih.          LJ-14     Coulomb-14
    4.21194e-01    2.69690e+00    3.73412e-01    0.00000e+00    1.50127e+01
        LJ (SR)   Coulomb (SR)   Coul. recip.      Potential    Kinetic En.
    0.00000e+00    0.00000e+00   -2.41847e-02    1.84800e+01    5.23273e+00
   Total Energy    Temperature Pressure (bar)  dVpot/dlambda  dEkin/dlambda
    2.37127e+01    1.14427e+02   -1.12550e+01   -1.49885e+01    0.00000e+00
  dH/dl constr.   Constr. rmsd  Constr.2 rmsd
    0.00000e+00    4.00949e-07    1.46153e-06

           Step           Time         Lambda
           4200        8.40000        0.00000

   Energies (kJ/mol)
           Bond          Angle    Proper Dih.          LJ-14     Coulomb-14
    4.29126e-02    1.29119e+01    7.61981e-01    0.00000e+00    1.56186e+01
        LJ (SR)   Coulomb (SR)   Coul. recip.      Potential    Kinetic En.
    0.00000e+00    0.00000e+00   -2.60673e-02    2.93093e+01    8.82310e+00
   Total Energy    Temperature Pressure (bar)  dVpot/dlambda  dEkin/dlambda
    3.81324e+01    1.92940e+02    1.30416e+01   -1.55925e+01    0.00000e+00
  dH/dl constr.   Constr. rmsd  Constr.2 rmsd
    0.00000e+00    2.69872e-07    7.03360e-07

           Step           Time         Lambda
           4300        8.60000        0.00000

   Energies (kJ/mol)
           Bond          Angle    Proper Dih.          LJ-14     Coulomb-14
    1.09900e-01    4.59346e+00    1.26986e+00    0.00000e+00    1.58165e+01
        LJ (SR)   Coulomb (SR)   Coul. recip.      Potential    Kinetic En.
    0.00000e+00    0.00000e+00   -2.80647e-02    2.17617e+01    1.50927e+01
   Total Energy    Temperature Pressure (bar)  dVpot/dlambda  dEkin/dlambda
    3.68544e+01    3.30041e+02    1.42823e+01   -1.57885e+01    0.00000e+00
  dH/dl constr.   Constr. rmsd  Constr.2 rmsd
    0.00000e+00    1.36701e-06    1.25630e-06

           Step           Time         Lambda
           4400        8.80000        0.00000

   Energies (kJ/mol)
           Bond          Angle    Proper Dih.          LJ-14     Coulomb-14
    8.73760e-04    1.19792e+01    5.36548e-02    0.00000e+00    1.67124e+01
        LJ (SR)   Coulomb (SR)   Coul. recip.      Potential    Kinetic En.
    0.00000e+00    0.00000e+00   -3.44462e-02    2.87117e+01    8.50966e+00
   Total Energy    Temperature Pressure (bar)  dVpot/dlambda  dEkin/dlambda
    3.72214e+01    1.86086e+02    1.56461e+00   -1.66780e+01    0.00000e+00
  dH/dl constr.   Constr. rmsd  Constr.2 rmsd
    0.00000e+00    1.24957e-06    1.17936e-06

           Step           Time         Lambda
           4500        9.00000        0.00000

   Energies (kJ/mol)
           Bond          Angle    Proper Dih.          LJ-14     Coulomb-14
    2.34849e+00    1.51557e+01    1.62996e+00    0.00000e+00    1.45872e+01
        LJ (SR)   Coulomb (SR)   Coul. recip.      Potential    Kinetic En.
    0.00000e+00    0.00000e+00   -2.22423e-02    3.36992e+01    1.68515e+01
   Total Energy    Temperature Pressure (bar)  dVpot/dlambda  dEkin/dlambda
    5.05507e+01    3.68502e+02   -5.01551e+01   -1.45650e+01    0.00000e+00
  dH/dl constr.   Constr. rmsd  Constr.2 rmsd
    0.00000e+00    3.87040e-06    3.92509e-06

           Step           Time         Lambda
           4600        9.20000        0.00000

   Energies (kJ/mol)
           Bond          Angle    Proper Dih.          LJ-14     Coulomb-14
    1.14968e-01    5.34855e+00    3.26203e-01    0.00000e+00    1.55470e+01
        LJ (SR)   Coulomb (SR)   Coul. recip.      Potential    Kinetic En.
    0.00000e+00    0.00000e+00   -2.62027e-02    2.13105e+01    1.68544e+01
   Total Energy    Temperature Pressure (bar)  dVpot/dlambda  dEkin/dlambda
    3.81650e+01    3.68565e+02    2.18139e+01   -1.55208e+01    0.00000e+00
  dH/dl constr.   Constr. rmsd  Constr.2 rmsd
    0.00000e+00    1.67477e-06    2.07271e-06

           Step           Time         Lambda
           4700        9.40000        0.00000

   Energies (kJ/mol)
           Bond          Angle    Proper Dih.          LJ-14     Coulomb-14
    1.00446e-03    3.34419e+00    2.27342e-01    0.00000e+00    1.50011e+01
        LJ (SR)   Coulomb (SR)   Coul. recip.      Potential    Kinetic En.
    0.00000e+00    0.00000e+00   -2.50194e-02    1.85486e+01    6.73532e+00
   Total Energy    Temperature Pressure (bar)  dVpot/dlambda  dEkin/dlambda
    2.52840e+01    1.47285e+02   -1.24212e+00   -1.49761e+01    0.00000e+00
  dH/dl constr.   Constr. rmsd  Constr.2 rmsd
    0.00000e+00    7.30005e-07    8.39241e-07

           Step           Time         Lambda
           4800        9.60000        0.00000

   Energies (kJ/mol)
           Bond          Angle    Proper Dih.          LJ-14     Coulomb-14
    1.77105e-01    1.68807e+00    2.73424e-02    0.00000e+00    1.59400e+01
        LJ (SR)   Coulomb (SR)   Coul. recip.      Potential    Kinetic En.
    0.00000e+00    0.00000e+00   -2.91066e-02    1.78034e+01    1.16253e+01
   Total Energy    Temperature Pressure (bar)  dVpot/dlambda  dEkin/dlambda
    2.94288e+01    2.54218e+02    2.12222e+01   -1.59109e+01    0.00000e+00
  dH/dl constr.   Constr. rmsd  Constr.2 rmsd
    0.00000e+00    5.88549e-07    1.11749e-06

Large VCM(group rest):     -0.52256,      0.07640,     -0.30898, Temp-cm:  1.09053e+00
           Step           Time         Lambda
           4900        9.80000        0.00000

   Energies (kJ/mol)
           Bond          Angle    Proper Dih.          LJ-14     Coulomb-14
    2.29276e+00    3.99404e+00    1.41797e-02    0.00000e+00    1.58278e+01
        LJ (SR)   Coulomb (SR)   Coul. recip.      Potential    Kinetic En.
    0.00000e+00    0.00000e+00   -3.09429e-02    2.20978e+01    8.96256e+00
   Total Energy    Temperature Pressure (bar)  dVpot/dlambda  dEkin/dlambda
    3.10604e+01    1.95989e+02   -4.54732e+01   -1.57968e+01    0.00000e+00
  dH/dl constr.   Constr. rmsd  Constr.2 rmsd
    0.00000e+00    7.45654e-07    7.18353e-07

           Step           Time         Lambda
           5000       10.00000        0.00000

Writing checkpoint, step 5000 at Mon May 22 21:35:27 2017


   Energies (kJ/mol)
           Bond          Angle    Proper Dih.          LJ-14     Coulomb-14
    1.43703e-01    7.61454e+00    4.89298e-01    0.00000e+00    1.50725e+01
        LJ (SR)   Coulomb (SR)   Coul. recip.      Potential    Kinetic En.
    0.00000e+00    0.00000e+00   -2.35858e-02    2.32965e+01    2.04091e+01
   Total Energy    Temperature Pressure (bar)  dVpot/dlambda  dEkin/dlambda
    4.37055e+01    4.46297e+02   -5.64477e+00   -1.50489e+01    0.00000e+00
  dH/dl constr.   Constr. rmsd  Constr.2 rmsd
    0.00000e+00    9.15179e-07    7.25122e-07

	<======  ###############  ==>
	<====  A V E R A G E S  ====>
	<==  ###############  ======>

	Statistics over 5001 steps using 501 frames

   Energies (kJ/mol)
           Bond          Angle    Proper Dih.          LJ-14     Coulomb-14
    1.29593e+00    7.34711e+00    1.19972e+00    0.00000e+00    1.54143e+01
        LJ (SR)   Coulomb (SR)   Coul. recip.      Potential    Kinetic En.
    0.00000e+00    0.00000e+00   -2.63772e-02    2.52307e+01    1.46064e+01
   Total Energy    Temperature Pressure (bar)  dVpot/dlambda  dEkin/dlambda
    3.98371e+01    3.19405e+02    1.44060e+00   -1.53880e+01    0.00000e+00
  dH/dl constr.   Constr. rmsd  Constr.2 rmsd
    0.00000e+00    0.00000e+00    0.00000e+00

   Total Virial (kJ/mol)
    2.88919e+00   -2.32718e-01    4.28617e-01
   -2.32722e-01    4.27647e+00    7.44124e-01
    4.28614e-01    7.44124e-01    4.92345e+00

   Pressure (bar)
    3.31765e+00    2.26829e-01   -9.13432e-01
    2.26837e-01    8.06867e-01   -7.95154e-01
   -9.13428e-01   -7.95154e-01    1.97280e-01

   Total Dipole (D)
    2.14777e-01    1.43035e-01   -2.76068e-01


	M E G A - F L O P S   A C C O U N T I N G

   RF=Reaction-Field  FE=Free Energy  SCFE=Soft-Core/Free Energy
   T=Tabulated        W3=SPC/TIP3p    W4=TIP4p (single or pairs)
   NF=No Forces

 Computing:                               M-Number         M-Flops  % Flops
-----------------------------------------------------------------------------
 1,4 nonbonded interactions               0.024021           2.162     0.0
 Calc Weights                             0.090018           3.241     0.0
 Spread Q Bspline                        12.962592          25.925     0.0
 Gather F Bspline                        12.962592          77.776     0.1
 3D-FFT                                6333.126372       50665.011    86.9
 Solve PME                              117.623520        7527.905    12.9
 NS-Pairs                                 0.010521           0.221     0.0
 Reset In Box                             0.003006           0.009     0.0
 Shift-X                                  0.060012           0.360     0.0
 CG-CoM                                   0.003006           0.009     0.0
 Bonds                                    0.005001           0.295     0.0
 Angles                                   0.035007           5.881     0.0
 Propers                                  0.015003           3.436     0.0
 Virial                                   0.025551           0.460     0.0
 Update                                   0.030006           0.930     0.0
 Stop-CM                                  0.003006           0.030     0.0
 Calc-Ekin                                0.030012           0.810     0.0
 Lincs                                    0.040008           2.400     0.0
 Lincs-Mat                                0.840168           3.361     0.0
 Constraint-V                             0.040008           0.320     0.0
 Constraint-Vir                           0.002004           0.048     0.0
-----------------------------------------------------------------------------
 Total                                                   58320.590   100.0
-----------------------------------------------------------------------------


     R E A L   C Y C L E   A N D   T I M E   A C C O U N T I N G

 Computing:         Nodes     Number     G-Cycles    Seconds     %
-----------------------------------------------------------------------
 Neighbor search        1        501        0.005        0.0     0.1
 Force                  1       5001        0.066        0.0     0.7
 PME mesh               1       5001        8.599        3.2    97.2
 Write traj.            1         51        0.106        0.0     1.2
 Update                 1       5001        0.010        0.0     0.1
 Constraints            1      10002        0.023        0.0     0.3
 Rest                   1                   0.041        0.0     0.5
-----------------------------------------------------------------------
 Total                  1                   8.849        3.3   100.0
-----------------------------------------------------------------------
-----------------------------------------------------------------------
 PME spread/gather      1      20004        0.909        0.3    10.3
 PME 3D-FFT             1      20004        5.870        2.2    66.3
 PME solve              1      10002        1.811        0.7    20.5
-----------------------------------------------------------------------

               NODE (s)   Real (s)      (%)
       Time:      3.244      3.285     98.8
               (Mnbf/s)   (GFlops)   (ns/day)  (hour/ns)
Performance:      0.000     17.977    266.374      0.090
Finished mdrun on node 0 Mon May 22 21:35:27 2017
