Log file opened on Wed May 17 19:08:33 2017
Host: huntsman-ve565-2353.apn.wlan.upenn.edu  pid: 47191  nodeid: 0  nnodes:  1
The Gromacs distribution was built Tue Mar 14 13:14:50 EDT 2017 by
nick@huntsman-ve565-0253.apn.wlan.upenn.edu (Darwin 14.5.0 x86_64)


                         :-)  G  R  O  M  A  C  S  (-:

                Gravel Rubs Often Many Awfully Cauterized Sores

                            :-)  VERSION 4.5.3  (-:

        Written by Emile Apol, Rossen Apostolov, Herman J.C. Berendsen,
      Aldert van Buuren, Pär Bjelkmar, Rudi van Drunen, Anton Feenstra, 
        Gerrit Groenhof, Peter Kasson, Per Larsson, Pieter Meulenhoff, 
           Teemu Murtola, Szilard Pall, Sander Pronk, Roland Schulz, 
                Michael Shirts, Alfons Sijbers, Peter Tieleman,

               Berk Hess, David van der Spoel, and Erik Lindahl.

       Copyright (c) 1991-2000, University of Groningen, The Netherlands.
            Copyright (c) 2001-2010, The GROMACS development team at
        Uppsala University & The Royal Institute of Technology, Sweden.
            check out http://www.gromacs.org for more information.

         This program is free software; you can redistribute it and/or
          modify it under the terms of the GNU General Public License
         as published by the Free Software Foundation; either version 2
             of the License, or (at your option) any later version.

                                :-)  mdrun  (-:


++++ PLEASE READ AND CITE THE FOLLOWING REFERENCE ++++
B. Hess and C. Kutzner and D. van der Spoel and E. Lindahl
GROMACS 4: Algorithms for highly efficient, load-balanced, and scalable
molecular simulation
J. Chem. Theory Comput. 4 (2008) pp. 435-447
-------- -------- --- Thank You --- -------- --------


++++ PLEASE READ AND CITE THE FOLLOWING REFERENCE ++++
D. van der Spoel, E. Lindahl, B. Hess, G. Groenhof, A. E. Mark and H. J. C.
Berendsen
GROMACS: Fast, Flexible and Free
J. Comp. Chem. 26 (2005) pp. 1701-1719
-------- -------- --- Thank You --- -------- --------


++++ PLEASE READ AND CITE THE FOLLOWING REFERENCE ++++
E. Lindahl and B. Hess and D. van der Spoel
GROMACS 3.0: A package for molecular simulation and trajectory analysis
J. Mol. Mod. 7 (2001) pp. 306-317
-------- -------- --- Thank You --- -------- --------


++++ PLEASE READ AND CITE THE FOLLOWING REFERENCE ++++
H. J. C. Berendsen, D. van der Spoel and R. van Drunen
GROMACS: A message-passing parallel molecular dynamics implementation
Comp. Phys. Comm. 91 (1995) pp. 43-56
-------- -------- --- Thank You --- -------- --------

Input Parameters:
   integrator           = md
   nsteps               = 500
   init_step            = 0
   ns_type              = Grid
   nstlist              = 10
   ndelta               = 2
   nstcomm              = 0
   comm_mode            = None
   nstlog               = 500
   nstxout              = 10
   nstvout              = 10
   nstfout              = 10
   nstcalcenergy        = 10
   nstenergy            = 10
   nstxtcout            = 0
   init_t               = 0
   delta_t              = 0.002
   xtcprec              = 1000
   nkx                  = 100
   nky                  = 100
   nkz                  = 100
   pme_order            = 6
   ewald_rtol           = 1e-06
   ewald_geometry       = 0
   epsilon_surface      = 0
   optimize_fft         = FALSE
   ePBC                 = xyz
   bPeriodicMols        = FALSE
   bContinuation        = FALSE
   bShakeSOR            = FALSE
   etc                  = V-rescale
   nsttcouple           = 10
   epc                  = No
   epctype              = Isotropic
   nstpcouple           = -1
   tau_p                = 1
   ref_p (3x3):
      ref_p[    0]={ 0.00000e+00,  0.00000e+00,  0.00000e+00}
      ref_p[    1]={ 0.00000e+00,  0.00000e+00,  0.00000e+00}
      ref_p[    2]={ 0.00000e+00,  0.00000e+00,  0.00000e+00}
   compress (3x3):
      compress[    0]={ 0.00000e+00,  0.00000e+00,  0.00000e+00}
      compress[    1]={ 0.00000e+00,  0.00000e+00,  0.00000e+00}
      compress[    2]={ 0.00000e+00,  0.00000e+00,  0.00000e+00}
   refcoord_scaling     = No
   posres_com (3):
      posres_com[0]= 0.00000e+00
      posres_com[1]= 0.00000e+00
      posres_com[2]= 0.00000e+00
   posres_comB (3):
      posres_comB[0]= 0.00000e+00
      posres_comB[1]= 0.00000e+00
      posres_comB[2]= 0.00000e+00
   andersen_seed        = 815131
   rlist                = 1.2
   rlistlong            = 1.2
   rtpi                 = 0.05
   coulombtype          = Ewald
   rcoulomb_switch      = 0
   rcoulomb             = 1.2
   vdwtype              = Cut-off
   rvdw_switch          = 0
   rvdw                 = 1.2
   epsilon_r            = 1
   epsilon_rf           = 1
   tabext               = 1
   implicit_solvent     = No
   gb_algorithm         = Still
   gb_epsilon_solvent   = 80
   nstgbradii           = 1
   rgbradii             = 1
   gb_saltconc          = 0
   gb_obc_alpha         = 1
   gb_obc_beta          = 0.8
   gb_obc_gamma         = 4.85
   gb_dielectric_offset = 0.009
   sa_algorithm         = Ace-approximation
   sa_surface_tension   = 2.05016
   DispCorr             = No
   free_energy          = no
   init_lambda          = 0
   delta_lambda         = 0
   n_foreign_lambda     = 0
   sc_alpha             = 0
   sc_power             = 0
   sc_sigma             = 0.3
   sc_sigma_min         = 0.3
   nstdhdl              = 10
   separate_dhdl_file   = yes
   dhdl_derivatives     = yes
   dh_hist_size         = 0
   dh_hist_spacing      = 0.1
   nwall                = 0
   wall_type            = 9-3
   wall_atomtype[0]     = -1
   wall_atomtype[1]     = -1
   wall_density[0]      = 0
   wall_density[1]      = 0
   wall_ewald_zfac      = 3
   pull                 = no
   disre                = No
   disre_weighting      = Conservative
   disre_mixed          = FALSE
   dr_fc                = 1000
   dr_tau               = 0
   nstdisreout          = 100
   orires_fc            = 0
   orires_tau           = 0
   nstorireout          = 100
   dihre-fc             = 1000
   em_stepsize          = 0.01
   em_tol               = 10
   niter                = 20
   fc_stepsize          = 0
   nstcgsteep           = 1000
   nbfgscorr            = 10
   ConstAlg             = Lincs
   shake_tol            = 0.0001
   lincs_order          = 4
   lincs_warnangle      = 30
   lincs_iter           = 1
   bd_fric              = 0
   ld_seed              = 1993
   cos_accel            = 0
   deform (3x3):
      deform[    0]={ 0.00000e+00,  0.00000e+00,  0.00000e+00}
      deform[    1]={ 0.00000e+00,  0.00000e+00,  0.00000e+00}
      deform[    2]={ 0.00000e+00,  0.00000e+00,  0.00000e+00}
   userint1             = 0
   userint2             = 0
   userint3             = 0
   userint4             = 0
   userreal1            = 0
   userreal2            = 0
   userreal3            = 0
   userreal4            = 0
grpopts:
   nrdf:           6
   ref_t:         300
   tau_t:         0.5
anneal:          No
ann_npoints:           0
   acc:	           0           0           0
   nfreeze:           N           N           N
   energygrp_flags[  0]: 0
   efield-x:
      n = 0
   efield-xt:
      n = 0
   efield-y:
      n = 0
   efield-yt:
      n = 0
   efield-z:
      n = 0
   efield-zt:
      n = 0
   bQMMM                = FALSE
   QMconstraints        = 0
   QMMMscheme           = 0
   scalefactor          = 1
qm_opts:
   ngQM                 = 0
Table routines are used for coulomb: TRUE
Table routines are used for vdw:     FALSE
Will do ordinary reciprocal space Ewald sum.
Using a Gaussian width (1/beta) of 0.34693 nm for Ewald
Cut-off's:   NS: 1.2   Coulomb: 1.2   LJ: 1.2
System total charge: 0.000
Generated table with 1100 data points for Ewald.
Tabscale = 500 points/nm
Generated table with 1100 data points for LJ6.
Tabscale = 500 points/nm
Generated table with 1100 data points for LJ12.
Tabscale = 500 points/nm
Configuring nonbonded kernels...
Configuring standard C nonbonded kernels...
Testing x86_64 SSE2 support... present.


Removing pbc first time

++++ PLEASE READ AND CITE THE FOLLOWING REFERENCE ++++
G. Bussi, D. Donadio and M. Parrinello
Canonical sampling through velocity rescaling
J. Chem. Phys. 126 (2007) pp. 014101
-------- -------- --- Thank You --- -------- --------

There are: 2 Atoms
Max number of connections per atom is 0
Total number of connections is 0
Initial temperature: 320.712 K

Started mdrun on node 0 Wed May 17 19:08:33 2017

           Step           Time         Lambda
              0        0.00000        0.00000

Grid: 8 x 8 x 8 cells
   Energies (kJ/mol)
        LJ (SR)   Coulomb (SR)   Coul. recip.      Potential    Kinetic En.
            nan            nan   -4.51883e+00            nan            nan
   Total Energy  Conserved En.    Temperature Pressure (bar)
            nan            nan            nan            nan

           Step           Time         Lambda
             10        0.02000        0.00000

   Energies (kJ/mol)
        LJ (SR)   Coulomb (SR)   Coul. recip.      Potential    Kinetic En.
    7.37591e+13   -6.49589e+01   -4.51383e+00    7.37591e+13    2.06572e+27
   Total Energy  Conserved En.    Temperature Pressure (bar)
    2.06572e+27    2.06572e+27    8.28157e+28    2.28680e+25

           Step           Time         Lambda
             20        0.04000        0.00000

   Energies (kJ/mol)
        LJ (SR)   Coulomb (SR)   Coul. recip.      Potential    Kinetic En.
    1.80075e+10   -3.02375e+01   -4.49890e+00    1.80075e+10    3.07814e+19
   Total Energy  Conserved En.    Temperature Pressure (bar)
    3.07814e+19    3.07814e+19    1.23404e+21    3.40758e+17

           Step           Time         Lambda
             30        0.06000        0.00000

   Energies (kJ/mol)
        LJ (SR)   Coulomb (SR)   Coul. recip.      Potential    Kinetic En.
    1.38780e+08   -1.86834e+01   -4.47421e+00    1.38780e+08    8.12616e+14
   Total Energy  Conserved En.    Temperature Pressure (bar)
    8.12616e+14    8.12616e+14    3.25782e+16    8.99588e+12

           Step           Time         Lambda
             40        0.08000        0.00000

   Energies (kJ/mol)
        LJ (SR)   Coulomb (SR)   Coul. recip.      Potential    Kinetic En.
    4.39448e+06   -1.29282e+01   -4.44004e+00    4.39446e+06    4.58483e+11
   Total Energy  Conserved En.    Temperature Pressure (bar)
    4.58487e+11    4.58487e+11    1.83808e+13    5.07582e+09

           Step           Time         Lambda
             50        0.10000        0.00000

   Energies (kJ/mol)
        LJ (SR)   Coulomb (SR)   Coul. recip.      Potential    Kinetic En.
    3.01618e+05   -9.49779e+00   -4.39682e+00    3.01604e+05    1.38401e+09
   Total Energy  Conserved En.    Temperature Pressure (bar)
    1.38431e+09    1.38431e+09    5.54858e+10    1.53414e+07

           Step           Time         Lambda
             60        0.12000        0.00000

   Energies (kJ/mol)
        LJ (SR)   Coulomb (SR)   Coul. recip.      Potential    Kinetic En.
    3.37171e+04   -7.23386e+00   -4.34501e+00    3.37055e+04    1.20528e+07
   Total Energy  Conserved En.    Temperature Pressure (bar)
    1.20865e+07    1.20865e+07    4.83203e+08    1.35673e+05

           Step           Time         Lambda
             70        0.14000        0.00000

   Energies (kJ/mol)
        LJ (SR)   Coulomb (SR)   Coul. recip.      Potential    Kinetic En.
    5.26254e+03   -5.63957e+00   -4.28521e+00    5.25262e+03    2.17712e+05
   Total Energy  Conserved En.    Temperature Pressure (bar)
    2.22964e+05    2.22964e+05    8.72818e+06    2.76182e+03

           Step           Time         Lambda
             80        0.16000        0.00000

   Energies (kJ/mol)
        LJ (SR)   Coulomb (SR)   Coul. recip.      Potential    Kinetic En.
    1.04354e+03   -4.46615e+00   -4.21807e+00    1.03486e+03    6.72473e+03
   Total Energy  Conserved En.    Temperature Pressure (bar)
    7.75959e+03    7.75959e+03    2.69598e+05    1.44700e+02

           Step           Time         Lambda
             90        0.18000        0.00000

   Energies (kJ/mol)
        LJ (SR)   Coulomb (SR)   Coul. recip.      Potential    Kinetic En.
    2.46464e+02   -3.57504e+00   -4.14431e+00    2.38744e+02    3.25329e+02
   Total Energy  Conserved En.    Temperature Pressure (bar)
    5.64074e+02    5.64074e+02    1.30426e+04    2.04173e+01

           Step           Time         Lambda
            100        0.20000        0.00000

   Energies (kJ/mol)
        LJ (SR)   Coulomb (SR)   Coul. recip.      Potential    Kinetic En.
    6.59493e+01   -2.88277e+00   -4.06469e+00    5.90018e+01    3.03785e+01
   Total Energy  Conserved En.    Temperature Pressure (bar)
    8.93803e+01    8.93803e+01    1.21789e+03    4.93768e+00

           Step           Time         Lambda
            110        0.22000        0.00000

   Energies (kJ/mol)
        LJ (SR)   Coulomb (SR)   Coul. recip.      Potential    Kinetic En.
    1.90935e+01   -2.33593e+00   -3.98001e+00    1.27775e+01    1.04867e+01
   Total Energy  Conserved En.    Temperature Pressure (bar)
    2.32642e+01    2.32642e+01    4.20416e+02    1.49576e+00

           Step           Time         Lambda
            120        0.24000        0.00000

   Energies (kJ/mol)
        LJ (SR)   Coulomb (SR)   Coul. recip.      Potential    Kinetic En.
    5.65707e+00   -1.89862e+00   -3.89105e+00   -1.32597e-01    8.43465e+00
   Total Energy  Conserved En.    Temperature Pressure (bar)
    8.30205e+00    8.30205e+00    3.38150e+02    5.23943e-01

           Step           Time         Lambda
            130        0.26000        0.00000

   Energies (kJ/mol)
        LJ (SR)   Coulomb (SR)   Coul. recip.      Potential    Kinetic En.
    1.54787e+00   -1.54575e+00   -3.79862e+00   -3.79650e+00    8.09614e+00
   Total Energy  Conserved En.    Temperature Pressure (bar)
    4.29965e+00    4.29965e+00    3.24579e+02    2.16594e-01

           Step           Time         Lambda
            140        0.28000        0.00000

   Energies (kJ/mol)
        LJ (SR)   Coulomb (SR)   Coul. recip.      Potential    Kinetic En.
    2.63775e-01   -1.25917e+00   -3.70350e+00   -4.69890e+00    8.01577e+00
   Total Energy  Conserved En.    Temperature Pressure (bar)
    3.31688e+00    3.31688e+00    3.21357e+02    1.13238e-01

           Step           Time         Lambda
            150        0.30000        0.00000

   Energies (kJ/mol)
        LJ (SR)   Coulomb (SR)   Coul. recip.      Potential    Kinetic En.
   -1.17153e-01   -1.02541e+00   -3.60654e+00   -4.74910e+00    7.99333e+00
   Total Energy  Conserved En.    Temperature Pressure (bar)
    3.24423e+00    3.24423e+00    3.20457e+02    7.78412e-02

           Step           Time         Lambda
            160        0.32000        0.00000

   Energies (kJ/mol)
        LJ (SR)   Coulomb (SR)   Coul. recip.      Potential    Kinetic En.
   -2.03460e-01   -8.34180e-01   -3.50832e+00   -4.54596e+00    7.98739e+00
   Total Energy  Conserved En.    Temperature Pressure (bar)
    3.44143e+00    3.44143e+00    3.20219e+02    6.63343e-02

           Step           Time         Lambda
            170        0.34000        0.00000

   Energies (kJ/mol)
        LJ (SR)   Coulomb (SR)   Coul. recip.      Potential    Kinetic En.
   -1.96958e-01   -6.77517e-01   -3.40962e+00   -4.28409e+00    7.98663e+00
   Total Energy  Conserved En.    Temperature Pressure (bar)
    3.70253e+00    3.70253e+00    3.20188e+02    6.34563e-02

           Step           Time         Lambda
            180        0.36000        0.00000

   Energies (kJ/mol)
        LJ (SR)   Coulomb (SR)   Coul. recip.      Potential    Kinetic En.
   -1.65860e-01   -5.49110e-01   -3.31102e+00   -4.02599e+00    7.98744e+00
   Total Energy  Conserved En.    Temperature Pressure (bar)
    3.96145e+00    3.96145e+00    3.20221e+02    6.36677e-02

           Step           Time         Lambda
            190        0.38000        0.00000

   Energies (kJ/mol)
        LJ (SR)   Coulomb (SR)   Coul. recip.      Potential    Kinetic En.
   -1.32680e-01   -4.43910e-01   -3.21314e+00   -3.78973e+00    7.98864e+00
   Total Energy  Conserved En.    Temperature Pressure (bar)
    4.19891e+00    4.19891e+00    3.20269e+02    6.48964e-02

           Step           Time         Lambda
            200        0.40000        0.00000

   Energies (kJ/mol)
        LJ (SR)   Coulomb (SR)   Coul. recip.      Potential    Kinetic En.
   -1.04022e-01   -3.57823e-01   -3.11647e+00   -3.57832e+00    7.98983e+00
   Total Energy  Conserved En.    Temperature Pressure (bar)
    4.41152e+00    4.41152e+00    3.20317e+02    6.63641e-02

           Step           Time         Lambda
            210        0.42000        0.00000

   Energies (kJ/mol)
        LJ (SR)   Coulomb (SR)   Coul. recip.      Potential    Kinetic En.
   -8.10328e-02   -2.87505e-01   -3.02140e+00   -3.38994e+00    7.99089e+00
   Total Energy  Conserved En.    Temperature Pressure (bar)
    4.60096e+00    4.60096e+00    3.20359e+02    6.77902e-02

           Step           Time         Lambda
            220        0.44000        0.00000

   Energies (kJ/mol)
        LJ (SR)   Coulomb (SR)   Coul. recip.      Potential    Kinetic En.
   -6.31446e-02   -2.30200e-01   -2.92839e+00   -3.22174e+00    7.99181e+00
   Total Energy  Conserved En.    Temperature Pressure (bar)
    4.77007e+00    4.77007e+00    3.20396e+02    6.90857e-02

           Step           Time         Lambda
            230        0.46000        0.00000

   Energies (kJ/mol)
        LJ (SR)   Coulomb (SR)   Coul. recip.      Potential    Kinetic En.
   -4.93909e-02   -1.83631e-01   -2.83772e+00   -3.07075e+00    7.99259e+00
   Total Energy  Conserved En.    Temperature Pressure (bar)
    4.92184e+00    4.92184e+00    3.20427e+02    7.02321e-02

           Step           Time         Lambda
            240        0.48000        0.00000

   Energies (kJ/mol)
        LJ (SR)   Coulomb (SR)   Coul. recip.      Potential    Kinetic En.
   -3.88477e-02   -1.45906e-01   -2.74971e+00   -2.93447e+00    7.99326e+00
   Total Energy  Conserved En.    Temperature Pressure (bar)
    5.05879e+00    5.05879e+00    3.20454e+02    7.12411e-02

           Step           Time         Lambda
            250        0.50000        0.00000

   Energies (kJ/mol)
        LJ (SR)   Coulomb (SR)   Coul. recip.      Potential    Kinetic En.
   -3.07518e-02   -1.15454e-01   -2.66450e+00   -2.81071e+00    7.99383e+00
   Total Energy  Conserved En.    Temperature Pressure (bar)
    5.18312e+00    5.18312e+00    3.20477e+02    7.21310e-02

           Step           Time         Lambda
            260        0.52000        0.00000

   Energies (kJ/mol)
        LJ (SR)   Coulomb (SR)   Coul. recip.      Potential    Kinetic En.
   -2.45086e-02   -9.09652e-02   -2.58218e+00   -2.69766e+00    7.99432e+00
   Total Energy  Conserved En.    Temperature Pressure (bar)
    5.29667e+00    5.29667e+00    3.20497e+02    7.29199e-02

           Step           Time         Lambda
            270        0.54000        0.00000

   Energies (kJ/mol)
        LJ (SR)   Coulomb (SR)   Coul. recip.      Potential    Kinetic En.
   -1.96672e-02   -7.13524e-02   -2.50290e+00   -2.59392e+00    7.99475e+00
   Total Energy  Conserved En.    Temperature Pressure (bar)
    5.40083e+00    5.40083e+00    3.20514e+02    7.36235e-02

           Step           Time         Lambda
            280        0.56000        0.00000

   Energies (kJ/mol)
        LJ (SR)   Coulomb (SR)   Coul. recip.      Potential    Kinetic En.
   -1.58891e-02   -5.57122e-02   -2.42676e+00   -2.49836e+00    7.99513e+00
   Total Energy  Conserved En.    Temperature Pressure (bar)
    5.49677e+00    5.49677e+00    3.20529e+02    7.42551e-02

           Step           Time         Lambda
            290        0.58000        0.00000

   Energies (kJ/mol)
        LJ (SR)   Coulomb (SR)   Coul. recip.      Potential    Kinetic En.
   -1.29213e-02   -4.32957e-02   -2.35364e+00   -2.40986e+00    7.99546e+00
   Total Energy  Conserved En.    Temperature Pressure (bar)
    5.58560e+00    5.58560e+00    3.20542e+02    7.48278e-02

           Step           Time         Lambda
            300        0.60000        0.00000

   Energies (kJ/mol)
        LJ (SR)   Coulomb (SR)   Coul. recip.      Potential    Kinetic En.
   -1.05743e-02   -3.34846e-02   -2.28368e+00   -2.32773e+00    7.99576e+00
   Total Energy  Conserved En.    Temperature Pressure (bar)
    5.66802e+00    5.66802e+00    3.20554e+02    7.53478e-02

           Step           Time         Lambda
            310        0.62000        0.00000

   Energies (kJ/mol)
        LJ (SR)   Coulomb (SR)   Coul. recip.      Potential    Kinetic En.
   -8.70618e-03   -2.57694e-02   -2.21677e+00   -2.25125e+00    7.99602e+00
   Total Energy  Conserved En.    Temperature Pressure (bar)
    5.74477e+00    5.74477e+00    3.20565e+02    7.58247e-02

           Step           Time         Lambda
            320        0.64000        0.00000

   Energies (kJ/mol)
        LJ (SR)   Coulomb (SR)   Coul. recip.      Potential    Kinetic En.
   -7.20954e-03   -1.97326e-02   -2.15286e+00   -2.17980e+00    7.99626e+00
   Total Energy  Conserved En.    Temperature Pressure (bar)
    5.81645e+00    5.81645e+00    3.20574e+02    7.62625e-02

           Step           Time         Lambda
            330        0.66000        0.00000

   Energies (kJ/mol)
        LJ (SR)   Coulomb (SR)   Coul. recip.      Potential    Kinetic En.
   -6.00307e-03   -1.50330e-02   -2.09186e+00   -2.11290e+00    7.99647e+00
   Total Energy  Conserved En.    Temperature Pressure (bar)
    5.88358e+00    5.88358e+00    3.20583e+02    7.66678e-02

           Step           Time         Lambda
            340        0.68000        0.00000

   Energies (kJ/mol)
        LJ (SR)   Coulomb (SR)   Coul. recip.      Potential    Kinetic En.
   -5.02467e-03   -1.13935e-02   -2.03362e+00   -2.05004e+00    7.99667e+00
   Total Energy  Conserved En.    Temperature Pressure (bar)
    5.94663e+00    5.94663e+00    3.20591e+02    7.70454e-02

           Step           Time         Lambda
            350        0.70000        0.00000

   Energies (kJ/mol)
        LJ (SR)   Coulomb (SR)   Coul. recip.      Potential    Kinetic En.
   -4.22668e-03   -8.58975e-03   -1.97813e+00   -1.99095e+00    7.99684e+00
   Total Energy  Conserved En.    Temperature Pressure (bar)
    6.00590e+00    6.00590e+00    3.20598e+02    7.73955e-02

           Step           Time         Lambda
            360        0.72000        0.00000

   Energies (kJ/mol)
        LJ (SR)   Coulomb (SR)   Coul. recip.      Potential    Kinetic En.
   -3.57224e-03   -6.44157e-03   -1.92523e+00   -1.93524e+00    7.99700e+00
   Total Energy  Conserved En.    Temperature Pressure (bar)
    6.06176e+00    6.06176e+00    3.20604e+02    7.77227e-02

           Step           Time         Lambda
            370        0.74000        0.00000

   Energies (kJ/mol)
        LJ (SR)   Coulomb (SR)   Coul. recip.      Potential    Kinetic En.
   -3.03272e-03   -4.80463e-03   -1.87477e+00   -1.88260e+00    7.99715e+00
   Total Energy  Conserved En.    Temperature Pressure (bar)
    6.11455e+00    6.11455e+00    3.20610e+02    7.80307e-02

           Step           Time         Lambda
            380        0.76000        0.00000

   Energies (kJ/mol)
        LJ (SR)   Coulomb (SR)   Coul. recip.      Potential    Kinetic En.
   -2.58570e-03   -3.56421e-03   -1.82673e+00   -1.83288e+00    7.99728e+00
   Total Energy  Conserved En.    Temperature Pressure (bar)
    6.16441e+00    6.16441e+00    3.20616e+02    7.83202e-02

           Step           Time         Lambda
            390        0.78000        0.00000

   Energies (kJ/mol)
        LJ (SR)   Coulomb (SR)   Coul. recip.      Potential    Kinetic En.
   -2.21355e-03   -2.62952e-03   -1.78084e+00   -1.78569e+00    7.99741e+00
   Total Energy  Conserved En.    Temperature Pressure (bar)
    6.21172e+00    6.21172e+00    3.20621e+02    7.85930e-02

           Step           Time         Lambda
            400        0.80000        0.00000

   Energies (kJ/mol)
        LJ (SR)   Coulomb (SR)   Coul. recip.      Potential    Kinetic En.
   -1.90231e-03   -1.92920e-03   -1.73713e+00   -1.74096e+00    7.99752e+00
   Total Energy  Conserved En.    Temperature Pressure (bar)
    6.25656e+00    6.25656e+00    3.20625e+02    7.88506e-02

           Step           Time         Lambda
            410        0.82000        0.00000

   Energies (kJ/mol)
        LJ (SR)   Coulomb (SR)   Coul. recip.      Potential    Kinetic En.
   -1.64088e-03   -1.40749e-03   -1.69541e+00   -1.69846e+00    7.99763e+00
   Total Energy  Conserved En.    Temperature Pressure (bar)
    6.29917e+00    6.29917e+00    3.20629e+02    7.90940e-02

           Step           Time         Lambda
            420        0.84000        0.00000

   Energies (kJ/mol)
        LJ (SR)   Coulomb (SR)   Coul. recip.      Potential    Kinetic En.
   -1.42037e-03   -1.02108e-03   -1.65549e+00   -1.65793e+00    7.99773e+00
   Total Energy  Conserved En.    Temperature Pressure (bar)
    6.33980e+00    6.33980e+00    3.20633e+02    7.93266e-02

           Step           Time         Lambda
            430        0.86000        0.00000

   Energies (kJ/mol)
        LJ (SR)   Coulomb (SR)   Coul. recip.      Potential    Kinetic En.
   -1.23363e-03   -7.36551e-04   -1.61743e+00   -1.61940e+00    7.99782e+00
   Total Energy  Conserved En.    Temperature Pressure (bar)
    6.37842e+00    6.37842e+00    3.20637e+02    7.95460e-02

           Step           Time         Lambda
            440        0.88000        0.00000

   Energies (kJ/mol)
        LJ (SR)   Coulomb (SR)   Coul. recip.      Potential    Kinetic En.
   -1.07489e-03   -5.28275e-04   -1.58107e+00   -1.58267e+00    7.99791e+00
   Total Energy  Conserved En.    Temperature Pressure (bar)
    6.41523e+00    6.41523e+00    3.20641e+02    7.97543e-02

           Step           Time         Lambda
            450        0.90000        0.00000

   Energies (kJ/mol)
        LJ (SR)   Coulomb (SR)   Coul. recip.      Potential    Kinetic En.
   -9.39452e-04   -3.76717e-04   -1.54620e+00   -1.54751e+00    7.99799e+00
   Total Energy  Conserved En.    Temperature Pressure (bar)
    6.45048e+00    6.45048e+00    3.20644e+02    7.99536e-02

           Step           Time         Lambda
            460        0.92000        0.00000

   Energies (kJ/mol)
        LJ (SR)   Coulomb (SR)   Coul. recip.      Potential    Kinetic En.
   -8.23501e-04   -2.67086e-04   -1.51291e+00   -1.51401e+00    7.99806e+00
   Total Energy  Conserved En.    Temperature Pressure (bar)
    6.48406e+00    6.48406e+00    3.20647e+02    8.01427e-02

           Step           Time         Lambda
            470        0.94000        0.00000

   Energies (kJ/mol)
        LJ (SR)   Coulomb (SR)   Coul. recip.      Potential    Kinetic En.
   -7.23896e-04   -1.88258e-04   -1.48094e+00   -1.48186e+00    7.99813e+00
   Total Energy  Conserved En.    Temperature Pressure (bar)
    6.51627e+00    6.51627e+00    3.20649e+02    8.03247e-02

           Step           Time         Lambda
            480        0.96000        0.00000

   Energies (kJ/mol)
        LJ (SR)   Coulomb (SR)   Coul. recip.      Potential    Kinetic En.
   -6.38060e-04   -1.31920e-04   -1.45033e+00   -1.45110e+00    7.99820e+00
   Total Energy  Conserved En.    Temperature Pressure (bar)
    6.54710e+00    6.54710e+00    3.20652e+02    8.04977e-02

           Step           Time         Lambda
            490        0.98000        0.00000

   Energies (kJ/mol)
        LJ (SR)   Coulomb (SR)   Coul. recip.      Potential    Kinetic En.
   -5.63860e-04   -9.18990e-05   -1.42094e+00   -1.42159e+00    7.99826e+00
   Total Energy  Conserved En.    Temperature Pressure (bar)
    6.57667e+00    6.57667e+00    3.20655e+02    8.06635e-02

           Step           Time         Lambda
            500        1.00000        0.00000

   Energies (kJ/mol)
        LJ (SR)   Coulomb (SR)   Coul. recip.      Potential    Kinetic En.
   -4.99530e-04   -6.36415e-05   -1.39276e+00   -1.39332e+00    7.99832e+00
   Total Energy  Conserved En.    Temperature Pressure (bar)
    6.60500e+00    6.60500e+00    3.20657e+02    8.08222e-02

           Step           Time         Lambda
            510        1.02000        0.00000

   Energies (kJ/mol)
        LJ (SR)   Coulomb (SR)   Coul. recip.      Potential    Kinetic En.
   -4.43598e-04   -4.38115e-05   -1.36562e+00   -1.36611e+00    7.99837e+00
   Total Energy  Conserved En.    Temperature Pressure (bar)
    6.63226e+00    6.63226e+00    3.20659e+02    8.09759e-02

           Step           Time         Lambda
            520        1.04000        0.00000

   Energies (kJ/mol)
        LJ (SR)   Coulomb (SR)   Coul. recip.      Potential    Kinetic En.
   -3.94836e-04   -2.99808e-05   -1.33955e+00   -1.33997e+00    7.99842e+00
   Total Energy  Conserved En.    Temperature Pressure (bar)
    6.65845e+00    6.65845e+00    3.20661e+02    8.11216e-02

           Step           Time         Lambda
            530        1.06000        0.00000

   Energies (kJ/mol)
        LJ (SR)   Coulomb (SR)   Coul. recip.      Potential    Kinetic En.
   -3.52212e-04   -2.03937e-05   -1.31450e+00   -1.31487e+00    7.99847e+00
   Total Energy  Conserved En.    Temperature Pressure (bar)
    6.68360e+00    6.68360e+00    3.20663e+02    8.12625e-02

           Step           Time         Lambda
            540        1.08000        0.00000

   Energies (kJ/mol)
        LJ (SR)   Coulomb (SR)   Coul. recip.      Potential    Kinetic En.
   -3.14859e-04   -1.37891e-05   -1.29039e+00   -1.29072e+00    7.99851e+00
   Total Energy  Conserved En.    Temperature Pressure (bar)
    6.70779e+00    6.70779e+00    3.20665e+02    8.13973e-02

           Step           Time         Lambda
            550        1.10000        0.00000

   Energies (kJ/mol)
        LJ (SR)   Coulomb (SR)   Coul. recip.      Potential    Kinetic En.
   -2.82046e-04   -9.26736e-06   -1.26704e+00   -1.26733e+00    7.99856e+00
   Total Energy  Conserved En.    Temperature Pressure (bar)
    6.73123e+00    6.73123e+00    3.20667e+02    8.15291e-02

           Step           Time         Lambda
            560        1.12000        0.00000

   Energies (kJ/mol)
        LJ (SR)   Coulomb (SR)   Coul. recip.      Potential    Kinetic En.
   -2.53153e-04   -6.19079e-06   -1.24468e+00   -1.24494e+00    7.99860e+00
   Total Energy  Conserved En.    Temperature Pressure (bar)
    6.75366e+00    6.75366e+00    3.20668e+02    8.16539e-02

           Step           Time         Lambda
            570        1.14000        0.00000

   Energies (kJ/mol)
        LJ (SR)   Coulomb (SR)   Coul. recip.      Potential    Kinetic En.
   -2.27654e-04   -4.11053e-06   -1.22303e+00   -1.22326e+00    7.99864e+00
   Total Energy  Conserved En.    Temperature Pressure (bar)
    6.77538e+00    6.77538e+00    3.20670e+02    8.17752e-02

           Step           Time         Lambda
            580        1.16000        0.00000

   Energies (kJ/mol)
        LJ (SR)   Coulomb (SR)   Coul. recip.      Potential    Kinetic En.
   -2.05101e-04   -2.71271e-06   -1.20215e+00   -1.20236e+00    7.99867e+00
   Total Energy  Conserved En.    Temperature Pressure (bar)
    6.79631e+00    6.79631e+00    3.20671e+02    8.18923e-02

           Step           Time         Lambda
            590        1.18000        0.00000

   Energies (kJ/mol)
        LJ (SR)   Coulomb (SR)   Coul. recip.      Potential    Kinetic En.
   -1.85112e-04   -1.77932e-06   -1.18201e+00   -1.18219e+00    7.99871e+00
   Total Energy  Conserved En.    Temperature Pressure (bar)
    6.81652e+00    6.81652e+00    3.20673e+02    8.20049e-02

           Step           Time         Lambda
            600        1.20000        0.00000

   Energies (kJ/mol)
        LJ (SR)   Coulomb (SR)   Coul. recip.      Potential    Kinetic En.
   -1.67359e-04   -1.15996e-06   -1.16249e+00   -1.16266e+00    7.99874e+00
   Total Energy  Conserved En.    Temperature Pressure (bar)
    6.83608e+00    6.83608e+00    3.20674e+02    8.21141e-02

           Step           Time         Lambda
            610        1.22000        0.00000

   Energies (kJ/mol)
        LJ (SR)   Coulomb (SR)   Coul. recip.      Potential    Kinetic En.
    0.00000e+00    0.00000e+00   -1.14375e+00   -1.14375e+00    7.99878e+00
   Total Energy  Conserved En.    Temperature Pressure (bar)
    6.85503e+00    6.85503e+00    3.20675e+02    8.22230e-02

           Step           Time         Lambda
            620        1.24000        0.00000

   Energies (kJ/mol)
        LJ (SR)   Coulomb (SR)   Coul. recip.      Potential    Kinetic En.
    0.00000e+00    0.00000e+00   -1.12550e+00   -1.12550e+00    7.99881e+00
   Total Energy  Conserved En.    Temperature Pressure (bar)
    6.87330e+00    6.87330e+00    3.20677e+02    8.23244e-02

           Step           Time         Lambda
            630        1.26000        0.00000

   Energies (kJ/mol)
        LJ (SR)   Coulomb (SR)   Coul. recip.      Potential    Kinetic En.
    0.00000e+00    0.00000e+00   -1.10784e+00   -1.10784e+00    7.99883e+00
   Total Energy  Conserved En.    Temperature Pressure (bar)
    6.89099e+00    6.89099e+00    3.20678e+02    8.24227e-02

           Step           Time         Lambda
            640        1.28000        0.00000

   Energies (kJ/mol)
        LJ (SR)   Coulomb (SR)   Coul. recip.      Potential    Kinetic En.
    0.00000e+00    0.00000e+00   -1.09078e+00   -1.09078e+00    7.99886e+00
   Total Energy  Conserved En.    Temperature Pressure (bar)
    6.90808e+00    6.90808e+00    3.20679e+02    8.25170e-02

           Step           Time         Lambda
            650        1.30000        0.00000

   Energies (kJ/mol)
        LJ (SR)   Coulomb (SR)   Coul. recip.      Potential    Kinetic En.
    0.00000e+00    0.00000e+00   -1.07425e+00   -1.07425e+00    7.99889e+00
   Total Energy  Conserved En.    Temperature Pressure (bar)
    6.92463e+00    6.92463e+00    3.20680e+02    8.26086e-02

           Step           Time         Lambda
            660        1.32000        0.00000

   Energies (kJ/mol)
        LJ (SR)   Coulomb (SR)   Coul. recip.      Potential    Kinetic En.
    0.00000e+00    0.00000e+00   -1.05823e+00   -1.05823e+00    7.99891e+00
   Total Energy  Conserved En.    Temperature Pressure (bar)
    6.94069e+00    6.94069e+00    3.20681e+02    8.26979e-02

           Step           Time         Lambda
            670        1.34000        0.00000

   Energies (kJ/mol)
        LJ (SR)   Coulomb (SR)   Coul. recip.      Potential    Kinetic En.
    0.00000e+00    0.00000e+00   -1.04270e+00   -1.04270e+00    7.99893e+00
   Total Energy  Conserved En.    Temperature Pressure (bar)
    6.95624e+00    6.95624e+00    3.20682e+02    8.27843e-02

           Step           Time         Lambda
            680        1.36000        0.00000

   Energies (kJ/mol)
        LJ (SR)   Coulomb (SR)   Coul. recip.      Potential    Kinetic En.
    0.00000e+00    0.00000e+00   -1.02758e+00   -1.02758e+00    7.99896e+00
   Total Energy  Conserved En.    Temperature Pressure (bar)
    6.97138e+00    6.97138e+00    3.20683e+02    8.28672e-02

           Step           Time         Lambda
            690        1.38000        0.00000

   Energies (kJ/mol)
        LJ (SR)   Coulomb (SR)   Coul. recip.      Potential    Kinetic En.
    0.00000e+00    0.00000e+00   -1.01320e+00   -1.01320e+00    7.99898e+00
   Total Energy  Conserved En.    Temperature Pressure (bar)
    6.98578e+00    6.98578e+00    3.20684e+02    8.29478e-02

           Step           Time         Lambda
            700        1.40000        0.00000

   Energies (kJ/mol)
        LJ (SR)   Coulomb (SR)   Coul. recip.      Potential    Kinetic En.
    0.00000e+00    0.00000e+00   -9.98965e-01   -9.98965e-01    7.99900e+00
   Total Energy  Conserved En.    Temperature Pressure (bar)
    7.00003e+00    7.00003e+00    3.20684e+02    8.30270e-02

           Step           Time         Lambda
            710        1.42000        0.00000

   Energies (kJ/mol)
        LJ (SR)   Coulomb (SR)   Coul. recip.      Potential    Kinetic En.
    0.00000e+00    0.00000e+00   -9.85140e-01   -9.85140e-01    7.99902e+00
   Total Energy  Conserved En.    Temperature Pressure (bar)
    7.01388e+00    7.01388e+00    3.20685e+02    8.31040e-02

           Step           Time         Lambda
            720        1.44000        0.00000

   Energies (kJ/mol)
        LJ (SR)   Coulomb (SR)   Coul. recip.      Potential    Kinetic En.
    0.00000e+00    0.00000e+00   -9.71748e-01   -9.71748e-01    7.99904e+00
   Total Energy  Conserved En.    Temperature Pressure (bar)
    7.02729e+00    7.02729e+00    3.20686e+02    8.31778e-02

           Step           Time         Lambda
            730        1.46000        0.00000

   Energies (kJ/mol)
        LJ (SR)   Coulomb (SR)   Coul. recip.      Potential    Kinetic En.
    0.00000e+00    0.00000e+00   -9.58688e-01   -9.58688e-01    7.99906e+00
   Total Energy  Conserved En.    Temperature Pressure (bar)
    7.04037e+00    7.04037e+00    3.20687e+02    8.32511e-02

           Step           Time         Lambda
            740        1.48000        0.00000

   Energies (kJ/mol)
        LJ (SR)   Coulomb (SR)   Coul. recip.      Potential    Kinetic En.
    0.00000e+00    0.00000e+00   -9.46033e-01   -9.46033e-01    7.99908e+00
   Total Energy  Conserved En.    Temperature Pressure (bar)
    7.05304e+00    7.05304e+00    3.20687e+02    8.33204e-02

           Step           Time         Lambda
            750        1.50000        0.00000

   Energies (kJ/mol)
        LJ (SR)   Coulomb (SR)   Coul. recip.      Potential    Kinetic En.
    0.00000e+00    0.00000e+00   -9.33736e-01   -9.33736e-01    7.99909e+00
   Total Energy  Conserved En.    Temperature Pressure (bar)
    7.06536e+00    7.06536e+00    3.20688e+02    8.33888e-02

           Step           Time         Lambda
            760        1.52000        0.00000

   Energies (kJ/mol)
        LJ (SR)   Coulomb (SR)   Coul. recip.      Potential    Kinetic En.
    0.00000e+00    0.00000e+00   -9.21664e-01   -9.21664e-01    7.99911e+00
   Total Energy  Conserved En.    Temperature Pressure (bar)
    7.07744e+00    7.07744e+00    3.20689e+02    8.34576e-02

           Step           Time         Lambda
            770        1.54000        0.00000

   Energies (kJ/mol)
        LJ (SR)   Coulomb (SR)   Coul. recip.      Potential    Kinetic En.
    0.00000e+00    0.00000e+00   -9.10012e-01   -9.10012e-01    7.99912e+00
   Total Energy  Conserved En.    Temperature Pressure (bar)
    7.08911e+00    7.08911e+00    3.20689e+02    8.35209e-02

           Step           Time         Lambda
            780        1.56000        0.00000

   Energies (kJ/mol)
        LJ (SR)   Coulomb (SR)   Coul. recip.      Potential    Kinetic En.
    0.00000e+00    0.00000e+00   -8.98649e-01   -8.98649e-01    7.99914e+00
   Total Energy  Conserved En.    Temperature Pressure (bar)
    7.10049e+00    7.10049e+00    3.20690e+02    8.35839e-02

           Step           Time         Lambda
            790        1.58000        0.00000

   Energies (kJ/mol)
        LJ (SR)   Coulomb (SR)   Coul. recip.      Potential    Kinetic En.
    0.00000e+00    0.00000e+00   -8.87565e-01   -8.87565e-01    7.99915e+00
   Total Energy  Conserved En.    Temperature Pressure (bar)
    7.11159e+00    7.11159e+00    3.20690e+02    8.36454e-02

           Step           Time         Lambda
            800        1.60000        0.00000

   Energies (kJ/mol)
        LJ (SR)   Coulomb (SR)   Coul. recip.      Potential    Kinetic En.
    0.00000e+00    0.00000e+00   -8.76706e-01   -8.76706e-01    7.99917e+00
   Total Energy  Conserved En.    Temperature Pressure (bar)
    7.12246e+00    7.12246e+00    3.20691e+02    8.37065e-02

           Step           Time         Lambda
            810        1.62000        0.00000

   Energies (kJ/mol)
        LJ (SR)   Coulomb (SR)   Coul. recip.      Potential    Kinetic En.
    0.00000e+00    0.00000e+00   -8.66209e-01   -8.66209e-01    7.99918e+00
   Total Energy  Conserved En.    Temperature Pressure (bar)
    7.13297e+00    7.13297e+00    3.20692e+02    8.37646e-02

           Step           Time         Lambda
            820        1.64000        0.00000

   Energies (kJ/mol)
        LJ (SR)   Coulomb (SR)   Coul. recip.      Potential    Kinetic En.
    0.00000e+00    0.00000e+00   -8.55955e-01   -8.55955e-01    7.99919e+00
   Total Energy  Conserved En.    Temperature Pressure (bar)
    7.14324e+00    7.14324e+00    3.20692e+02    8.38226e-02

           Step           Time         Lambda
            830        1.66000        0.00000

   Energies (kJ/mol)
        LJ (SR)   Coulomb (SR)   Coul. recip.      Potential    Kinetic En.
    0.00000e+00    0.00000e+00   -8.46004e-01   -8.46004e-01    7.99921e+00
   Total Energy  Conserved En.    Temperature Pressure (bar)
    7.15320e+00    7.15320e+00    3.20693e+02    8.38763e-02

           Step           Time         Lambda
            840        1.68000        0.00000

   Energies (kJ/mol)
        LJ (SR)   Coulomb (SR)   Coul. recip.      Potential    Kinetic En.
    0.00000e+00    0.00000e+00   -8.36203e-01   -8.36203e-01    7.99922e+00
   Total Energy  Conserved En.    Temperature Pressure (bar)
    7.16302e+00    7.16302e+00    3.20693e+02    8.39306e-02

           Step           Time         Lambda
            850        1.70000        0.00000

   Energies (kJ/mol)
        LJ (SR)   Coulomb (SR)   Coul. recip.      Potential    Kinetic En.
    0.00000e+00    0.00000e+00   -8.26813e-01   -8.26813e-01    7.99923e+00
   Total Energy  Conserved En.    Temperature Pressure (bar)
    7.17242e+00    7.17242e+00    3.20694e+02    8.39814e-02

           Step           Time         Lambda
            860        1.72000        0.00000

   Energies (kJ/mol)
        LJ (SR)   Coulomb (SR)   Coul. recip.      Potential    Kinetic En.
    0.00000e+00    0.00000e+00   -8.17408e-01   -8.17408e-01    7.99924e+00
   Total Energy  Conserved En.    Temperature Pressure (bar)
    7.18183e+00    7.18183e+00    3.20694e+02    8.40355e-02

           Step           Time         Lambda
            870        1.74000        0.00000

   Energies (kJ/mol)
        LJ (SR)   Coulomb (SR)   Coul. recip.      Potential    Kinetic En.
    0.00000e+00    0.00000e+00   -8.08365e-01   -8.08365e-01    7.99925e+00
   Total Energy  Conserved En.    Temperature Pressure (bar)
    7.19089e+00    7.19089e+00    3.20694e+02    8.40850e-02

           Step           Time         Lambda
            880        1.76000        0.00000

   Energies (kJ/mol)
        LJ (SR)   Coulomb (SR)   Coul. recip.      Potential    Kinetic En.
    0.00000e+00    0.00000e+00   -7.99474e-01   -7.99474e-01    7.99926e+00
   Total Energy  Conserved En.    Temperature Pressure (bar)
    7.19979e+00    7.19979e+00    3.20695e+02    8.41348e-02

           Step           Time         Lambda
            890        1.78000        0.00000

   Energies (kJ/mol)
        LJ (SR)   Coulomb (SR)   Coul. recip.      Potential    Kinetic En.
    0.00000e+00    0.00000e+00   -7.90954e-01   -7.90954e-01    7.99927e+00
   Total Energy  Conserved En.    Temperature Pressure (bar)
    7.20832e+00    7.20832e+00    3.20695e+02    8.41801e-02

           Step           Time         Lambda
            900        1.80000        0.00000

   Energies (kJ/mol)
        LJ (SR)   Coulomb (SR)   Coul. recip.      Potential    Kinetic En.
    0.00000e+00    0.00000e+00   -7.82525e-01   -7.82525e-01    7.99928e+00
   Total Energy  Conserved En.    Temperature Pressure (bar)
    7.21676e+00    7.21676e+00    3.20696e+02    8.42274e-02

           Step           Time         Lambda
            910        1.82000        0.00000

   Energies (kJ/mol)
        LJ (SR)   Coulomb (SR)   Coul. recip.      Potential    Kinetic En.
    0.00000e+00    0.00000e+00   -7.74135e-01   -7.74135e-01    7.99929e+00
   Total Energy  Conserved En.    Temperature Pressure (bar)
    7.22516e+00    7.22516e+00    3.20696e+02    8.42757e-02

           Step           Time         Lambda
            920        1.84000        0.00000

   Energies (kJ/mol)
        LJ (SR)   Coulomb (SR)   Coul. recip.      Potential    Kinetic En.
    0.00000e+00    0.00000e+00   -7.66141e-01   -7.66141e-01    7.99930e+00
   Total Energy  Conserved En.    Temperature Pressure (bar)
    7.23316e+00    7.23316e+00    3.20696e+02    8.43204e-02

           Step           Time         Lambda
            930        1.86000        0.00000

   Energies (kJ/mol)
        LJ (SR)   Coulomb (SR)   Coul. recip.      Potential    Kinetic En.
    0.00000e+00    0.00000e+00   -7.58246e-01   -7.58246e-01    7.99931e+00
   Total Energy  Conserved En.    Temperature Pressure (bar)
    7.24106e+00    7.24106e+00    3.20697e+02    8.43638e-02

           Step           Time         Lambda
            940        1.88000        0.00000

   Energies (kJ/mol)
        LJ (SR)   Coulomb (SR)   Coul. recip.      Potential    Kinetic En.
    0.00000e+00    0.00000e+00   -7.50546e-01   -7.50546e-01    7.99932e+00
   Total Energy  Conserved En.    Temperature Pressure (bar)
    7.24877e+00    7.24877e+00    3.20697e+02    8.44067e-02

           Step           Time         Lambda
            950        1.90000        0.00000

   Energies (kJ/mol)
        LJ (SR)   Coulomb (SR)   Coul. recip.      Potential    Kinetic En.
    0.00000e+00    0.00000e+00   -7.43066e-01   -7.43066e-01    7.99933e+00
   Total Energy  Conserved En.    Temperature Pressure (bar)
    7.25626e+00    7.25626e+00    3.20697e+02    8.44477e-02

           Step           Time         Lambda
            960        1.92000        0.00000

   Energies (kJ/mol)
        LJ (SR)   Coulomb (SR)   Coul. recip.      Potential    Kinetic En.
    0.00000e+00    0.00000e+00   -7.35615e-01   -7.35615e-01    7.99934e+00
   Total Energy  Conserved En.    Temperature Pressure (bar)
    7.26372e+00    7.26372e+00    3.20698e+02    8.44890e-02

           Step           Time         Lambda
            970        1.94000        0.00000

   Energies (kJ/mol)
        LJ (SR)   Coulomb (SR)   Coul. recip.      Potential    Kinetic En.
    0.00000e+00    0.00000e+00   -7.28509e-01   -7.28509e-01    7.99934e+00
   Total Energy  Conserved En.    Temperature Pressure (bar)
    7.27083e+00    7.27083e+00    3.20698e+02    8.45280e-02

           Step           Time         Lambda
            980        1.96000        0.00000

   Energies (kJ/mol)
        LJ (SR)   Coulomb (SR)   Coul. recip.      Potential    Kinetic En.
    0.00000e+00    0.00000e+00   -7.21433e-01   -7.21433e-01    7.99935e+00
   Total Energy  Conserved En.    Temperature Pressure (bar)
    7.27792e+00    7.27792e+00    3.20698e+02    8.45676e-02

           Step           Time         Lambda
            990        1.98000        0.00000

   Energies (kJ/mol)
        LJ (SR)   Coulomb (SR)   Coul. recip.      Potential    Kinetic En.
    0.00000e+00    0.00000e+00   -7.14482e-01   -7.14482e-01    7.99936e+00
   Total Energy  Conserved En.    Temperature Pressure (bar)
    7.28488e+00    7.28488e+00    3.20699e+02    8.46058e-02

           Step           Time         Lambda
           1000        2.00000        0.00000

   Energies (kJ/mol)
        LJ (SR)   Coulomb (SR)   Coul. recip.      Potential    Kinetic En.
    0.00000e+00    0.00000e+00   -7.07590e-01   -7.07590e-01    7.99937e+00
   Total Energy  Conserved En.    Temperature Pressure (bar)
    7.29178e+00    7.29178e+00    3.20699e+02    8.46433e-02

           Step           Time         Lambda
           1010        2.02000        0.00000

   Energies (kJ/mol)
        LJ (SR)   Coulomb (SR)   Coul. recip.      Potential    Kinetic En.
    0.00000e+00    0.00000e+00   -7.01161e-01   -7.01161e-01    7.99937e+00
   Total Energy  Conserved En.    Temperature Pressure (bar)
    7.29821e+00    7.29821e+00    3.20699e+02    8.46792e-02

           Step           Time         Lambda
           1020        2.04000        0.00000

   Energies (kJ/mol)
        LJ (SR)   Coulomb (SR)   Coul. recip.      Potential    Kinetic En.
    0.00000e+00    0.00000e+00   -6.94680e-01   -6.94680e-01    7.99938e+00
   Total Energy  Conserved En.    Temperature Pressure (bar)
    7.30470e+00    7.30470e+00    3.20700e+02    8.47157e-02

           Step           Time         Lambda
           1030        2.06000        0.00000

   Energies (kJ/mol)
        LJ (SR)   Coulomb (SR)   Coul. recip.      Potential    Kinetic En.
    0.00000e+00    0.00000e+00   -6.88317e-01   -6.88317e-01    7.99939e+00
   Total Energy  Conserved En.    Temperature Pressure (bar)
    7.31107e+00    7.31107e+00    3.20700e+02    8.47511e-02

           Step           Time         Lambda
           1040        2.08000        0.00000

   Energies (kJ/mol)
        LJ (SR)   Coulomb (SR)   Coul. recip.      Potential    Kinetic En.
    0.00000e+00    0.00000e+00   -6.82093e-01   -6.82093e-01    7.99939e+00
   Total Energy  Conserved En.    Temperature Pressure (bar)
    7.31730e+00    7.31730e+00    3.20700e+02    8.47858e-02

           Step           Time         Lambda
           1050        2.10000        0.00000

   Energies (kJ/mol)
        LJ (SR)   Coulomb (SR)   Coul. recip.      Potential    Kinetic En.
    0.00000e+00    0.00000e+00   -6.76045e-01   -6.76045e-01    7.99940e+00
   Total Energy  Conserved En.    Temperature Pressure (bar)
    7.32335e+00    7.32335e+00    3.20700e+02    8.48183e-02

           Step           Time         Lambda
           1060        2.12000        0.00000

   Energies (kJ/mol)
        LJ (SR)   Coulomb (SR)   Coul. recip.      Potential    Kinetic En.
    0.00000e+00    0.00000e+00   -6.70012e-01   -6.70012e-01    7.99940e+00
   Total Energy  Conserved En.    Temperature Pressure (bar)
    7.32939e+00    7.32939e+00    3.20701e+02    8.48522e-02

           Step           Time         Lambda
           1070        2.14000        0.00000

   Energies (kJ/mol)
        LJ (SR)   Coulomb (SR)   Coul. recip.      Potential    Kinetic En.
    0.00000e+00    0.00000e+00   -6.64157e-01   -6.64157e-01    7.99941e+00
   Total Energy  Conserved En.    Temperature Pressure (bar)
    7.33525e+00    7.33525e+00    3.20701e+02    8.48854e-02

           Step           Time         Lambda
           1080        2.16000        0.00000

   Energies (kJ/mol)
        LJ (SR)   Coulomb (SR)   Coul. recip.      Potential    Kinetic En.
    0.00000e+00    0.00000e+00   -6.58528e-01   -6.58528e-01    7.99942e+00
   Total Energy  Conserved En.    Temperature Pressure (bar)
    7.34089e+00    7.34089e+00    3.20701e+02    8.49157e-02

           Step           Time         Lambda
           1090        2.18000        0.00000

   Energies (kJ/mol)
        LJ (SR)   Coulomb (SR)   Coul. recip.      Potential    Kinetic En.
    0.00000e+00    0.00000e+00   -6.52877e-01   -6.52877e-01    7.99942e+00
   Total Energy  Conserved En.    Temperature Pressure (bar)
    7.34654e+00    7.34654e+00    3.20701e+02    8.49473e-02

           Step           Time         Lambda
           1100        2.20000        0.00000

   Energies (kJ/mol)
        LJ (SR)   Coulomb (SR)   Coul. recip.      Potential    Kinetic En.
    0.00000e+00    0.00000e+00   -6.47332e-01   -6.47332e-01    7.99943e+00
   Total Energy  Conserved En.    Temperature Pressure (bar)
    7.35210e+00    7.35210e+00    3.20701e+02    8.49790e-02

           Step           Time         Lambda
           1110        2.22000        0.00000

   Energies (kJ/mol)
        LJ (SR)   Coulomb (SR)   Coul. recip.      Potential    Kinetic En.
    0.00000e+00    0.00000e+00   -6.41878e-01   -6.41878e-01    7.99943e+00
   Total Energy  Conserved En.    Temperature Pressure (bar)
    7.35756e+00    7.35756e+00    3.20702e+02    8.50089e-02

           Step           Time         Lambda
           1120        2.24000        0.00000

   Energies (kJ/mol)
        LJ (SR)   Coulomb (SR)   Coul. recip.      Potential    Kinetic En.
    0.00000e+00    0.00000e+00   -6.36673e-01   -6.36673e-01    7.99944e+00
   Total Energy  Conserved En.    Temperature Pressure (bar)
    7.36277e+00    7.36277e+00    3.20702e+02    8.50380e-02

           Step           Time         Lambda
           1130        2.26000        0.00000

   Energies (kJ/mol)
        LJ (SR)   Coulomb (SR)   Coul. recip.      Potential    Kinetic En.
    0.00000e+00    0.00000e+00   -6.31452e-01   -6.31452e-01    7.99944e+00
   Total Energy  Conserved En.    Temperature Pressure (bar)
    7.36799e+00    7.36799e+00    3.20702e+02    8.50678e-02

           Step           Time         Lambda
           1140        2.28000        0.00000

   Energies (kJ/mol)
        LJ (SR)   Coulomb (SR)   Coul. recip.      Potential    Kinetic En.
    0.00000e+00    0.00000e+00   -6.26384e-01   -6.26384e-01    7.99945e+00
   Total Energy  Conserved En.    Temperature Pressure (bar)
    7.37306e+00    7.37306e+00    3.20702e+02    8.50951e-02

           Step           Time         Lambda
           1150        2.30000        0.00000

   Energies (kJ/mol)
        LJ (SR)   Coulomb (SR)   Coul. recip.      Potential    Kinetic En.
    0.00000e+00    0.00000e+00   -6.21403e-01   -6.21403e-01    7.99945e+00
   Total Energy  Conserved En.    Temperature Pressure (bar)
    7.37805e+00    7.37805e+00    3.20702e+02    8.51224e-02

           Step           Time         Lambda
           1160        2.32000        0.00000

   Energies (kJ/mol)
        LJ (SR)   Coulomb (SR)   Coul. recip.      Potential    Kinetic En.
    0.00000e+00    0.00000e+00   -6.16548e-01   -6.16548e-01    7.99946e+00
   Total Energy  Conserved En.    Temperature Pressure (bar)
    7.38291e+00    7.38291e+00    3.20703e+02    8.51496e-02

           Step           Time         Lambda
           1170        2.34000        0.00000

   Energies (kJ/mol)
        LJ (SR)   Coulomb (SR)   Coul. recip.      Potential    Kinetic En.
    0.00000e+00    0.00000e+00   -6.11695e-01   -6.11695e-01    7.99946e+00
   Total Energy  Conserved En.    Temperature Pressure (bar)
    7.38777e+00    7.38777e+00    3.20703e+02    8.51766e-02

           Step           Time         Lambda
           1180        2.36000        0.00000

   Energies (kJ/mol)
        LJ (SR)   Coulomb (SR)   Coul. recip.      Potential    Kinetic En.
    0.00000e+00    0.00000e+00   -6.06956e-01   -6.06956e-01    7.99947e+00
   Total Energy  Conserved En.    Temperature Pressure (bar)
    7.39251e+00    7.39251e+00    3.20703e+02    8.52027e-02

           Step           Time         Lambda
           1190        2.38000        0.00000

   Energies (kJ/mol)
        LJ (SR)   Coulomb (SR)   Coul. recip.      Potential    Kinetic En.
    0.00000e+00    0.00000e+00   -6.02406e-01   -6.02406e-01    7.99947e+00
   Total Energy  Conserved En.    Temperature Pressure (bar)
    7.39707e+00    7.39707e+00    3.20703e+02    8.52268e-02

           Step           Time         Lambda
           1200        2.40000        0.00000

   Energies (kJ/mol)
        LJ (SR)   Coulomb (SR)   Coul. recip.      Potential    Kinetic En.
    0.00000e+00    0.00000e+00   -5.97854e-01   -5.97854e-01    7.99948e+00
   Total Energy  Conserved En.    Temperature Pressure (bar)
    7.40162e+00    7.40162e+00    3.20703e+02    8.52530e-02

           Step           Time         Lambda
           1210        2.42000        0.00000

   Energies (kJ/mol)
        LJ (SR)   Coulomb (SR)   Coul. recip.      Potential    Kinetic En.
    0.00000e+00    0.00000e+00   -5.93395e-01   -5.93395e-01    7.99948e+00
   Total Energy  Conserved En.    Temperature Pressure (bar)
    7.40608e+00    7.40608e+00    3.20704e+02    8.52780e-02

           Step           Time         Lambda
           1220        2.44000        0.00000

   Energies (kJ/mol)
        LJ (SR)   Coulomb (SR)   Coul. recip.      Potential    Kinetic En.
    0.00000e+00    0.00000e+00   -5.88989e-01   -5.88989e-01    7.99948e+00
   Total Energy  Conserved En.    Temperature Pressure (bar)
    7.41049e+00    7.41049e+00    3.20704e+02    8.53026e-02

           Step           Time         Lambda
           1230        2.46000        0.00000

   Energies (kJ/mol)
        LJ (SR)   Coulomb (SR)   Coul. recip.      Potential    Kinetic En.
    0.00000e+00    0.00000e+00   -5.84707e-01   -5.84707e-01    7.99949e+00
   Total Energy  Conserved En.    Temperature Pressure (bar)
    7.41478e+00    7.41478e+00    3.20704e+02    8.53258e-02

           Step           Time         Lambda
           1240        2.48000        0.00000

   Energies (kJ/mol)
        LJ (SR)   Coulomb (SR)   Coul. recip.      Potential    Kinetic En.
    0.00000e+00    0.00000e+00   -5.80557e-01   -5.80557e-01    7.99949e+00
   Total Energy  Conserved En.    Temperature Pressure (bar)
    7.41893e+00    7.41893e+00    3.20704e+02    8.53482e-02

           Step           Time         Lambda
           1250        2.50000        0.00000

   Energies (kJ/mol)
        LJ (SR)   Coulomb (SR)   Coul. recip.      Potential    Kinetic En.
    0.00000e+00    0.00000e+00   -5.76311e-01   -5.76311e-01    7.99950e+00
   Total Energy  Conserved En.    Temperature Pressure (bar)
    7.42318e+00    7.42318e+00    3.20704e+02    8.53700e-02

           Step           Time         Lambda
           1260        2.52000        0.00000

   Energies (kJ/mol)
        LJ (SR)   Coulomb (SR)   Coul. recip.      Potential    Kinetic En.
    0.00000e+00    0.00000e+00   -5.72361e-01   -5.72361e-01    7.99950e+00
   Total Energy  Conserved En.    Temperature Pressure (bar)
    7.42714e+00    7.42714e+00    3.20704e+02    8.53930e-02

           Step           Time         Lambda
           1270        2.54000        0.00000

   Energies (kJ/mol)
        LJ (SR)   Coulomb (SR)   Coul. recip.      Potential    Kinetic En.
    0.00000e+00    0.00000e+00   -5.68316e-01   -5.68316e-01    7.99950e+00
   Total Energy  Conserved En.    Temperature Pressure (bar)
    7.43119e+00    7.43119e+00    3.20704e+02    8.54183e-02

           Step           Time         Lambda
           1280        2.56000        0.00000

   Energies (kJ/mol)
        LJ (SR)   Coulomb (SR)   Coul. recip.      Potential    Kinetic En.
    0.00000e+00    0.00000e+00   -5.64409e-01   -5.64409e-01    7.99951e+00
   Total Energy  Conserved En.    Temperature Pressure (bar)
    7.43510e+00    7.43510e+00    3.20705e+02    8.54389e-02

           Step           Time         Lambda
           1290        2.58000        0.00000

   Energies (kJ/mol)
        LJ (SR)   Coulomb (SR)   Coul. recip.      Potential    Kinetic En.
    0.00000e+00    0.00000e+00   -5.60616e-01   -5.60616e-01    7.99951e+00
   Total Energy  Conserved En.    Temperature Pressure (bar)
    7.43889e+00    7.43889e+00    3.20705e+02    8.54590e-02

           Step           Time         Lambda
           1300        2.60000        0.00000

   Energies (kJ/mol)
        LJ (SR)   Coulomb (SR)   Coul. recip.      Potential    Kinetic En.
    0.00000e+00    0.00000e+00   -5.56839e-01   -5.56839e-01    7.99951e+00
   Total Energy  Conserved En.    Temperature Pressure (bar)
    7.44267e+00    7.44267e+00    3.20705e+02    8.54794e-02

           Step           Time         Lambda
           1310        2.62000        0.00000

   Energies (kJ/mol)
        LJ (SR)   Coulomb (SR)   Coul. recip.      Potential    Kinetic En.
    0.00000e+00    0.00000e+00   -5.53118e-01   -5.53118e-01    7.99952e+00
   Total Energy  Conserved En.    Temperature Pressure (bar)
    7.44640e+00    7.44640e+00    3.20705e+02    8.55002e-02

           Step           Time         Lambda
           1320        2.64000        0.00000

   Energies (kJ/mol)
        LJ (SR)   Coulomb (SR)   Coul. recip.      Potential    Kinetic En.
    0.00000e+00    0.00000e+00   -5.49427e-01   -5.49427e-01    7.99952e+00
   Total Energy  Conserved En.    Temperature Pressure (bar)
    7.45009e+00    7.45009e+00    3.20705e+02    8.55209e-02

           Step           Time         Lambda
           1330        2.66000        0.00000

   Energies (kJ/mol)
        LJ (SR)   Coulomb (SR)   Coul. recip.      Potential    Kinetic En.
    0.00000e+00    0.00000e+00   -5.45848e-01   -5.45848e-01    7.99952e+00
   Total Energy  Conserved En.    Temperature Pressure (bar)
    7.45367e+00    7.45367e+00    3.20705e+02    8.55419e-02

           Step           Time         Lambda
           1340        2.68000        0.00000

   Energies (kJ/mol)
        LJ (SR)   Coulomb (SR)   Coul. recip.      Potential    Kinetic En.
    0.00000e+00    0.00000e+00   -5.42350e-01   -5.42350e-01    7.99953e+00
   Total Energy  Conserved En.    Temperature Pressure (bar)
    7.45718e+00    7.45718e+00    3.20705e+02    8.55600e-02

           Step           Time         Lambda
           1350        2.70000        0.00000

   Energies (kJ/mol)
        LJ (SR)   Coulomb (SR)   Coul. recip.      Potential    Kinetic En.
    0.00000e+00    0.00000e+00   -5.38890e-01   -5.38890e-01    7.99953e+00
   Total Energy  Conserved En.    Temperature Pressure (bar)
    7.46064e+00    7.46064e+00    3.20706e+02    8.55790e-02

           Step           Time         Lambda
           1360        2.72000        0.00000

   Energies (kJ/mol)
        LJ (SR)   Coulomb (SR)   Coul. recip.      Potential    Kinetic En.
    0.00000e+00    0.00000e+00   -5.35460e-01   -5.35460e-01    7.99953e+00
   Total Energy  Conserved En.    Temperature Pressure (bar)
    7.46407e+00    7.46407e+00    3.20706e+02    8.55987e-02

           Step           Time         Lambda
           1370        2.74000        0.00000

   Energies (kJ/mol)
        LJ (SR)   Coulomb (SR)   Coul. recip.      Potential    Kinetic En.
    0.00000e+00    0.00000e+00   -5.32168e-01   -5.32168e-01    7.99953e+00
   Total Energy  Conserved En.    Temperature Pressure (bar)
    7.46737e+00    7.46737e+00    3.20706e+02    8.56167e-02

           Step           Time         Lambda
           1380        2.76000        0.00000

   Energies (kJ/mol)
        LJ (SR)   Coulomb (SR)   Coul. recip.      Potential    Kinetic En.
    0.00000e+00    0.00000e+00   -5.28811e-01   -5.28811e-01    7.99954e+00
   Total Energy  Conserved En.    Temperature Pressure (bar)
    7.47073e+00    7.47073e+00    3.20706e+02    8.56354e-02

           Step           Time         Lambda
           1390        2.78000        0.00000

   Energies (kJ/mol)
        LJ (SR)   Coulomb (SR)   Coul. recip.      Potential    Kinetic En.
    0.00000e+00    0.00000e+00   -5.25594e-01   -5.25594e-01    7.99954e+00
   Total Energy  Conserved En.    Temperature Pressure (bar)
    7.47395e+00    7.47395e+00    3.20706e+02    8.56526e-02

           Step           Time         Lambda
           1400        2.80000        0.00000

   Energies (kJ/mol)
        LJ (SR)   Coulomb (SR)   Coul. recip.      Potential    Kinetic En.
    0.00000e+00    0.00000e+00   -5.22502e-01   -5.22502e-01    7.99954e+00
   Total Energy  Conserved En.    Temperature Pressure (bar)
    7.47704e+00    7.47704e+00    3.20706e+02    8.56708e-02

           Step           Time         Lambda
           1410        2.82000        0.00000

   Energies (kJ/mol)
        LJ (SR)   Coulomb (SR)   Coul. recip.      Potential    Kinetic En.
    0.00000e+00    0.00000e+00   -5.19329e-01   -5.19329e-01    7.99955e+00
   Total Energy  Conserved En.    Temperature Pressure (bar)
    7.48022e+00    7.48022e+00    3.20706e+02    8.56889e-02

           Step           Time         Lambda
           1420        2.84000        0.00000

   Energies (kJ/mol)
        LJ (SR)   Coulomb (SR)   Coul. recip.      Potential    Kinetic En.
    0.00000e+00    0.00000e+00   -5.16273e-01   -5.16273e-01    7.99955e+00
   Total Energy  Conserved En.    Temperature Pressure (bar)
    7.48327e+00    7.48327e+00    3.20706e+02    8.57053e-02

           Step           Time         Lambda
           1430        2.86000        0.00000

   Energies (kJ/mol)
        LJ (SR)   Coulomb (SR)   Coul. recip.      Potential    Kinetic En.
    0.00000e+00    0.00000e+00   -5.13173e-01   -5.13173e-01    7.99955e+00
   Total Energy  Conserved En.    Temperature Pressure (bar)
    7.48638e+00    7.48638e+00    3.20706e+02    8.57215e-02

           Step           Time         Lambda
           1440        2.88000        0.00000

   Energies (kJ/mol)
        LJ (SR)   Coulomb (SR)   Coul. recip.      Potential    Kinetic En.
    0.00000e+00    0.00000e+00   -5.10265e-01   -5.10265e-01    7.99955e+00
   Total Energy  Conserved En.    Temperature Pressure (bar)
    7.48929e+00    7.48929e+00    3.20707e+02    8.57386e-02

           Step           Time         Lambda
           1450        2.90000        0.00000

   Energies (kJ/mol)
        LJ (SR)   Coulomb (SR)   Coul. recip.      Potential    Kinetic En.
    0.00000e+00    0.00000e+00   -5.07486e-01   -5.07486e-01    7.99956e+00
   Total Energy  Conserved En.    Temperature Pressure (bar)
    7.49207e+00    7.49207e+00    3.20707e+02    8.57527e-02

           Step           Time         Lambda
           1460        2.92000        0.00000

   Energies (kJ/mol)
        LJ (SR)   Coulomb (SR)   Coul. recip.      Potential    Kinetic En.
    0.00000e+00    0.00000e+00   -5.04542e-01   -5.04542e-01    7.99956e+00
   Total Energy  Conserved En.    Temperature Pressure (bar)
    7.49502e+00    7.49502e+00    3.20707e+02    8.57711e-02

           Step           Time         Lambda
           1470        2.94000        0.00000

   Energies (kJ/mol)
        LJ (SR)   Coulomb (SR)   Coul. recip.      Potential    Kinetic En.
    0.00000e+00    0.00000e+00   -5.01726e-01   -5.01726e-01    7.99956e+00
   Total Energy  Conserved En.    Temperature Pressure (bar)
    7.49784e+00    7.49784e+00    3.20707e+02    8.57858e-02

           Step           Time         Lambda
           1480        2.96000        0.00000

   Energies (kJ/mol)
        LJ (SR)   Coulomb (SR)   Coul. recip.      Potential    Kinetic En.
    0.00000e+00    0.00000e+00   -4.99104e-01   -4.99104e-01    7.99956e+00
   Total Energy  Conserved En.    Temperature Pressure (bar)
    7.50046e+00    7.50046e+00    3.20707e+02    8.57997e-02

           Step           Time         Lambda
           1490        2.98000        0.00000

   Energies (kJ/mol)
        LJ (SR)   Coulomb (SR)   Coul. recip.      Potential    Kinetic En.
    0.00000e+00    0.00000e+00   -4.96274e-01   -4.96274e-01    7.99957e+00
   Total Energy  Conserved En.    Temperature Pressure (bar)
    7.50329e+00    7.50329e+00    3.20707e+02    8.58172e-02

           Step           Time         Lambda
           1500        3.00000        0.00000

   Energies (kJ/mol)
        LJ (SR)   Coulomb (SR)   Coul. recip.      Potential    Kinetic En.
    0.00000e+00    0.00000e+00   -4.93589e-01   -4.93589e-01    7.99957e+00
   Total Energy  Conserved En.    Temperature Pressure (bar)
    7.50598e+00    7.50598e+00    3.20707e+02    8.58309e-02

           Step           Time         Lambda
           1510        3.02000        0.00000

   Energies (kJ/mol)
        LJ (SR)   Coulomb (SR)   Coul. recip.      Potential    Kinetic En.
    0.00000e+00    0.00000e+00   -4.91038e-01   -4.91038e-01    7.99957e+00
   Total Energy  Conserved En.    Temperature Pressure (bar)
    7.50853e+00    7.50853e+00    3.20707e+02    8.58450e-02

           Step           Time         Lambda
           1520        3.04000        0.00000

   Energies (kJ/mol)
        LJ (SR)   Coulomb (SR)   Coul. recip.      Potential    Kinetic En.
    0.00000e+00    0.00000e+00   -4.88486e-01   -4.88486e-01    7.99957e+00
   Total Energy  Conserved En.    Temperature Pressure (bar)
    7.51109e+00    7.51109e+00    3.20707e+02    8.58583e-02

           Step           Time         Lambda
           1530        3.06000        0.00000

   Energies (kJ/mol)
        LJ (SR)   Coulomb (SR)   Coul. recip.      Potential    Kinetic En.
    0.00000e+00    0.00000e+00   -4.85961e-01   -4.85961e-01    7.99957e+00
   Total Energy  Conserved En.    Temperature Pressure (bar)
    7.51361e+00    7.51361e+00    3.20707e+02    8.58731e-02

           Step           Time         Lambda
           1540        3.08000        0.00000

   Energies (kJ/mol)
        LJ (SR)   Coulomb (SR)   Coul. recip.      Potential    Kinetic En.
    0.00000e+00    0.00000e+00   -4.83428e-01   -4.83428e-01    7.99958e+00
   Total Energy  Conserved En.    Temperature Pressure (bar)
    7.51615e+00    7.51615e+00    3.20707e+02    8.58871e-02

           Step           Time         Lambda
           1550        3.10000        0.00000

   Energies (kJ/mol)
        LJ (SR)   Coulomb (SR)   Coul. recip.      Potential    Kinetic En.
    0.00000e+00    0.00000e+00   -4.80976e-01   -4.80976e-01    7.99958e+00
   Total Energy  Conserved En.    Temperature Pressure (bar)
    7.51860e+00    7.51860e+00    3.20708e+02    8.59019e-02

           Step           Time         Lambda
           1560        3.12000        0.00000

   Energies (kJ/mol)
        LJ (SR)   Coulomb (SR)   Coul. recip.      Potential    Kinetic En.
    0.00000e+00    0.00000e+00   -4.78566e-01   -4.78566e-01    7.99958e+00
   Total Energy  Conserved En.    Temperature Pressure (bar)
    7.52102e+00    7.52102e+00    3.20708e+02    8.59153e-02

           Step           Time         Lambda
           1570        3.14000        0.00000

   Energies (kJ/mol)
        LJ (SR)   Coulomb (SR)   Coul. recip.      Potential    Kinetic En.
    0.00000e+00    0.00000e+00   -4.76198e-01   -4.76198e-01    7.99958e+00
   Total Energy  Conserved En.    Temperature Pressure (bar)
    7.52339e+00    7.52339e+00    3.20708e+02    8.59275e-02

           Step           Time         Lambda
           1580        3.16000        0.00000

   Energies (kJ/mol)
        LJ (SR)   Coulomb (SR)   Coul. recip.      Potential    Kinetic En.
    0.00000e+00    0.00000e+00   -4.73897e-01   -4.73897e-01    7.99959e+00
   Total Energy  Conserved En.    Temperature Pressure (bar)
    7.52569e+00    7.52569e+00    3.20708e+02    8.59395e-02

           Step           Time         Lambda
           1590        3.18000        0.00000

   Energies (kJ/mol)
        LJ (SR)   Coulomb (SR)   Coul. recip.      Potential    Kinetic En.
    0.00000e+00    0.00000e+00   -4.71523e-01   -4.71523e-01    7.99959e+00
   Total Energy  Conserved En.    Temperature Pressure (bar)
    7.52806e+00    7.52806e+00    3.20708e+02    8.59547e-02

           Step           Time         Lambda
           1600        3.20000        0.00000

   Energies (kJ/mol)
        LJ (SR)   Coulomb (SR)   Coul. recip.      Potential    Kinetic En.
    0.00000e+00    0.00000e+00   -4.69378e-01   -4.69378e-01    7.99959e+00
   Total Energy  Conserved En.    Temperature Pressure (bar)
    7.53021e+00    7.53021e+00    3.20708e+02    8.59648e-02

           Step           Time         Lambda
           1610        3.22000        0.00000

   Energies (kJ/mol)
        LJ (SR)   Coulomb (SR)   Coul. recip.      Potential    Kinetic En.
    0.00000e+00    0.00000e+00   -4.67247e-01   -4.67247e-01    7.99959e+00
   Total Energy  Conserved En.    Temperature Pressure (bar)
    7.53234e+00    7.53234e+00    3.20708e+02    8.59756e-02

           Step           Time         Lambda
           1620        3.24000        0.00000

   Energies (kJ/mol)
        LJ (SR)   Coulomb (SR)   Coul. recip.      Potential    Kinetic En.
    0.00000e+00    0.00000e+00   -4.65069e-01   -4.65069e-01    7.99959e+00
   Total Energy  Conserved En.    Temperature Pressure (bar)
    7.53452e+00    7.53452e+00    3.20708e+02    8.59885e-02

           Step           Time         Lambda
           1630        3.26000        0.00000

   Energies (kJ/mol)
        LJ (SR)   Coulomb (SR)   Coul. recip.      Potential    Kinetic En.
    0.00000e+00    0.00000e+00   -4.62906e-01   -4.62906e-01    7.99959e+00
   Total Energy  Conserved En.    Temperature Pressure (bar)
    7.53669e+00    7.53669e+00    3.20708e+02    8.60011e-02

           Step           Time         Lambda
           1640        3.28000        0.00000

   Energies (kJ/mol)
        LJ (SR)   Coulomb (SR)   Coul. recip.      Potential    Kinetic En.
    0.00000e+00    0.00000e+00   -4.60814e-01   -4.60814e-01    7.99960e+00
   Total Energy  Conserved En.    Temperature Pressure (bar)
    7.53878e+00    7.53878e+00    3.20708e+02    8.60124e-02

           Step           Time         Lambda
           1650        3.30000        0.00000

   Energies (kJ/mol)
        LJ (SR)   Coulomb (SR)   Coul. recip.      Potential    Kinetic En.
    0.00000e+00    0.00000e+00   -4.58791e-01   -4.58791e-01    7.99960e+00
   Total Energy  Conserved En.    Temperature Pressure (bar)
    7.54081e+00    7.54081e+00    3.20708e+02    8.60234e-02

           Step           Time         Lambda
           1660        3.32000        0.00000

   Energies (kJ/mol)
        LJ (SR)   Coulomb (SR)   Coul. recip.      Potential    Kinetic En.
    0.00000e+00    0.00000e+00   -4.56742e-01   -4.56742e-01    7.99960e+00
   Total Energy  Conserved En.    Temperature Pressure (bar)
    7.54286e+00    7.54286e+00    3.20708e+02    8.60347e-02

           Step           Time         Lambda
           1670        3.34000        0.00000

   Energies (kJ/mol)
        LJ (SR)   Coulomb (SR)   Coul. recip.      Potential    Kinetic En.
    0.00000e+00    0.00000e+00   -4.54610e-01   -4.54610e-01    7.99960e+00
   Total Energy  Conserved En.    Temperature Pressure (bar)
    7.54499e+00    7.54499e+00    3.20708e+02    8.60464e-02

           Step           Time         Lambda
           1680        3.36000        0.00000

   Energies (kJ/mol)
        LJ (SR)   Coulomb (SR)   Coul. recip.      Potential    Kinetic En.
    0.00000e+00    0.00000e+00   -4.52761e-01   -4.52761e-01    7.99960e+00
   Total Energy  Conserved En.    Temperature Pressure (bar)
    7.54684e+00    7.54684e+00    3.20708e+02    8.60576e-02

           Step           Time         Lambda
           1690        3.38000        0.00000

   Energies (kJ/mol)
        LJ (SR)   Coulomb (SR)   Coul. recip.      Potential    Kinetic En.
    0.00000e+00    0.00000e+00   -4.50832e-01   -4.50832e-01    7.99961e+00
   Total Energy  Conserved En.    Temperature Pressure (bar)
    7.54877e+00    7.54877e+00    3.20709e+02    8.60700e-02

           Step           Time         Lambda
           1700        3.40000        0.00000

   Energies (kJ/mol)
        LJ (SR)   Coulomb (SR)   Coul. recip.      Potential    Kinetic En.
    0.00000e+00    0.00000e+00   -4.49010e-01   -4.49010e-01    7.99961e+00
   Total Energy  Conserved En.    Temperature Pressure (bar)
    7.55060e+00    7.55060e+00    3.20709e+02    8.60786e-02

           Step           Time         Lambda
           1710        3.42000        0.00000

   Energies (kJ/mol)
        LJ (SR)   Coulomb (SR)   Coul. recip.      Potential    Kinetic En.
    0.00000e+00    0.00000e+00   -4.47197e-01   -4.47197e-01    7.99961e+00
   Total Energy  Conserved En.    Temperature Pressure (bar)
    7.55241e+00    7.55241e+00    3.20709e+02    8.60879e-02

           Step           Time         Lambda
           1720        3.44000        0.00000

   Energies (kJ/mol)
        LJ (SR)   Coulomb (SR)   Coul. recip.      Potential    Kinetic En.
    0.00000e+00    0.00000e+00   -4.45334e-01   -4.45334e-01    7.99961e+00
   Total Energy  Conserved En.    Temperature Pressure (bar)
    7.55428e+00    7.55428e+00    3.20709e+02    8.60995e-02

           Step           Time         Lambda
           1730        3.46000        0.00000

   Energies (kJ/mol)
        LJ (SR)   Coulomb (SR)   Coul. recip.      Potential    Kinetic En.
    0.00000e+00    0.00000e+00   -4.43594e-01   -4.43594e-01    7.99961e+00
   Total Energy  Conserved En.    Temperature Pressure (bar)
    7.55602e+00    7.55602e+00    3.20709e+02    8.61081e-02

           Step           Time         Lambda
           1740        3.48000        0.00000

   Energies (kJ/mol)
        LJ (SR)   Coulomb (SR)   Coul. recip.      Potential    Kinetic En.
    0.00000e+00    0.00000e+00   -4.41832e-01   -4.41832e-01    7.99961e+00
   Total Energy  Conserved En.    Temperature Pressure (bar)
    7.55778e+00    7.55778e+00    3.20709e+02    8.61180e-02

           Step           Time         Lambda
           1750        3.50000        0.00000

   Energies (kJ/mol)
        LJ (SR)   Coulomb (SR)   Coul. recip.      Potential    Kinetic En.
    0.00000e+00    0.00000e+00   -4.40070e-01   -4.40070e-01    7.99961e+00
   Total Energy  Conserved En.    Temperature Pressure (bar)
    7.55955e+00    7.55955e+00    3.20709e+02    8.61278e-02

           Step           Time         Lambda
           1760        3.52000        0.00000

   Energies (kJ/mol)
        LJ (SR)   Coulomb (SR)   Coul. recip.      Potential    Kinetic En.
    0.00000e+00    0.00000e+00   -4.38426e-01   -4.38426e-01    7.99962e+00
   Total Energy  Conserved En.    Temperature Pressure (bar)
    7.56119e+00    7.56119e+00    3.20709e+02    8.61356e-02

           Step           Time         Lambda
           1770        3.54000        0.00000

   Energies (kJ/mol)
        LJ (SR)   Coulomb (SR)   Coul. recip.      Potential    Kinetic En.
    0.00000e+00    0.00000e+00   -4.36831e-01   -4.36831e-01    7.99962e+00
   Total Energy  Conserved En.    Temperature Pressure (bar)
    7.56279e+00    7.56279e+00    3.20709e+02    8.61452e-02

           Step           Time         Lambda
           1780        3.56000        0.00000

   Energies (kJ/mol)
        LJ (SR)   Coulomb (SR)   Coul. recip.      Potential    Kinetic En.
    0.00000e+00    0.00000e+00   -4.35156e-01   -4.35156e-01    7.99962e+00
   Total Energy  Conserved En.    Temperature Pressure (bar)
    7.56446e+00    7.56446e+00    3.20709e+02    8.61554e-02

           Step           Time         Lambda
           1790        3.58000        0.00000

   Energies (kJ/mol)
        LJ (SR)   Coulomb (SR)   Coul. recip.      Potential    Kinetic En.
    0.00000e+00    0.00000e+00   -4.33588e-01   -4.33588e-01    7.99962e+00
   Total Energy  Conserved En.    Temperature Pressure (bar)
    7.56603e+00    7.56603e+00    3.20709e+02    8.61631e-02

           Step           Time         Lambda
           1800        3.60000        0.00000

   Energies (kJ/mol)
        LJ (SR)   Coulomb (SR)   Coul. recip.      Potential    Kinetic En.
    0.00000e+00    0.00000e+00   -4.32066e-01   -4.32066e-01    7.99962e+00
   Total Energy  Conserved En.    Temperature Pressure (bar)
    7.56756e+00    7.56756e+00    3.20709e+02    8.61709e-02

           Step           Time         Lambda
           1810        3.62000        0.00000

   Energies (kJ/mol)
        LJ (SR)   Coulomb (SR)   Coul. recip.      Potential    Kinetic En.
    0.00000e+00    0.00000e+00   -4.30455e-01   -4.30455e-01    7.99962e+00
   Total Energy  Conserved En.    Temperature Pressure (bar)
    7.56917e+00    7.56917e+00    3.20709e+02    8.61805e-02

           Step           Time         Lambda
           1820        3.64000        0.00000

   Energies (kJ/mol)
        LJ (SR)   Coulomb (SR)   Coul. recip.      Potential    Kinetic En.
    0.00000e+00    0.00000e+00   -4.28828e-01   -4.28828e-01    7.99963e+00
   Total Energy  Conserved En.    Temperature Pressure (bar)
    7.57080e+00    7.57080e+00    3.20709e+02    8.61907e-02

           Step           Time         Lambda
           1830        3.66000        0.00000

   Energies (kJ/mol)
        LJ (SR)   Coulomb (SR)   Coul. recip.      Potential    Kinetic En.
    0.00000e+00    0.00000e+00   -4.27413e-01   -4.27413e-01    7.99963e+00
   Total Energy  Conserved En.    Temperature Pressure (bar)
    7.57221e+00    7.57221e+00    3.20709e+02    8.61988e-02

           Step           Time         Lambda
           1840        3.68000        0.00000

   Energies (kJ/mol)
        LJ (SR)   Coulomb (SR)   Coul. recip.      Potential    Kinetic En.
    0.00000e+00    0.00000e+00   -4.25895e-01   -4.25895e-01    7.99963e+00
   Total Energy  Conserved En.    Temperature Pressure (bar)
    7.57373e+00    7.57373e+00    3.20710e+02    8.62071e-02

           Step           Time         Lambda
           1850        3.70000        0.00000

   Energies (kJ/mol)
        LJ (SR)   Coulomb (SR)   Coul. recip.      Potential    Kinetic En.
    0.00000e+00    0.00000e+00   -4.24510e-01   -4.24510e-01    7.99963e+00
   Total Energy  Conserved En.    Temperature Pressure (bar)
    7.57512e+00    7.57512e+00    3.20710e+02    8.62144e-02

           Step           Time         Lambda
           1860        3.72000        0.00000

   Energies (kJ/mol)
        LJ (SR)   Coulomb (SR)   Coul. recip.      Potential    Kinetic En.
    0.00000e+00    0.00000e+00   -4.23171e-01   -4.23171e-01    7.99963e+00
   Total Energy  Conserved En.    Temperature Pressure (bar)
    7.57646e+00    7.57646e+00    3.20710e+02    8.62214e-02

           Step           Time         Lambda
           1870        3.74000        0.00000

   Energies (kJ/mol)
        LJ (SR)   Coulomb (SR)   Coul. recip.      Potential    Kinetic En.
    0.00000e+00    0.00000e+00   -4.21785e-01   -4.21785e-01    7.99963e+00
   Total Energy  Conserved En.    Temperature Pressure (bar)
    7.57785e+00    7.57785e+00    3.20710e+02    8.62294e-02

           Step           Time         Lambda
           1880        3.76000        0.00000

   Energies (kJ/mol)
        LJ (SR)   Coulomb (SR)   Coul. recip.      Potential    Kinetic En.
    0.00000e+00    0.00000e+00   -4.20496e-01   -4.20496e-01    7.99963e+00
   Total Energy  Conserved En.    Temperature Pressure (bar)
    7.57914e+00    7.57914e+00    3.20710e+02    8.62355e-02

           Step           Time         Lambda
           1890        3.78000        0.00000

   Energies (kJ/mol)
        LJ (SR)   Coulomb (SR)   Coul. recip.      Potential    Kinetic En.
    0.00000e+00    0.00000e+00   -4.19075e-01   -4.19075e-01    7.99963e+00
   Total Energy  Conserved En.    Temperature Pressure (bar)
    7.58056e+00    7.58056e+00    3.20710e+02    8.62451e-02

           Step           Time         Lambda
           1900        3.80000        0.00000

   Energies (kJ/mol)
        LJ (SR)   Coulomb (SR)   Coul. recip.      Potential    Kinetic En.
    0.00000e+00    0.00000e+00   -4.17812e-01   -4.17812e-01    7.99964e+00
   Total Energy  Conserved En.    Temperature Pressure (bar)
    7.58182e+00    7.58182e+00    3.20710e+02    8.62513e-02

           Step           Time         Lambda
           1910        3.82000        0.00000

   Energies (kJ/mol)
        LJ (SR)   Coulomb (SR)   Coul. recip.      Potential    Kinetic En.
    0.00000e+00    0.00000e+00   -4.16601e-01   -4.16601e-01    7.99964e+00
   Total Energy  Conserved En.    Temperature Pressure (bar)
    7.58304e+00    7.58304e+00    3.20710e+02    8.62578e-02

           Step           Time         Lambda
           1920        3.84000        0.00000

   Energies (kJ/mol)
        LJ (SR)   Coulomb (SR)   Coul. recip.      Potential    Kinetic En.
    0.00000e+00    0.00000e+00   -4.15393e-01   -4.15393e-01    7.99964e+00
   Total Energy  Conserved En.    Temperature Pressure (bar)
    7.58425e+00    7.58425e+00    3.20710e+02    8.62649e-02

           Step           Time         Lambda
           1930        3.86000        0.00000

   Energies (kJ/mol)
        LJ (SR)   Coulomb (SR)   Coul. recip.      Potential    Kinetic En.
    0.00000e+00    0.00000e+00   -4.14136e-01   -4.14136e-01    7.99964e+00
   Total Energy  Conserved En.    Temperature Pressure (bar)
    7.58550e+00    7.58550e+00    3.20710e+02    8.62719e-02

           Step           Time         Lambda
           1940        3.88000        0.00000

   Energies (kJ/mol)
        LJ (SR)   Coulomb (SR)   Coul. recip.      Potential    Kinetic En.
    0.00000e+00    0.00000e+00   -4.12865e-01   -4.12865e-01    7.99964e+00
   Total Energy  Conserved En.    Temperature Pressure (bar)
    7.58678e+00    7.58678e+00    3.20710e+02    8.62789e-02

           Step           Time         Lambda
           1950        3.90000        0.00000

   Energies (kJ/mol)
        LJ (SR)   Coulomb (SR)   Coul. recip.      Potential    Kinetic En.
    0.00000e+00    0.00000e+00   -4.11764e-01   -4.11764e-01    7.99964e+00
   Total Energy  Conserved En.    Temperature Pressure (bar)
    7.58788e+00    7.58788e+00    3.20710e+02    8.62845e-02

           Step           Time         Lambda
           1960        3.92000        0.00000

   Energies (kJ/mol)
        LJ (SR)   Coulomb (SR)   Coul. recip.      Potential    Kinetic En.
    0.00000e+00    0.00000e+00   -4.10564e-01   -4.10564e-01    7.99964e+00
   Total Energy  Conserved En.    Temperature Pressure (bar)
    7.58908e+00    7.58908e+00    3.20710e+02    8.62918e-02

           Step           Time         Lambda
           1970        3.94000        0.00000

   Energies (kJ/mol)
        LJ (SR)   Coulomb (SR)   Coul. recip.      Potential    Kinetic En.
    0.00000e+00    0.00000e+00   -4.09478e-01   -4.09478e-01    7.99965e+00
   Total Energy  Conserved En.    Temperature Pressure (bar)
    7.59017e+00    7.59017e+00    3.20710e+02    8.62983e-02

           Step           Time         Lambda
           1980        3.96000        0.00000

   Energies (kJ/mol)
        LJ (SR)   Coulomb (SR)   Coul. recip.      Potential    Kinetic En.
    0.00000e+00    0.00000e+00   -4.08459e-01   -4.08459e-01    7.99965e+00
   Total Energy  Conserved En.    Temperature Pressure (bar)
    7.59119e+00    7.59119e+00    3.20710e+02    8.63035e-02

           Step           Time         Lambda
           1990        3.98000        0.00000

   Energies (kJ/mol)
        LJ (SR)   Coulomb (SR)   Coul. recip.      Potential    Kinetic En.
    0.00000e+00    0.00000e+00   -4.07323e-01   -4.07323e-01    7.99965e+00
   Total Energy  Conserved En.    Temperature Pressure (bar)
    7.59232e+00    7.59232e+00    3.20710e+02    8.63092e-02

           Step           Time         Lambda
           2000        4.00000        0.00000

   Energies (kJ/mol)
        LJ (SR)   Coulomb (SR)   Coul. recip.      Potential    Kinetic En.
    0.00000e+00    0.00000e+00   -4.06293e-01   -4.06293e-01    7.99965e+00
   Total Energy  Conserved En.    Temperature Pressure (bar)
    7.59336e+00    7.59336e+00    3.20710e+02    8.63138e-02

           Step           Time         Lambda
           2010        4.02000        0.00000

   Energies (kJ/mol)
        LJ (SR)   Coulomb (SR)   Coul. recip.      Potential    Kinetic En.
    0.00000e+00    0.00000e+00   -4.05297e-01   -4.05297e-01    7.99965e+00
   Total Energy  Conserved En.    Temperature Pressure (bar)
    7.59435e+00    7.59435e+00    3.20710e+02    8.63220e-02

           Step           Time         Lambda
           2020        4.04000        0.00000

   Energies (kJ/mol)
        LJ (SR)   Coulomb (SR)   Coul. recip.      Potential    Kinetic En.
    0.00000e+00    0.00000e+00   -4.04289e-01   -4.04289e-01    7.99965e+00
   Total Energy  Conserved En.    Temperature Pressure (bar)
    7.59536e+00    7.59536e+00    3.20710e+02    8.63270e-02

           Step           Time         Lambda
           2030        4.06000        0.00000

   Energies (kJ/mol)
        LJ (SR)   Coulomb (SR)   Coul. recip.      Potential    Kinetic En.
    0.00000e+00    0.00000e+00   -4.03328e-01   -4.03328e-01    7.99965e+00
   Total Energy  Conserved En.    Temperature Pressure (bar)
    7.59632e+00    7.59632e+00    3.20710e+02    8.63310e-02

           Step           Time         Lambda
           2040        4.08000        0.00000

   Energies (kJ/mol)
        LJ (SR)   Coulomb (SR)   Coul. recip.      Potential    Kinetic En.
    0.00000e+00    0.00000e+00   -4.02370e-01   -4.02370e-01    7.99965e+00
   Total Energy  Conserved En.    Temperature Pressure (bar)
    7.59728e+00    7.59728e+00    3.20711e+02    8.63370e-02

           Step           Time         Lambda
           2050        4.10000        0.00000

   Energies (kJ/mol)
        LJ (SR)   Coulomb (SR)   Coul. recip.      Potential    Kinetic En.
    0.00000e+00    0.00000e+00   -4.01400e-01   -4.01400e-01    7.99965e+00
   Total Energy  Conserved En.    Temperature Pressure (bar)
    7.59825e+00    7.59825e+00    3.20711e+02    8.63423e-02

           Step           Time         Lambda
           2060        4.12000        0.00000

   Energies (kJ/mol)
        LJ (SR)   Coulomb (SR)   Coul. recip.      Potential    Kinetic En.
    0.00000e+00    0.00000e+00   -4.00469e-01   -4.00469e-01    7.99966e+00
   Total Energy  Conserved En.    Temperature Pressure (bar)
    7.59919e+00    7.59919e+00    3.20711e+02    8.63484e-02

           Step           Time         Lambda
           2070        4.14000        0.00000

   Energies (kJ/mol)
        LJ (SR)   Coulomb (SR)   Coul. recip.      Potential    Kinetic En.
    0.00000e+00    0.00000e+00   -3.99744e-01   -3.99744e-01    7.99966e+00
   Total Energy  Conserved En.    Temperature Pressure (bar)
    7.59991e+00    7.59991e+00    3.20711e+02    8.63509e-02

           Step           Time         Lambda
           2080        4.16000        0.00000

   Energies (kJ/mol)
        LJ (SR)   Coulomb (SR)   Coul. recip.      Potential    Kinetic En.
    0.00000e+00    0.00000e+00   -3.98924e-01   -3.98924e-01    7.99966e+00
   Total Energy  Conserved En.    Temperature Pressure (bar)
    7.60073e+00    7.60073e+00    3.20711e+02    8.63551e-02

           Step           Time         Lambda
           2090        4.18000        0.00000

   Energies (kJ/mol)
        LJ (SR)   Coulomb (SR)   Coul. recip.      Potential    Kinetic En.
    0.00000e+00    0.00000e+00   -3.98057e-01   -3.98057e-01    7.99966e+00
   Total Energy  Conserved En.    Temperature Pressure (bar)
    7.60160e+00    7.60160e+00    3.20711e+02    8.63601e-02

           Step           Time         Lambda
           2100        4.20000        0.00000

   Energies (kJ/mol)
        LJ (SR)   Coulomb (SR)   Coul. recip.      Potential    Kinetic En.
    0.00000e+00    0.00000e+00   -3.97217e-01   -3.97217e-01    7.99966e+00
   Total Energy  Conserved En.    Temperature Pressure (bar)
    7.60244e+00    7.60244e+00    3.20711e+02    8.63646e-02

           Step           Time         Lambda
           2110        4.22000        0.00000

   Energies (kJ/mol)
        LJ (SR)   Coulomb (SR)   Coul. recip.      Potential    Kinetic En.
    0.00000e+00    0.00000e+00   -3.96423e-01   -3.96423e-01    7.99966e+00
   Total Energy  Conserved En.    Temperature Pressure (bar)
    7.60324e+00    7.60324e+00    3.20711e+02    8.63703e-02

           Step           Time         Lambda
           2120        4.24000        0.00000

   Energies (kJ/mol)
        LJ (SR)   Coulomb (SR)   Coul. recip.      Potential    Kinetic En.
    0.00000e+00    0.00000e+00   -3.95652e-01   -3.95652e-01    7.99966e+00
   Total Energy  Conserved En.    Temperature Pressure (bar)
    7.60401e+00    7.60401e+00    3.20711e+02    8.63746e-02

           Step           Time         Lambda
           2130        4.26000        0.00000

   Energies (kJ/mol)
        LJ (SR)   Coulomb (SR)   Coul. recip.      Potential    Kinetic En.
    0.00000e+00    0.00000e+00   -3.94920e-01   -3.94920e-01    7.99966e+00
   Total Energy  Conserved En.    Temperature Pressure (bar)
    7.60474e+00    7.60474e+00    3.20711e+02    8.63785e-02

           Step           Time         Lambda
           2140        4.28000        0.00000

   Energies (kJ/mol)
        LJ (SR)   Coulomb (SR)   Coul. recip.      Potential    Kinetic En.
    0.00000e+00    0.00000e+00   -3.94170e-01   -3.94170e-01    7.99966e+00
   Total Energy  Conserved En.    Temperature Pressure (bar)
    7.60549e+00    7.60549e+00    3.20711e+02    8.63820e-02

           Step           Time         Lambda
           2150        4.30000        0.00000

   Energies (kJ/mol)
        LJ (SR)   Coulomb (SR)   Coul. recip.      Potential    Kinetic En.
    0.00000e+00    0.00000e+00   -3.93435e-01   -3.93435e-01    7.99967e+00
   Total Energy  Conserved En.    Temperature Pressure (bar)
    7.60623e+00    7.60623e+00    3.20711e+02    8.63861e-02

           Step           Time         Lambda
           2160        4.32000        0.00000

   Energies (kJ/mol)
        LJ (SR)   Coulomb (SR)   Coul. recip.      Potential    Kinetic En.
    0.00000e+00    0.00000e+00   -3.92733e-01   -3.92733e-01    7.99967e+00
   Total Energy  Conserved En.    Temperature Pressure (bar)
    7.60693e+00    7.60693e+00    3.20711e+02    8.63916e-02

           Step           Time         Lambda
           2170        4.34000        0.00000



Received the INT signal, stopping at the next NS step

   Energies (kJ/mol)
        LJ (SR)   Coulomb (SR)   Coul. recip.      Potential    Kinetic En.
    0.00000e+00    0.00000e+00   -3.92165e-01   -3.92165e-01    7.99967e+00
   Total Energy  Conserved En.    Temperature Pressure (bar)
    7.60750e+00    7.60750e+00    3.20711e+02    8.63933e-02

           Step           Time         Lambda
           2180        4.36000        0.00000

   Energies (kJ/mol)
        LJ (SR)   Coulomb (SR)   Coul. recip.      Potential    Kinetic En.
    0.00000e+00    0.00000e+00   -3.91464e-01   -3.91464e-01    7.99967e+00
   Total Energy  Conserved En.    Temperature Pressure (bar)
    7.60820e+00    7.60820e+00    3.20711e+02    8.63976e-02

           Step           Time         Lambda
           2190        4.38000        0.00000

   Energies (kJ/mol)
        LJ (SR)   Coulomb (SR)   Coul. recip.      Potential    Kinetic En.
    0.00000e+00    0.00000e+00   -3.90870e-01   -3.90870e-01    7.99967e+00
   Total Energy  Conserved En.    Temperature Pressure (bar)
    7.60880e+00    7.60880e+00    3.20711e+02    8.64006e-02

           Step           Time         Lambda
           2200        4.40000        0.00000

   Energies (kJ/mol)
        LJ (SR)   Coulomb (SR)   Coul. recip.      Potential    Kinetic En.
    0.00000e+00    0.00000e+00   -3.90357e-01   -3.90357e-01    7.99967e+00
   Total Energy  Conserved En.    Temperature Pressure (bar)
    7.60931e+00    7.60931e+00    3.20711e+02    8.64030e-02

           Step           Time         Lambda
           2210        4.42000        0.00000

   Energies (kJ/mol)
        LJ (SR)   Coulomb (SR)   Coul. recip.      Potential    Kinetic En.
    0.00000e+00    0.00000e+00   -3.89789e-01   -3.89789e-01    7.99967e+00
   Total Energy  Conserved En.    Temperature Pressure (bar)
    7.60988e+00    7.60988e+00    3.20711e+02    8.64058e-02

           Step           Time         Lambda
           2220        4.44000        0.00000

   Energies (kJ/mol)
        LJ (SR)   Coulomb (SR)   Coul. recip.      Potential    Kinetic En.
    0.00000e+00    0.00000e+00   -3.89162e-01   -3.89162e-01    7.99967e+00
   Total Energy  Conserved En.    Temperature Pressure (bar)
    7.61051e+00    7.61051e+00    3.20711e+02    8.64102e-02

           Step           Time         Lambda
           2230        4.46000        0.00000

   Energies (kJ/mol)
        LJ (SR)   Coulomb (SR)   Coul. recip.      Potential    Kinetic En.
    0.00000e+00    0.00000e+00   -3.88601e-01   -3.88601e-01    7.99967e+00
   Total Energy  Conserved En.    Temperature Pressure (bar)
    7.61107e+00    7.61107e+00    3.20711e+02    8.64152e-02

           Step           Time         Lambda
           2240        4.48000        0.00000

   Energies (kJ/mol)
        LJ (SR)   Coulomb (SR)   Coul. recip.      Potential    Kinetic En.
    0.00000e+00    0.00000e+00   -3.88117e-01   -3.88117e-01    7.99967e+00
   Total Energy  Conserved En.    Temperature Pressure (bar)
    7.61156e+00    7.61156e+00    3.20711e+02    8.64168e-02

           Step           Time         Lambda
           2250        4.50000        0.00000

   Energies (kJ/mol)
        LJ (SR)   Coulomb (SR)   Coul. recip.      Potential    Kinetic En.
    0.00000e+00    0.00000e+00   -3.87564e-01   -3.87564e-01    7.99968e+00
   Total Energy  Conserved En.    Temperature Pressure (bar)
    7.61211e+00    7.61211e+00    3.20711e+02    8.64193e-02

           Step           Time         Lambda
           2260        4.52000        0.00000

   Energies (kJ/mol)
        LJ (SR)   Coulomb (SR)   Coul. recip.      Potential    Kinetic En.
    0.00000e+00    0.00000e+00   -3.87192e-01   -3.87192e-01    7.99968e+00
   Total Energy  Conserved En.    Temperature Pressure (bar)
    7.61248e+00    7.61248e+00    3.20711e+02    8.64207e-02

           Step           Time         Lambda
           2270        4.54000        0.00000

   Energies (kJ/mol)
        LJ (SR)   Coulomb (SR)   Coul. recip.      Potential    Kinetic En.
    0.00000e+00    0.00000e+00   -3.86745e-01   -3.86745e-01    7.99968e+00
   Total Energy  Conserved En.   