Log file opened on Tue May 23 15:12:35 2017
Host: nick-ThinkPad-T440p  pid: 27184  nodeid: 0  nnodes:  1
The Gromacs distribution was built @TMP_TIME@ by
nick@nick-ThinkPad-T440p [CMAKE] (@TMP_MACHINE@)


                         :-)  G  R  O  M  A  C  S  (-:

              GROningen Mixture of Alchemy and Childrens' Stories

                            :-)  VERSION 4.5.3  (-:

        Written by Emile Apol, Rossen Apostolov, Herman J.C. Berendsen,
      Aldert van Buuren, Pär Bjelkmar, Rudi van Drunen, Anton Feenstra, 
        Gerrit Groenhof, Peter Kasson, Per Larsson, Pieter Meulenhoff, 
           Teemu Murtola, Szilard Pall, Sander Pronk, Roland Schulz, 
                Michael Shirts, Alfons Sijbers, Peter Tieleman,

               Berk Hess, David van der Spoel, and Erik Lindahl.

       Copyright (c) 1991-2000, University of Groningen, The Netherlands.
            Copyright (c) 2001-2010, The GROMACS development team at
        Uppsala University & The Royal Institute of Technology, Sweden.
            check out http://www.gromacs.org for more information.

         This program is free software; you can redistribute it and/or
          modify it under the terms of the GNU General Public License
         as published by the Free Software Foundation; either version 2
             of the License, or (at your option) any later version.

                                :-)  mdrun  (-:


++++ PLEASE READ AND CITE THE FOLLOWING REFERENCE ++++
B. Hess and C. Kutzner and D. van der Spoel and E. Lindahl
GROMACS 4: Algorithms for highly efficient, load-balanced, and scalable
molecular simulation
J. Chem. Theory Comput. 4 (2008) pp. 435-447
-------- -------- --- Thank You --- -------- --------


++++ PLEASE READ AND CITE THE FOLLOWING REFERENCE ++++
D. van der Spoel, E. Lindahl, B. Hess, G. Groenhof, A. E. Mark and H. J. C.
Berendsen
GROMACS: Fast, Flexible and Free
J. Comp. Chem. 26 (2005) pp. 1701-1719
-------- -------- --- Thank You --- -------- --------


++++ PLEASE READ AND CITE THE FOLLOWING REFERENCE ++++
E. Lindahl and B. Hess and D. van der Spoel
GROMACS 3.0: A package for molecular simulation and trajectory analysis
J. Mol. Mod. 7 (2001) pp. 306-317
-------- -------- --- Thank You --- -------- --------


++++ PLEASE READ AND CITE THE FOLLOWING REFERENCE ++++
H. J. C. Berendsen, D. van der Spoel and R. van Drunen
GROMACS: A message-passing parallel molecular dynamics implementation
Comp. Phys. Comm. 91 (1995) pp. 43-56
-------- -------- --- Thank You --- -------- --------

Input Parameters:
   integrator           = md
   nsteps               = 5000
   init_step            = 0
   ns_type              = Grid
   nstlist              = 1
   ndelta               = 2
   nstcomm              = 0
   comm_mode            = None
   nstlog               = 500
   nstxout              = 10
   nstvout              = 10
   nstfout              = 10
   nstcalcenergy        = 1
   nstenergy            = 10
   nstxtcout            = 0
   init_t               = 0
   delta_t              = 0.001
   xtcprec              = 1000
   nkx                  = 100
   nky                  = 100
   nkz                  = 100
   pme_order            = 6
   ewald_rtol           = 1e-06
   ewald_geometry       = 0
   epsilon_surface      = 0
   optimize_fft         = FALSE
   ePBC                 = xyz
   bPeriodicMols        = FALSE
   bContinuation        = FALSE
   bShakeSOR            = FALSE
   etc                  = No
   nsttcouple           = -1
   epc                  = No
   epctype              = Isotropic
   nstpcouple           = -1
   tau_p                = 1
   ref_p (3x3):
      ref_p[    0]={ 0.00000e+00,  0.00000e+00,  0.00000e+00}
      ref_p[    1]={ 0.00000e+00,  0.00000e+00,  0.00000e+00}
      ref_p[    2]={ 0.00000e+00,  0.00000e+00,  0.00000e+00}
   compress (3x3):
      compress[    0]={ 0.00000e+00,  0.00000e+00,  0.00000e+00}
      compress[    1]={ 0.00000e+00,  0.00000e+00,  0.00000e+00}
      compress[    2]={ 0.00000e+00,  0.00000e+00,  0.00000e+00}
   refcoord_scaling     = No
   posres_com (3):
      posres_com[0]= 0.00000e+00
      posres_com[1]= 0.00000e+00
      posres_com[2]= 0.00000e+00
   posres_comB (3):
      posres_comB[0]= 0.00000e+00
      posres_comB[1]= 0.00000e+00
      posres_comB[2]= 0.00000e+00
   andersen_seed        = 815131
   rlist                = 0.9
   rlistlong            = 0.9
   rtpi                 = 0.05
   coulombtype          = PME
   rcoulomb_switch      = 0
   rcoulomb             = 0.9
   vdwtype              = Cut-off
   rvdw_switch          = 0
   rvdw                 = 0.9
   epsilon_r            = 1
   epsilon_rf           = 1
   tabext               = 1
   implicit_solvent     = No
   gb_algorithm         = Still
   gb_epsilon_solvent   = 80
   nstgbradii           = 1
   rgbradii             = 1
   gb_saltconc          = 0
   gb_obc_alpha         = 1
   gb_obc_beta          = 0.8
   gb_obc_gamma         = 4.85
   gb_dielectric_offset = 0.009
   sa_algorithm         = Ace-approximation
   sa_surface_tension   = 2.05016
   DispCorr             = No
   free_energy          = yes
   init_lambda          = 0
   delta_lambda         = 0
   n_foreign_lambda     = 3
   foreign_lambda:           0         0.5           1
   sc_alpha             = 0
   sc_power             = 0
   sc_sigma             = 0.3
   sc_sigma_min         = 0.3
   nstdhdl              = 10
   separate_dhdl_file   = yes
   dhdl_derivatives     = yes
   dh_hist_size         = 0
   dh_hist_spacing      = 0.1
   nwall                = 0
   wall_type            = 9-3
   wall_atomtype[0]     = -1
   wall_atomtype[1]     = -1
   wall_density[0]      = 0
   wall_density[1]      = 0
   wall_ewald_zfac      = 3
   pull                 = no
   disre                = No
   disre_weighting      = Conservative
   disre_mixed          = FALSE
   dr_fc                = 1000
   dr_tau               = 0
   nstdisreout          = 100
   orires_fc            = 0
   orires_tau           = 0
   nstorireout          = 100
   dihre-fc             = 1000
   em_stepsize          = 0.01
   em_tol               = 10
   niter                = 20
   fc_stepsize          = 0
   nstcgsteep           = 1000
   nbfgscorr            = 10
   ConstAlg             = Lincs
   shake_tol            = 0.0001
   lincs_order          = 4
   lincs_warnangle      = 30
   lincs_iter           = 1
   bd_fric              = 0
   ld_seed              = 1993
   cos_accel            = 0
   deform (3x3):
      deform[    0]={ 0.00000e+00,  0.00000e+00,  0.00000e+00}
      deform[    1]={ 0.00000e+00,  0.00000e+00,  0.00000e+00}
      deform[    2]={ 0.00000e+00,  0.00000e+00,  0.00000e+00}
   userint1             = 0
   userint2             = 0
   userint3             = 0
   userint4             = 0
   userreal1            = 0
   userreal2            = 0
   userreal3            = 0
   userreal4            = 0
grpopts:
   nrdf:           6
   ref_t:           0
   tau_t:           0
anneal:          No
ann_npoints:           0
   acc:	           0           0           0
   nfreeze:           N           N           N
   energygrp_flags[  0]: 0
   efield-x:
      n = 0
   efield-xt:
      n = 0
   efield-y:
      n = 0
   efield-yt:
      n = 0
   efield-z:
      n = 0
   efield-zt:
      n = 0
   bQMMM                = FALSE
   QMconstraints        = 0
   QMMMscheme           = 0
   scalefactor          = 1
qm_opts:
   ngQM                 = 0
Table routines are used for coulomb: TRUE
Table routines are used for vdw:     FALSE
Will do PME sum in reciprocal space.

++++ PLEASE READ AND CITE THE FOLLOWING REFERENCE ++++
U. Essman, L. Perela, M. L. Berkowitz, T. Darden, H. Lee and L. G. Pedersen 
A smooth particle mesh Ewald method
J. Chem. Phys. 103 (1995) pp. 8577-8592
-------- -------- --- Thank You --- -------- --------

Will do ordinary reciprocal space Ewald sum.
Using a Gaussian width (1/beta) of 0.260197 nm for Ewald
Cut-off's:   NS: 0.9   Coulomb: 0.9   LJ: 0.9
System total charge, top. A: 0.000 top. B: 0.000
Generated table with 950 data points for Ewald.
Tabscale = 500 points/nm
Generated table with 950 data points for LJ6.
Tabscale = 500 points/nm
Generated table with 950 data points for LJ12.
Tabscale = 500 points/nm
Configuring nonbonded kernels...
Configuring standard C nonbonded kernels...
Testing x86_64 SSE2 support... present.


There are 2 atoms and 2 charges for free energy perturbation
Removing pbc first time
There are: 2 Atoms
Max number of connections per atom is 0
Total number of connections is 0
Initial temperature: 8017.81 K

Started mdrun on node 0 Tue May 23 15:12:35 2017

           Step           Time         Lambda
              0        0.00000        0.00000

Grid: 11 x 11 x 11 cells
   Energies (kJ/mol)
        LJ (SR)   Coulomb (SR)   Coul. recip.      Potential    Kinetic En.
    0.00000e+00           -inf   -6.02511e+00           -inf           -nan
   Total Energy    Temperature Pressure (bar)  dVpot/dlambda  dEkin/dlambda
           -nan           -nan           -nan           -nan    0.00000e+00

           Step           Time         Lambda
             10        0.02000        0.00000

   Energies (kJ/mol)
        LJ (SR)   Coulomb (SR)   Coul. recip.      Potential    Kinetic En.
    0.00000e+00   -8.15208e+00   -5.74125e+00   -1.38933e+01    1.99650e+02
   Total Energy    Temperature Pressure (bar)  dVpot/dlambda  dEkin/dlambda
    1.85757e+02    8.00409e+03    2.13328e+00    1.38933e+01    0.00000e+00

           Step           Time         Lambda
             20        0.04000        0.00000

   Energies (kJ/mol)
        LJ (SR)   Coulomb (SR)   Coul. recip.      Potential    Kinetic En.
    0.00000e+00   -1.92430e+00   -5.02274e+00   -6.94703e+00    1.99906e+02
   Total Energy    Temperature Pressure (bar)  dVpot/dlambda  dEkin/dlambda
    1.92959e+02    8.01434e+03    2.17456e+00    6.94703e+00    0.00000e+00

           Step           Time         Lambda
             30        0.06000        0.00000

   Energies (kJ/mol)
        LJ (SR)   Coulomb (SR)   Coul. recip.      Potential    Kinetic En.
    0.00000e+00   -4.76899e-01   -4.15489e+00   -4.63179e+00    1.99954e+02
   Total Energy    Temperature Pressure (bar)  dVpot/dlambda  dEkin/dlambda
    1.95322e+02    8.01627e+03    2.18791e+00    4.63179e+00    0.00000e+00

           Step           Time         Lambda
             40        0.08000        0.00000

   Energies (kJ/mol)
        LJ (SR)   Coulomb (SR)   Coul. recip.      Potential    Kinetic En.
    0.00000e+00   -1.03146e-01   -3.37125e+00   -3.47439e+00    1.99971e+02
   Total Energy    Temperature Pressure (bar)  dVpot/dlambda  dEkin/dlambda
    1.96496e+02    8.01694e+03    2.19451e+00    3.47439e+00    0.00000e+00

           Step           Time         Lambda
             50        0.10000        0.00000

   Energies (kJ/mol)
        LJ (SR)   Coulomb (SR)   Coul. recip.      Potential    Kinetic En.
    0.00000e+00   -1.82691e-02   -2.76176e+00   -2.78003e+00    1.99979e+02
   Total Energy    Temperature Pressure (bar)  dVpot/dlambda  dEkin/dlambda
    1.97199e+02    8.01725e+03    2.19844e+00    2.78003e+00    0.00000e+00

           Step           Time         Lambda
             60        0.12000        0.00000

   Energies (kJ/mol)
        LJ (SR)   Coulomb (SR)   Coul. recip.      Potential    Kinetic En.
    0.00000e+00   -2.56896e-03   -2.31496e+00   -2.31753e+00    1.99983e+02
   Total Energy    Temperature Pressure (bar)  dVpot/dlambda  dEkin/dlambda
    1.97665e+02    8.01742e+03    2.20104e+00    2.31753e+00    0.00000e+00

           Step           Time         Lambda
             70        0.14000        0.00000

   Energies (kJ/mol)
        LJ (SR)   Coulomb (SR)   Coul. recip.      Potential    Kinetic En.
    0.00000e+00   -2.81811e-04   -1.98698e+00   -1.98726e+00    1.99985e+02
   Total Energy    Temperature Pressure (bar)  dVpot/dlambda  dEkin/dlambda
    1.97998e+02    8.01753e+03    2.20290e+00    1.98726e+00    0.00000e+00

           Step           Time         Lambda
             80        0.16000        0.00000

   Energies (kJ/mol)
        LJ (SR)   Coulomb (SR)   Coul. recip.      Potential    Kinetic En.
    0.00000e+00   -2.38419e-05   -1.73962e+00   -1.73964e+00    1.99987e+02
   Total Energy    Temperature Pressure (bar)  dVpot/dlambda  dEkin/dlambda
    1.98247e+02    8.01759e+03    2.20429e+00    1.73964e+00    0.00000e+00

           Step           Time         Lambda
             90        0.18000        0.00000

   Energies (kJ/mol)
        LJ (SR)   Coulomb (SR)   Coul. recip.      Potential    Kinetic En.
    0.00000e+00    0.00000e+00   -1.54720e+00   -1.54720e+00    1.99988e+02
   Total Energy    Temperature Pressure (bar)  dVpot/dlambda  dEkin/dlambda
    1.98441e+02    8.01764e+03    2.20537e+00    1.54720e+00    0.00000e+00

           Step           Time         Lambda
            100        0.20000        0.00000

   Energies (kJ/mol)
        LJ (SR)   Coulomb (SR)   Coul. recip.      Potential    Kinetic En.
    0.00000e+00    0.00000e+00   -1.39324e+00   -1.39324e+00    1.99989e+02
   Total Energy    Temperature Pressure (bar)  dVpot/dlambda  dEkin/dlambda
    1.98596e+02    8.01767e+03    2.20623e+00    1.39324e+00    0.00000e+00

           Step           Time         Lambda
            110        0.22000        0.00000

   Energies (kJ/mol)
        LJ (SR)   Coulomb (SR)   Coul. recip.      Potential    Kinetic En.
    0.00000e+00    0.00000e+00   -1.26776e+00   -1.26776e+00    1.99990e+02
   Total Energy    Temperature Pressure (bar)  dVpot/dlambda  dEkin/dlambda
    1.98722e+02    8.01770e+03    2.20693e+00    1.26776e+00    0.00000e+00

           Step           Time         Lambda
            120        0.24000        0.00000

   Energies (kJ/mol)
        LJ (SR)   Coulomb (SR)   Coul. recip.      Potential    Kinetic En.
    0.00000e+00    0.00000e+00   -1.16318e+00   -1.16318e+00    1.99990e+02
   Total Energy    Temperature Pressure (bar)  dVpot/dlambda  dEkin/dlambda
    1.98827e+02    8.01771e+03    2.20751e+00    1.16318e+00    0.00000e+00

           Step           Time         Lambda
            130        0.26000        0.00000

   Energies (kJ/mol)
        LJ (SR)   Coulomb (SR)   Coul. recip.      Potential    Kinetic En.
    0.00000e+00    0.00000e+00   -1.07490e+00   -1.07490e+00    1.99990e+02
   Total Energy    Temperature Pressure (bar)  dVpot/dlambda  dEkin/dlambda
    1.98916e+02    8.01773e+03    2.20801e+00    1.07490e+00    0.00000e+00

           Step           Time         Lambda
            140        0.28000        0.00000

   Energies (kJ/mol)
        LJ (SR)   Coulomb (SR)   Coul. recip.      Potential    Kinetic En.
    0.00000e+00    0.00000e+00   -9.99455e-01   -9.99455e-01    1.99991e+02
   Total Energy    Temperature Pressure (bar)  dVpot/dlambda  dEkin/dlambda
    1.98991e+02    8.01774e+03    2.20843e+00    9.99455e-01    0.00000e+00

           Step           Time         Lambda
            150        0.30000        0.00000

   Energies (kJ/mol)
        LJ (SR)   Coulomb (SR)   Coul. recip.      Potential    Kinetic En.
    0.00000e+00    0.00000e+00   -9.34116e-01   -9.34116e-01    1.99991e+02
   Total Energy    Temperature Pressure (bar)  dVpot/dlambda  dEkin/dlambda
    1.99057e+02    8.01775e+03    2.20879e+00    9.34116e-01    0.00000e+00

           Step           Time         Lambda
            160        0.32000        0.00000

   Energies (kJ/mol)
        LJ (SR)   Coulomb (SR)   Coul. recip.      Potential    Kinetic En.
    0.00000e+00    0.00000e+00   -8.77245e-01   -8.77245e-01    1.99991e+02
   Total Energy    Temperature Pressure (bar)  dVpot/dlambda  dEkin/dlambda
    1.99114e+02    8.01776e+03    2.20911e+00    8.77245e-01    0.00000e+00

           Step           Time         Lambda
            170        0.34000        0.00000

   Energies (kJ/mol)
        LJ (SR)   Coulomb (SR)   Coul. recip.      Potential    Kinetic En.
    0.00000e+00    0.00000e+00   -8.27191e-01   -8.27191e-01    1.99991e+02
   Total Energy    Temperature Pressure (bar)  dVpot/dlambda  dEkin/dlambda
    1.99164e+02    8.01776e+03    2.20939e+00    8.27191e-01    0.00000e+00

           Step           Time         Lambda
            180        0.36000        0.00000

   Energies (kJ/mol)
        LJ (SR)   Coulomb (SR)   Coul. recip.      Potential    Kinetic En.
    0.00000e+00    0.00000e+00   -7.82891e-01   -7.82891e-01    1.99991e+02
   Total Energy    Temperature Pressure (bar)  dVpot/dlambda  dEkin/dlambda
    1.99209e+02    8.01777e+03    2.20963e+00    7.82891e-01    0.00000e+00

           Step           Time         Lambda
            190        0.38000        0.00000

   Energies (kJ/mol)
        LJ (SR)   Coulomb (SR)   Coul. recip.      Potential    Kinetic En.
    0.00000e+00    0.00000e+00   -7.43381e-01   -7.43381e-01    1.99992e+02
   Total Energy    Temperature Pressure (bar)  dVpot/dlambda  dEkin/dlambda
    1.99248e+02    8.01777e+03    2.20985e+00    7.43381e-01    0.00000e+00

           Step           Time         Lambda
            200        0.40000        0.00000

   Energies (kJ/mol)
        LJ (SR)   Coulomb (SR)   Coul. recip.      Potential    Kinetic En.
    0.00000e+00    0.00000e+00   -7.08051e-01   -7.08051e-01    1.99992e+02
   Total Energy    Temperature Pressure (bar)  dVpot/dlambda  dEkin/dlambda
    1.99284e+02    8.01778e+03    2.21005e+00    7.08051e-01    0.00000e+00

           Step           Time         Lambda
            210        0.42000        0.00000

   Energies (kJ/mol)
        LJ (SR)   Coulomb (SR)   Coul. recip.      Potential    Kinetic En.
    0.00000e+00    0.00000e+00   -6.76376e-01   -6.76376e-01    1.99992e+02
   Total Energy    Temperature Pressure (bar)  dVpot/dlambda  dEkin/dlambda
    1.99315e+02    8.01778e+03    2.21023e+00    6.76376e-01    0.00000e+00

           Step           Time         Lambda
            220        0.44000        0.00000

   Energies (kJ/mol)
        LJ (SR)   Coulomb (SR)   Coul. recip.      Potential    Kinetic En.
    0.00000e+00    0.00000e+00   -6.47759e-01   -6.47759e-01    1.99992e+02
   Total Energy    Temperature Pressure (bar)  dVpot/dlambda  dEkin/dlambda
    1.99344e+02    8.01778e+03    2.21038e+00    6.47759e-01    0.00000e+00

           Step           Time         Lambda
            230        0.46000        0.00000

   Energies (kJ/mol)
        LJ (SR)   Coulomb (SR)   Coul. recip.      Potential    Kinetic En.
    0.00000e+00    0.00000e+00   -6.21832e-01   -6.21832e-01    1.99992e+02
   Total Energy    Temperature Pressure (bar)  dVpot/dlambda  dEkin/dlambda
    1.99370e+02    8.01779e+03    2.21053e+00    6.21832e-01    0.00000e+00

           Step           Time         Lambda
            240        0.48000        0.00000

   Energies (kJ/mol)
        LJ (SR)   Coulomb (SR)   Coul. recip.      Potential    Kinetic En.
    0.00000e+00    0.00000e+00   -5.98248e-01   -5.98248e-01    1.99992e+02
   Total Energy    Temperature Pressure (bar)  dVpot/dlambda  dEkin/dlambda
    1.99394e+02    8.01779e+03    2.21066e+00    5.98248e-01    0.00000e+00

           Step           Time         Lambda
            250        0.50000        0.00000

   Energies (kJ/mol)
        LJ (SR)   Coulomb (SR)   Coul. recip.      Potential    Kinetic En.
    0.00000e+00    0.00000e+00   -5.76528e-01   -5.76528e-01    1.99992e+02
   Total Energy    Temperature Pressure (bar)  dVpot/dlambda  dEkin/dlambda
    1.99415e+02    8.01779e+03    2.21078e+00    5.76528e-01    0.00000e+00

           Step           Time         Lambda
            260        0.52000        0.00000

   Energies (kJ/mol)
        LJ (SR)   Coulomb (SR)   Coul. recip.      Potential    Kinetic En.
    0.00000e+00    0.00000e+00   -5.57198e-01   -5.57198e-01    1.99992e+02
   Total Energy    Temperature Pressure (bar)  dVpot/dlambda  dEkin/dlambda
    1.99435e+02    8.01779e+03    2.21089e+00    5.57198e-01    0.00000e+00

           Step           Time         Lambda
            270        0.54000        0.00000

   Energies (kJ/mol)
        LJ (SR)   Coulomb (SR)   Coul. recip.      Potential    Kinetic En.
    0.00000e+00    0.00000e+00   -5.39308e-01   -5.39308e-01    1.99992e+02
   Total Energy    Temperature Pressure (bar)  dVpot/dlambda  dEkin/dlambda
    1.99453e+02    8.01779e+03    2.21099e+00    5.39308e-01    0.00000e+00

           Step           Time         Lambda
            280        0.56000        0.00000

   Energies (kJ/mol)
        LJ (SR)   Coulomb (SR)   Coul. recip.      Potential    Kinetic En.
    0.00000e+00    0.00000e+00   -5.22900e-01   -5.22900e-01    1.99992e+02
   Total Energy    Temperature Pressure (bar)  dVpot/dlambda  dEkin/dlambda
    1.99469e+02    8.01779e+03    2.21108e+00    5.22900e-01    0.00000e+00

           Step           Time         Lambda
            290        0.58000        0.00000

   Energies (kJ/mol)
        LJ (SR)   Coulomb (SR)   Coul. recip.      Potential    Kinetic En.
    0.00000e+00    0.00000e+00   -5.07875e-01   -5.07875e-01    1.99992e+02
   Total Energy    Temperature Pressure (bar)  dVpot/dlambda  dEkin/dlambda
    1.99484e+02    8.01779e+03    2.21116e+00    5.07875e-01    0.00000e+00

           Step           Time         Lambda
            300        0.60000        0.00000

   Energies (kJ/mol)
        LJ (SR)   Coulomb (SR)   Coul. recip.      Potential    Kinetic En.
    0.00000e+00    0.00000e+00   -4.93982e-01   -4.93982e-01    1.99992e+02
   Total Energy    Temperature Pressure (bar)  dVpot/dlambda  dEkin/dlambda
    1.99498e+02    8.01780e+03    2.21124e+00    4.93982e-01    0.00000e+00

           Step           Time         Lambda
            310        0.62000        0.00000

   Energies (kJ/mol)
        LJ (SR)   Coulomb (SR)   Coul. recip.      Potential    Kinetic En.
    0.00000e+00    0.00000e+00   -4.81341e-01   -4.81341e-01    1.99992e+02
   Total Energy    Temperature Pressure (bar)  dVpot/dlambda  dEkin/dlambda
    1.99511e+02    8.01780e+03    2.21131e+00    4.81341e-01    0.00000e+00

           Step           Time         Lambda
            320        0.64000        0.00000

   Energies (kJ/mol)
        LJ (SR)   Coulomb (SR)   Coul. recip.      Potential    Kinetic En.
    0.00000e+00    0.00000e+00   -4.69793e-01   -4.69793e-01    1.99992e+02
   Total Energy    Temperature Pressure (bar)  dVpot/dlambda  dEkin/dlambda
    1.99522e+02    8.01780e+03    2.21137e+00    4.69793e-01    0.00000e+00

           Step           Time         Lambda
            330        0.66000        0.00000

   Energies (kJ/mol)
        LJ (SR)   Coulomb (SR)   Coul. recip.      Potential    Kinetic En.
    0.00000e+00    0.00000e+00   -4.59210e-01   -4.59210e-01    1.99992e+02
   Total Energy    Temperature Pressure (bar)  dVpot/dlambda  dEkin/dlambda
    1.99533e+02    8.01780e+03    2.21143e+00    4.59210e-01    0.00000e+00

           Step           Time         Lambda
            340        0.68000        0.00000

   Energies (kJ/mol)
        LJ (SR)   Coulomb (SR)   Coul. recip.      Potential    Kinetic En.
    0.00000e+00    0.00000e+00   -4.49490e-01   -4.49490e-01    1.99992e+02
   Total Energy    Temperature Pressure (bar)  dVpot/dlambda  dEkin/dlambda
    1.99543e+02    8.01780e+03    2.21149e+00    4.49490e-01    0.00000e+00

           Step           Time         Lambda
            350        0.70000        0.00000

   Energies (kJ/mol)
        LJ (SR)   Coulomb (SR)   Coul. recip.      Potential    Kinetic En.
    0.00000e+00    0.00000e+00   -4.40508e-01   -4.40508e-01    1.99992e+02
   Total Energy    Temperature Pressure (bar)  dVpot/dlambda  dEkin/dlambda
    1.99552e+02    8.01780e+03    2.21154e+00    4.40508e-01    0.00000e+00

           Step           Time         Lambda
            360        0.72000        0.00000

   Energies (kJ/mol)
        LJ (SR)   Coulomb (SR)   Coul. recip.      Potential    Kinetic En.
    0.00000e+00    0.00000e+00   -4.32404e-01   -4.32404e-01    1.99992e+02
   Total Energy    Temperature Pressure (bar)  dVpot/dlambda  dEkin/dlambda
    1.99560e+02    8.01780e+03    2.21158e+00    4.32404e-01    0.00000e+00

           Step           Time         Lambda
            370        0.74000        0.00000

   Energies (kJ/mol)
        LJ (SR)   Coulomb (SR)   Coul. recip.      Potential    Kinetic En.
    0.00000e+00    0.00000e+00   -4.24984e-01   -4.24984e-01    1.99992e+02
   Total Energy    Temperature Pressure (bar)  dVpot/dlambda  dEkin/dlambda
    1.99567e+02    8.01780e+03    2.21162e+00    4.24984e-01    0.00000e+00

           Step           Time         Lambda
            380        0.76000        0.00000

   Energies (kJ/mol)
        LJ (SR)   Coulomb (SR)   Coul. recip.      Potential    Kinetic En.
    0.00000e+00    0.00000e+00   -4.18284e-01   -4.18284e-01    1.99992e+02
   Total Energy    Temperature Pressure (bar)  dVpot/dlambda  dEkin/dlambda
    1.99574e+02    8.01780e+03    2.21166e+00    4.18284e-01    0.00000e+00

           Step           Time         Lambda
            390        0.78000        0.00000

   Energies (kJ/mol)
        LJ (SR)   Coulomb (SR)   Coul. recip.      Potential    Kinetic En.
    0.00000e+00    0.00000e+00   -4.12200e-01   -4.12200e-01    1.99992e+02
   Total Energy    Temperature Pressure (bar)  dVpot/dlambda  dEkin/dlambda
    1.99580e+02    8.01780e+03    2.21169e+00    4.12200e-01    0.00000e+00

           Step           Time         Lambda
            400        0.80000        0.00000

   Energies (kJ/mol)
        LJ (SR)   Coulomb (SR)   Coul. recip.      Potential    Kinetic En.
    0.00000e+00    0.00000e+00   -4.06560e-01   -4.06560e-01    1.99992e+02
   Total Energy    Temperature Pressure (bar)  dVpot/dlambda  dEkin/dlambda
    1.99586e+02    8.01780e+03    2.21172e+00    4.06560e-01    0.00000e+00

           Step           Time         Lambda
            410        0.82000        0.00000

   Energies (kJ/mol)
        LJ (SR)   Coulomb (SR)   Coul. recip.      Potential    Kinetic En.
    0.00000e+00    0.00000e+00   -4.02008e-01   -4.02008e-01    1.99992e+02
   Total Energy    Temperature Pressure (bar)  dVpot/dlambda  dEkin/dlambda
    1.99590e+02    8.01781e+03    2.21175e+00    4.02008e-01    0.00000e+00

           Step           Time         Lambda
            420        0.84000        0.00000

   Energies (kJ/mol)
        LJ (SR)   Coulomb (SR)   Coul. recip.      Potential    Kinetic En.
    0.00000e+00    0.00000e+00   -3.97720e-01   -3.97720e-01    1.99992e+02
   Total Energy    Temperature Pressure (bar)  dVpot/dlambda  dEkin/dlambda
    1.99595e+02    8.01781e+03    2.21178e+00    3.97720e-01    0.00000e+00

           Step           Time         Lambda
            430        0.86000        0.00000

   Energies (kJ/mol)
        LJ (SR)   Coulomb (SR)   Coul. recip.      Potential    Kinetic En.
    0.00000e+00    0.00000e+00   -3.93928e-01   -3.93928e-01    1.99992e+02
   Total Energy    Temperature Pressure (bar)  dVpot/dlambda  dEkin/dlambda
    1.99598e+02    8.01781e+03    2.21180e+00    3.93928e-01    0.00000e+00

           Step           Time         Lambda
            440        0.88000        0.00000

   Energies (kJ/mol)
        LJ (SR)   Coulomb (SR)   Coul. recip.      Potential    Kinetic En.
    0.00000e+00    0.00000e+00   -3.90748e-01   -3.90748e-01    1.99992e+02
   Total Energy    Temperature Pressure (bar)  dVpot/dlambda  dEkin/dlambda
    1.99602e+02    8.01781e+03    2.21181e+00    3.90748e-01    0.00000e+00

           Step           Time         Lambda
            450        0.90000        0.00000

   Energies (kJ/mol)
        LJ (SR)   Coulomb (SR)   Coul. recip.      Potential    Kinetic En.
    0.00000e+00    0.00000e+00   -3.87986e-01   -3.87986e-01    1.99992e+02
   Total Energy    Temperature Pressure (bar)  dVpot/dlambda  dEkin/dlambda
    1.99604e+02    8.01781e+03    2.21183e+00    3.87986e-01    0.00000e+00

           Step           Time         Lambda
            460        0.92000        0.00000

   Energies (kJ/mol)
        LJ (SR)   Coulomb (SR)   Coul. recip.      Potential    Kinetic En.
    0.00000e+00    0.00000e+00   -3.85872e-01   -3.85872e-01    1.99992e+02
   Total Energy    Temperature Pressure (bar)  dVpot/dlambda  dEkin/dlambda
    1.99607e+02    8.01781e+03    2.21184e+00    3.85872e-01    0.00000e+00

           Step           Time         Lambda
            470        0.94000        0.00000

   Energies (kJ/mol)
        LJ (SR)   Coulomb (SR)   Coul. recip.      Potential    Kinetic En.
    0.00000e+00    0.00000e+00   -3.84200e-01   -3.84200e-01    1.99992e+02
   Total Energy    Temperature Pressure (bar)  dVpot/dlambda  dEkin/dlambda
    1.99608e+02    8.01781e+03    2.21185e+00    3.84200e-01    0.00000e+00

           Step           Time         Lambda
            480        0.96000        0.00000

   Energies (kJ/mol)
        LJ (SR)   Coulomb (SR)   Coul. recip.      Potential    Kinetic En.
    0.00000e+00    0.00000e+00   -3.82988e-01   -3.82988e-01    1.99992e+02
   Total Energy    Temperature Pressure (bar)  dVpot/dlambda  dEkin/dlambda
    1.99609e+02    8.01781e+03    2.21186e+00    3.82988e-01    0.00000e+00

           Step           Time         Lambda
            490        0.98000        0.00000

   Energies (kJ/mol)
        LJ (SR)   Coulomb (SR)   Coul. recip.      Potential    Kinetic En.
    0.00000e+00    0.00000e+00   -3.82370e-01   -3.82370e-01    1.99992e+02
   Total Energy    Temperature Pressure (bar)  dVpot/dlambda  dEkin/dlambda
    1.99610e+02    8.01781e+03    2.21186e+00    3.82370e-01    0.00000e+00

           Step           Time         Lambda
            500        1.00000        0.00000

   Energies (kJ/mol)
        LJ (SR)   Coulomb (SR)   Coul. recip.      Potential    Kinetic En.
    0.00000e+00    0.00000e+00   -3.81585e-01   -3.81585e-01    1.99993e+02
   Total Energy    Temperature Pressure (bar)  dVpot/dlambda  dEkin/dlambda
    1.99611e+02    8.01781e+03    2.21186e+00    3.81585e-01    0.00000e+00

           Step           Time         Lambda
            510        1.02000        0.00000

   Energies (kJ/mol)
        LJ (SR)   Coulomb (SR)   Coul. recip.      Potential    Kinetic En.
    0.00000e+00    0.00000e+00   -3.82356e-01   -3.82356e-01    1.99993e+02
   Total Energy    Temperature Pressure (bar)  dVpot/dlambda  dEkin/dlambda
    1.99610e+02    8.01781e+03    2.21186e+00    3.82356e-01    0.00000e+00

           Step           Time         Lambda
            520        1.04000        0.00000

   Energies (kJ/mol)
        LJ (SR)   Coulomb (SR)   Coul. recip.      Potential    Kinetic En.
    0.00000e+00    0.00000e+00   -3.83039e-01   -3.83039e-01    1.99993e+02
   Total Energy    Temperature Pressure (bar)  dVpot/dlambda  dEkin/dlambda
    1.99609e+02    8.01781e+03    2.21186e+00    3.83039e-01    0.00000e+00

           Step           Time         Lambda
            530        1.06000        0.00000

   Energies (kJ/mol)
        LJ (SR)   Coulomb (SR)   Coul. recip.      Potential    Kinetic En.
    0.00000e+00    0.00000e+00   -3.84247e-01   -3.84247e-01    1.99993e+02
   Total Energy    Temperature Pressure (bar)  dVpot/dlambda  dEkin/dlambda
    1.99608e+02    8.01781e+03    2.21185e+00    3.84247e-01    0.00000e+00

           Step           Time         Lambda
            540        1.08000        0.00000

   Energies (kJ/mol)
        LJ (SR)   Coulomb (SR)   Coul. recip.      Potential    Kinetic En.
    0.00000e+00    0.00000e+00   -3.85911e-01   -3.85911e-01    1.99993e+02
   Total Energy    Temperature Pressure (bar)  dVpot/dlambda  dEkin/dlambda
    1.99607e+02    8.01781e+03    2.21184e+00    3.85911e-01    0.00000e+00

           Step           Time         Lambda
            550        1.10000        0.00000

   Energies (kJ/mol)
        LJ (SR)   Coulomb (SR)   Coul. recip.      Potential    Kinetic En.
    0.00000e+00    0.00000e+00   -3.88038e-01   -3.88038e-01    1.99993e+02
   Total Energy    Temperature Pressure (bar)  dVpot/dlambda  dEkin/dlambda
    1.99605e+02    8.01781e+03    2.21183e+00    3.88038e-01    0.00000e+00

           Step           Time         Lambda
            560        1.12000        0.00000

   Energies (kJ/mol)
        LJ (SR)   Coulomb (SR)   Coul. recip.      Potential    Kinetic En.
    0.00000e+00    0.00000e+00   -3.90738e-01   -3.90738e-01    1.99993e+02
   Total Energy    Temperature Pressure (bar)  dVpot/dlambda  dEkin/dlambda
    1.99602e+02    8.01781e+03    2.21182e+00    3.90738e-01    0.00000e+00

           Step           Time         Lambda
            570        1.14000        0.00000

   Energies (kJ/mol)
        LJ (SR)   Coulomb (SR)   Coul. recip.      Potential    Kinetic En.
    0.00000e+00    0.00000e+00   -3.93904e-01   -3.93904e-01    1.99993e+02
   Total Energy    Temperature Pressure (bar)  dVpot/dlambda  dEkin/dlambda
    1.99599e+02    8.01781e+03    2.21180e+00    3.93904e-01    0.00000e+00

           Step           Time         Lambda
            580        1.16000        0.00000

   Energies (kJ/mol)
        LJ (SR)   Coulomb (SR)   Coul. recip.      Potential    Kinetic En.
    0.00000e+00    0.00000e+00   -3.97727e-01   -3.97727e-01    1.99993e+02
   Total Energy    Temperature Pressure (bar)  dVpot/dlambda  dEkin/dlambda
    1.99595e+02    8.01781e+03    2.21178e+00    3.97727e-01    0.00000e+00

           Step           Time         Lambda
            590        1.18000        0.00000

   Energies (kJ/mol)
        LJ (SR)   Coulomb (SR)   Coul. recip.      Potential    Kinetic En.
    0.00000e+00    0.00000e+00   -4.01959e-01   -4.01959e-01    1.99993e+02
   Total Energy    Temperature Pressure (bar)  dVpot/dlambda  dEkin/dlambda
    1.99591e+02    8.01781e+03    2.21175e+00    4.01959e-01    0.00000e+00

           Step           Time         Lambda
            600        1.20000        0.00000

   Energies (kJ/mol)
        LJ (SR)   Coulomb (SR)   Coul. recip.      Potential    Kinetic En.
    0.00000e+00    0.00000e+00   -4.06592e-01   -4.06592e-01    1.99993e+02
   Total Energy    Temperature Pressure (bar)  dVpot/dlambda  dEkin/dlambda
    1.99586e+02    8.01781e+03    2.21173e+00    4.06592e-01    0.00000e+00

           Step           Time         Lambda
            610        1.22000        0.00000

   Energies (kJ/mol)
        LJ (SR)   Coulomb (SR)   Coul. recip.      Potential    Kinetic En.
    0.00000e+00    0.00000e+00   -4.12232e-01   -4.12232e-01    1.99993e+02
   Total Energy    Temperature Pressure (bar)  dVpot/dlambda  dEkin/dlambda
    1.99580e+02    8.01782e+03    2.21170e+00    4.12232e-01    0.00000e+00

           Step           Time         Lambda
            620        1.24000        0.00000

   Energies (kJ/mol)
        LJ (SR)   Coulomb (SR)   Coul. recip.      Potential    Kinetic En.
    0.00000e+00    0.00000e+00   -4.18287e-01   -4.18287e-01    1.99993e+02
   Total Energy    Temperature Pressure (bar)  dVpot/dlambda  dEkin/dlambda
    1.99574e+02    8.01782e+03    2.21166e+00    4.18287e-01    0.00000e+00

           Step           Time         Lambda
            630        1.26000        0.00000

   Energies (kJ/mol)
        LJ (SR)   Coulomb (SR)   Coul. recip.      Potential    Kinetic En.
    0.00000e+00    0.00000e+00   -4.25036e-01   -4.25036e-01    1.99993e+02
   Total Energy    Temperature Pressure (bar)  dVpot/dlambda  dEkin/dlambda
    1.99568e+02    8.01782e+03    2.21163e+00    4.25036e-01    0.00000e+00

           Step           Time         Lambda
            640        1.28000        0.00000

   Energies (kJ/mol)
        LJ (SR)   Coulomb (SR)   Coul. recip.      Potential    Kinetic En.
    0.00000e+00    0.00000e+00   -4.32389e-01   -4.32389e-01    1.99993e+02
   Total Energy    Temperature Pressure (bar)  dVpot/dlambda  dEkin/dlambda
    1.99560e+02    8.01782e+03    2.21159e+00    4.32389e-01    0.00000e+00

           Step           Time         Lambda
            650        1.30000        0.00000

   Energies (kJ/mol)
        LJ (SR)   Coulomb (SR)   Coul. recip.      Potential    Kinetic En.
    0.00000e+00    0.00000e+00   -4.40573e-01   -4.40573e-01    1.99993e+02
   Total Energy    Temperature Pressure (bar)  dVpot/dlambda  dEkin/dlambda
    1.99552e+02    8.01782e+03    2.21154e+00    4.40573e-01    0.00000e+00

           Step           Time         Lambda
            660        1.32000        0.00000

   Energies (kJ/mol)
        LJ (SR)   Coulomb (SR)   Coul. recip.      Potential    Kinetic En.
    0.00000e+00    0.00000e+00   -4.49492e-01   -4.49492e-01    1.99993e+02
   Total Energy    Temperature Pressure (bar)  dVpot/dlambda  dEkin/dlambda
    1.99543e+02    8.01782e+03    2.21149e+00    4.49492e-01    0.00000e+00

           Step           Time         Lambda
            670        1.34000        0.00000

   Energies (kJ/mol)
        LJ (SR)   Coulomb (SR)   Coul. recip.      Potential    Kinetic En.
    0.00000e+00    0.00000e+00   -4.59225e-01   -4.59225e-01    1.99993e+02
   Total Energy    Temperature Pressure (bar)  dVpot/dlambda  dEkin/dlambda
    1.99534e+02    8.01782e+03    2.21144e+00    4.59225e-01    0.00000e+00

           Step           Time         Lambda
            680        1.36000        0.00000

   Energies (kJ/mol)
        LJ (SR)   Coulomb (SR)   Coul. recip.      Potential    Kinetic En.
    0.00000e+00    0.00000e+00   -4.69844e-01   -4.69844e-01    1.99993e+02
   Total Energy    Temperature Pressure (bar)  dVpot/dlambda  dEkin/dlambda
    1.99523e+02    8.01782e+03    2.21138e+00    4.69844e-01    0.00000e+00

           Step           Time         Lambda
            690        1.38000        0.00000

   Energies (kJ/mol)
        LJ (SR)   Coulomb (SR)   Coul. recip.      Potential    Kinetic En.
    0.00000e+00    0.00000e+00   -4.81427e-01   -4.81427e-01    1.99993e+02
   Total Energy    Temperature Pressure (bar)  dVpot/dlambda  dEkin/dlambda
    1.99511e+02    8.01782e+03    2.21132e+00    4.81427e-01    0.00000e+00

           Step           Time         Lambda
            700        1.40000        0.00000

   Energies (kJ/mol)
        LJ (SR)   Coulomb (SR)   Coul. recip.      Potential    Kinetic En.
    0.00000e+00    0.00000e+00   -4.94021e-01   -4.94021e-01    1.99993e+02
   Total Energy    Temperature Pressure (bar)  dVpot/dlambda  dEkin/dlambda
    1.99499e+02    8.01782e+03    2.21125e+00    4.94021e-01    0.00000e+00

           Step           Time         Lambda
            710        1.42000        0.00000

   Energies (kJ/mol)
        LJ (SR)   Coulomb (SR)   Coul. recip.      Potential    Kinetic En.
    0.00000e+00    0.00000e+00   -5.07960e-01   -5.07960e-01    1.99993e+02
   Total Energy    Temperature Pressure (bar)  dVpot/dlambda  dEkin/dlambda
    1.99485e+02    8.01782e+03    2.21117e+00    5.07960e-01    0.00000e+00

           Step           Time         Lambda
            720        1.44000        0.00000

   Energies (kJ/mol)
        LJ (SR)   Coulomb (SR)   Coul. recip.      Potential    Kinetic En.
    0.00000e+00    0.00000e+00   -5.22922e-01   -5.22922e-01    1.99993e+02
   Total Energy    Temperature Pressure (bar)  dVpot/dlambda  dEkin/dlambda
    1.99470e+02    8.01783e+03    2.21109e+00    5.22922e-01    0.00000e+00

           Step           Time         Lambda
            730        1.46000        0.00000

   Energies (kJ/mol)
        LJ (SR)   Coulomb (SR)   Coul. recip.      Potential    Kinetic En.
    0.00000e+00    0.00000e+00   -5.39392e-01   -5.39392e-01    1.99993e+02
   Total Energy    Temperature Pressure (bar)  dVpot/dlambda  dEkin/dlambda
    1.99454e+02    8.01783e+03    2.21100e+00    5.39392e-01    0.00000e+00

           Step           Time         Lambda
            740        1.48000        0.00000

   Energies (kJ/mol)
        LJ (SR)   Coulomb (SR)   Coul. recip.      Potential    Kinetic En.
    0.00000e+00    0.00000e+00   -5.57185e-01   -5.57185e-01    1.99993e+02
   Total Energy    Temperature Pressure (bar)  dVpot/dlambda  dEkin/dlambda
    1.99436e+02    8.01783e+03    2.21090e+00    5.57185e-01    0.00000e+00

           Step           Time         Lambda
            750        1.50000        0.00000

   Energies (kJ/mol)
        LJ (SR)   Coulomb (SR)   Coul. recip.      Potential    Kinetic En.
    0.00000e+00    0.00000e+00   -5.76581e-01   -5.76581e-01    1.99993e+02
   Total Energy    Temperature Pressure (bar)  dVpot/dlambda  dEkin/dlambda
    1.99416e+02    8.01783e+03    2.21079e+00    5.76581e-01    0.00000e+00

           Step           Time         Lambda
            760        1.52000        0.00000

   Energies (kJ/mol)
        LJ (SR)   Coulomb (SR)   Coul. recip.      Potential    Kinetic En.
    0.00000e+00    0.00000e+00   -5.98275e-01   -5.98275e-01    1.99993e+02
   Total Energy    Temperature Pressure (bar)  dVpot/dlambda  dEkin/dlambda
    1.99395e+02    8.01783e+03    2.21067e+00    5.98275e-01    0.00000e+00

           Step           Time         Lambda
            770        1.54000        0.00000

   Energies (kJ/mol)
        LJ (SR)   Coulomb (SR)   Coul. recip.      Potential    Kinetic En.
    0.00000e+00    0.00000e+00   -6.21828e-01   -6.21828e-01    1.99993e+02
   Total Energy    Temperature Pressure (bar)  dVpot/dlambda  dEkin/dlambda
    1.99371e+02    8.01783e+03    2.21054e+00    6.21828e-01    0.00000e+00

           Step           Time         Lambda
            780        1.56000        0.00000

   Energies (kJ/mol)
        LJ (SR)   Coulomb (SR)   Coul. recip.      Potential    Kinetic En.
    0.00000e+00    0.00000e+00   -6.47785e-01   -6.47785e-01    1.99993e+02
   Total Energy    Temperature Pressure (bar)  dVpot/dlambda  dEkin/dlambda
    1.99345e+02    8.01784e+03    2.21040e+00    6.47785e-01    0.00000e+00

           Step           Time         Lambda
            790        1.58000        0.00000

   Energies (kJ/mol)
        LJ (SR)   Coulomb (SR)   Coul. recip.      Potential    Kinetic En.
    0.00000e+00    0.00000e+00   -6.76431e-01   -6.76431e-01    1.99993e+02
   Total Energy    Temperature Pressure (bar)  dVpot/dlambda  dEkin/dlambda
    1.99317e+02    8.01784e+03    2.21024e+00    6.76431e-01    0.00000e+00

           Step           Time         Lambda
            800        1.60000        0.00000

   Energies (kJ/mol)
        LJ (SR)   Coulomb (SR)   Coul. recip.      Potential    Kinetic En.
    0.00000e+00    0.00000e+00   -7.08089e-01   -7.08089e-01    1.99993e+02
   Total Energy    Temperature Pressure (bar)  dVpot/dlambda  dEkin/dlambda
    1.99285e+02    8.01784e+03    2.21007e+00    7.08089e-01    0.00000e+00

           Step           Time         Lambda
            810        1.62000        0.00000

   Energies (kJ/mol)
        LJ (SR)   Coulomb (SR)   Coul. recip.      Potential    Kinetic En.
    0.00000e+00    0.00000e+00   -7.43453e-01   -7.43453e-01    1.99993e+02
   Total Energy    Temperature Pressure (bar)  dVpot/dlambda  dEkin/dlambda
    1.99250e+02    8.01785e+03    2.20987e+00    7.43453e-01    0.00000e+00

           Step           Time         Lambda
            820        1.64000        0.00000

   Energies (kJ/mol)
        LJ (SR)   Coulomb (SR)   Coul. recip.      Potential    Kinetic En.
    0.00000e+00    0.00000e+00   -7.82919e-01   -7.82919e-01    1.99994e+02
   Total Energy    Temperature Pressure (bar)  dVpot/dlambda  dEkin/dlambda
    1.99211e+02    8.01785e+03    2.20966e+00    7.82919e-01    0.00000e+00

           Step           Time         Lambda
            830        1.66000        0.00000

   Energies (kJ/mol)
        LJ (SR)   Coulomb (SR)   Coul. recip.      Potential    Kinetic En.
    0.00000e+00    0.00000e+00   -8.27290e-01   -8.27290e-01    1.99994e+02
   Total Energy    Temperature Pressure (bar)  dVpot/dlambda  dEkin/dlambda
    1.99166e+02    8.01786e+03    2.20941e+00    8.27290e-01    0.00000e+00

           Step           Time         Lambda
            840        1.68000        0.00000

   Energies (kJ/mol)
        LJ (SR)   Coulomb (SR)   Coul. recip.      Potential    Kinetic En.
    0.00000e+00    0.00000e+00   -8.77312e-01   -8.77312e-01    1.99994e+02
   Total Energy    Temperature Pressure (bar)  dVpot/dlambda  dEkin/dlambda
    1.99117e+02    8.01786e+03    2.20914e+00    8.77312e-01    0.00000e+00

           Step           Time         Lambda
            850        1.70000        0.00000

   Energies (kJ/mol)
        LJ (SR)   Coulomb (SR)   Coul. recip.      Potential    Kinetic En.
    0.00000e+00    0.00000e+00   -9.34206e-01   -9.34206e-01    1.99994e+02
   Total Energy    Temperature Pressure (bar)  dVpot/dlambda  dEkin/dlambda
    1.99060e+02    8.01787e+03    2.20882e+00    9.34206e-01    0.00000e+00

           Step           Time         Lambda
            860        1.72000        0.00000

   Energies (kJ/mol)
        LJ (SR)   Coulomb (SR)   Coul. recip.      Potential    Kinetic En.
    0.00000e+00    0.00000e+00   -9.99517e-01   -9.99517e-01    1.99994e+02
   Total Energy    Temperature Pressure (bar)  dVpot/dlambda  dEkin/dlambda
    1.98995e+02    8.01788e+03    2.20847e+00    9.99517e-01    0.00000e+00

           Step           Time         Lambda
            870        1.74000        0.00000

   Energies (kJ/mol)
        LJ (SR)   Coulomb (SR)   Coul. recip.      Potential    Kinetic En.
    0.00000e+00    0.00000e+00   -1.07499e+00   -1.07499e+00    1.99995e+02
   Total Energy    Temperature Pressure (bar)  dVpot/dlambda  dEkin/dlambda
    1.98920e+02    8.01789e+03    2.20805e+00    1.07499e+00    0.00000e+00

           Step           Time         Lambda
            880        1.76000        0.00000

   Energies (kJ/mol)
        LJ (SR)   Coulomb (SR)   Coul. recip.      Potential    Kinetic En.
    0.00000e+00    0.00000e+00   -1.16334e+00   -1.16334e+00    1.99995e+02
   Total Energy    Temperature Pressure (bar)  dVpot/dlambda  dEkin/dlambda
    1.98832e+02    8.01791e+03    2.20757e+00    1.16334e+00    0.00000e+00

           Step           Time         Lambda
            890        1.78000        0.00000

   Energies (kJ/mol)
        LJ (SR)   Coulomb (SR)   Coul. recip.      Potential    Kinetic En.
    0.00000e+00    0.00000e+00   -1.26793e+00   -1.26793e+00    1.99995e+02
   Total Energy    Temperature Pressure (bar)  dVpot/dlambda  dEkin/dlambda
    1.98727e+02    8.01792e+03    2.20699e+00    1.26793e+00    0.00000e+00

           Step           Time         Lambda
            900        1.80000        0.00000

   Energies (kJ/mol)
        LJ (SR)   Coulomb (SR)   Coul. recip.      Potential    Kinetic En.
    0.00000e+00    0.00000e+00   -1.39343e+00   -1.39343e+00    1.99996e+02
   Total Energy    Temperature Pressure (bar)  dVpot/dlambda  dEkin/dlambda
    1.98603e+02    8.01795e+03    2.20630e+00    1.39343e+00    0.00000e+00

           Step           Time         Lambda
            910        1.82000        0.00000

   Energies (kJ/mol)
        LJ (SR)   Coulomb (SR)   Coul. recip.      Potential    Kinetic En.
    0.00000e+00   -1.43051e-06   -1.54747e+00   -1.54747e+00    1.99997e+02
   Total Energy    Temperature Pressure (bar)  dVpot/dlambda  dEkin/dlambda
    1.98449e+02    8.01798e+03    2.20546e+00    1.54747e+00    0.00000e+00

           Step           Time         Lambda
            920        1.84000        0.00000

   Energies (kJ/mol)
        LJ (SR)   Coulomb (SR)   Coul. recip.      Potential    Kinetic En.
    0.00000e+00   -2.38419e-05   -1.73992e+00   -1.73994e+00    1.99998e+02
   Total Energy    Temperature Pressure (bar)  dVpot/dlambda  dEkin/dlambda
    1.98258e+02    8.01803e+03    2.20441e+00    1.73994e+00    0.00000e+00

           Step           Time         Lambda
            930        1.86000        0.00000

   Energies (kJ/mol)
        LJ (SR)   Coulomb (SR)   Coul. recip.      Potential    Kinetic En.
    0.00000e+00   -2.82884e-04   -1.98736e+00   -1.98764e+00    2.00000e+02
   Total Energy    Temperature Pressure (bar)  dVpot/dlambda  dEkin/dlambda
    1.98012e+02    8.01809e+03    2.20306e+00    1.98764e+00    0.00000e+00

           Step           Time         Lambda
            940        1.88000        0.00000

   Energies (kJ/mol)
        LJ (SR)   Coulomb (SR)   Coul. recip.      Potential    Kinetic En.
    0.00000e+00   -2.57635e-03   -2.31545e+00   -2.31802e+00    2.00002e+02
   Total Energy    Temperature Pressure (bar)  dVpot/dlambda  dEkin/dlambda
    1.97684e+02    8.01820e+03    2.20125e+00    2.31802e+00    0.00000e+00

           Step           Time         Lambda
            950        1.90000        0.00000

   Energies (kJ/mol)
        LJ (SR)   Coulomb (SR)   Coul. recip.      Potential    Kinetic En.
    0.00000e+00   -1.83148e-02   -2.76246e+00   -2.78077e+00    2.00006e+02
   Total Energy    Temperature Pressure (bar)  dVpot/dlambda  dEkin/dlambda
    1.97226e+02    8.01837e+03    2.19874e+00    2.78077e+00    0.00000e+00

           Step           Time         Lambda
            960        1.92000        0.00000

   Energies (kJ/mol)
        LJ (SR)   Coulomb (SR)   Coul. recip.      Potential    Kinetic En.
    0.00000e+00   -1.03371e-01   -3.37222e+00   -3.47559e+00    2.00014e+02
   Total Energy    Temperature Pressure (bar)  dVpot/dlambda  dEkin/dlambda
    1.96539e+02    8.01868e+03    2.19498e+00    3.47559e+00    0.00000e+00

           Step           Time         Lambda
            970        1.94000        0.00000

   Energies (kJ/mol)
        LJ (SR)   Coulomb (SR)   Coul. recip.      Potential    Kinetic En.
    0.00000e+00   -4.77826e-01   -4.15602e+00   -4.63384e+00    2.00031e+02
   Total Energy    Temperature Pressure (bar)  dVpot/dlambda  dEkin/dlambda
    1.95397e+02    8.01936e+03    2.18875e+00    4.63384e+00    0.00000e+00

           Step           Time         Lambda
            980        1.96000        0.00000

   Energies (kJ/mol)
        LJ (SR)   Coulomb (SR)   Coul. recip.      Potential    Kinetic En.
    0.00000e+00   -1.92782e+00   -5.02386e+00   -6.95169e+00    2.00080e+02
   Total Energy    Temperature Pressure (bar)  dVpot/dlambda  dEkin/dlambda
    1.93128e+02    8.02131e+03    2.17646e+00    6.95169e+00    0.00000e+00

           Step           Time         Lambda
            990        1.98000        0.00000

   Energies (kJ/mol)
        LJ (SR)   Coulomb (SR)   Coul. recip.      Potential    Kinetic En.
    0.00000e+00   -8.16999e+00   -5.74198e+00   -1.39120e+01    2.00346e+02
   Total Energy    Temperature Pressure (bar)  dVpot/dlambda  dEkin/dlambda
    1.86434e+02    8.03198e+03    2.14088e+00    1.39120e+01    0.00000e+00

           Step           Time         Lambda
           1000        2.00000        0.00000

   Energies (kJ/mol)
        LJ (SR)   Coulomb (SR)   Coul. recip.      Potential    Kinetic En.
    0.00000e+00   -1.03630e+04   -6.02511e+00   -1.03690e+04    1.57863e+09
   Total Energy    Temperature Pressure (bar)  dVpot/dlambda  dEkin/dlambda
    1.57862e+09    6.32883e+10    1.74758e+07    1.03690e+04    0.00000e+00


	M E G A - F L O P S   A C C O U N T I N G

   RF=Reaction-Field  FE=Free Energy  SCFE=Soft-Core/Free Energy
   T=Tabulated        W3=SPC/TIP3p    W4=TIP4p (single or pairs)
   NF=No Forces

 Computing:                               M-Number         M-Flops  % Flops
-----------------------------------------------------------------------------
 Free energy innerloop                    0.000019           0.003     0.0
 Outer nonbonded loop                     0.000038           0.000     0.0
 Calc Weights                             0.000606           0.022     0.0
 Spread Q Bspline                         0.087264           0.175     0.0
 Gather F Bspline                         0.087264           0.524     0.0
 3D-FFT                                8052.353472       64418.828    90.7
 Solve PME                              103.020000        6593.280     9.3
 NS-Pairs                                 0.000230           0.005     0.0
 Reset In Box                             0.000202           0.001     0.0
 CG-CoM                                   0.000202           0.001     0.0
 Virial                                   0.004747           0.085     0.0
 Calc-Ekin                                0.000406           0.011     0.0
-----------------------------------------------------------------------------
 Total                                                   71012.933   100.0
-----------------------------------------------------------------------------


     R E A L   C Y C L E   A N D   T I M E   A C C O U N T I N G

 Computing:         Nodes     Number     G-Cycles    Seconds     %
-----------------------------------------------------------------------
 Neighbor search        1        101        0.004        0.0     0.0
 Force                  1        101        0.003        0.0     0.0
 PME mesh               1        101       11.216        4.2    99.7
 Write traj.            1        101        0.007        0.0     0.1
 Update                 1        101        0.001        0.0     0.0
 Rest                   1                   0.017        0.0     0.2
-----------------------------------------------------------------------
 Total                  1                  11.249        4.2   100.0
-----------------------------------------------------------------------
-----------------------------------------------------------------------
 PME spread/gather      1        404        1.079        0.4     9.6
 PME 3D-FFT             1        404        5.090        1.9    45.2
 PME solve              1        202        5.045        1.9    44.9
-----------------------------------------------------------------------

               NODE (s)   Real (s)      (%)
       Time:      4.174      4.176    100.0
               (Mnbf/s)   (GFlops)   (ns/day)  (hour/ns)
Performance:      0.000     17.013     20.720      1.158
Finished mdrun on node 0 Tue May 23 15:12:40 2017
