Log file opened on Fri May 26 16:12:14 2017
Host: nick-ThinkPad-T440p  pid: 12572  nodeid: 0  nnodes:  1
The Gromacs distribution was built @TMP_TIME@ by
nick@nick-ThinkPad-T440p [CMAKE] (@TMP_MACHINE@)


                         :-)  G  R  O  M  A  C  S  (-:

           Glycine aRginine prOline Methionine Alanine Cystine Serine

                            :-)  VERSION 4.5.3  (-:

        Written by Emile Apol, Rossen Apostolov, Herman J.C. Berendsen,
      Aldert van Buuren, Pär Bjelkmar, Rudi van Drunen, Anton Feenstra, 
        Gerrit Groenhof, Peter Kasson, Per Larsson, Pieter Meulenhoff, 
           Teemu Murtola, Szilard Pall, Sander Pronk, Roland Schulz, 
                Michael Shirts, Alfons Sijbers, Peter Tieleman,

               Berk Hess, David van der Spoel, and Erik Lindahl.

       Copyright (c) 1991-2000, University of Groningen, The Netherlands.
            Copyright (c) 2001-2010, The GROMACS development team at
        Uppsala University & The Royal Institute of Technology, Sweden.
            check out http://www.gromacs.org for more information.

         This program is free software; you can redistribute it and/or
          modify it under the terms of the GNU General Public License
         as published by the Free Software Foundation; either version 2
             of the License, or (at your option) any later version.

                                :-)  mdrun  (-:


++++ PLEASE READ AND CITE THE FOLLOWING REFERENCE ++++
B. Hess and C. Kutzner and D. van der Spoel and E. Lindahl
GROMACS 4: Algorithms for highly efficient, load-balanced, and scalable
molecular simulation
J. Chem. Theory Comput. 4 (2008) pp. 435-447
-------- -------- --- Thank You --- -------- --------


++++ PLEASE READ AND CITE THE FOLLOWING REFERENCE ++++
D. van der Spoel, E. Lindahl, B. Hess, G. Groenhof, A. E. Mark and H. J. C.
Berendsen
GROMACS: Fast, Flexible and Free
J. Comp. Chem. 26 (2005) pp. 1701-1719
-------- -------- --- Thank You --- -------- --------


++++ PLEASE READ AND CITE THE FOLLOWING REFERENCE ++++
E. Lindahl and B. Hess and D. van der Spoel
GROMACS 3.0: A package for molecular simulation and trajectory analysis
J. Mol. Mod. 7 (2001) pp. 306-317
-------- -------- --- Thank You --- -------- --------


++++ PLEASE READ AND CITE THE FOLLOWING REFERENCE ++++
H. J. C. Berendsen, D. van der Spoel and R. van Drunen
GROMACS: A message-passing parallel molecular dynamics implementation
Comp. Phys. Comm. 91 (1995) pp. 43-56
-------- -------- --- Thank You --- -------- --------

Input Parameters:
   integrator           = sd
   nsteps               = 5000
   init_step            = 0
   ns_type              = Grid
   nstlist              = 10
   ndelta               = 2
   nstcomm              = 10
   comm_mode            = Angular
   nstlog               = 100
   nstxout              = 100
   nstvout              = 100
   nstfout              = 0
   nstcalcenergy        = 10
   nstenergy            = 100
   nstxtcout            = 0
   init_t               = 0
   delta_t              = 0.002
   xtcprec              = 1000
   nkx                  = 20
   nky                  = 20
   nkz                  = 20
   pme_order            = 6
   ewald_rtol           = 1e-06
   ewald_geometry       = 0
   epsilon_surface      = 0
   optimize_fft         = FALSE
   ePBC                 = xyz
   bPeriodicMols        = FALSE
   bContinuation        = TRUE
   bShakeSOR            = FALSE
   etc                  = No
   nsttcouple           = -1
   epc                  = No
   epctype              = Isotropic
   nstpcouple           = -1
   tau_p                = 1
   ref_p (3x3):
      ref_p[    0]={ 0.00000e+00,  0.00000e+00,  0.00000e+00}
      ref_p[    1]={ 0.00000e+00,  0.00000e+00,  0.00000e+00}
      ref_p[    2]={ 0.00000e+00,  0.00000e+00,  0.00000e+00}
   compress (3x3):
      compress[    0]={ 0.00000e+00,  0.00000e+00,  0.00000e+00}
      compress[    1]={ 0.00000e+00,  0.00000e+00,  0.00000e+00}
      compress[    2]={ 0.00000e+00,  0.00000e+00,  0.00000e+00}
   refcoord_scaling     = No
   posres_com (3):
      posres_com[0]= 0.00000e+00
      posres_com[1]= 0.00000e+00
      posres_com[2]= 0.00000e+00
   posres_comB (3):
      posres_comB[0]= 0.00000e+00
      posres_comB[1]= 0.00000e+00
      posres_comB[2]= 0.00000e+00
   andersen_seed        = 815131
   rlist                = 0.9
   rlistlong            = 0.9
   rtpi                 = 0.05
   coulombtype          = PME
   rcoulomb_switch      = 0
   rcoulomb             = 0.9
   vdwtype              = Cut-off
   rvdw_switch          = 0
   rvdw                 = 0.9
   epsilon_r            = 1
   epsilon_rf           = 1
   tabext               = 1
   implicit_solvent     = No
   gb_algorithm         = Still
   gb_epsilon_solvent   = 80
   nstgbradii           = 1
   rgbradii             = 1
   gb_saltconc          = 0
   gb_obc_alpha         = 1
   gb_obc_beta          = 0.8
   gb_obc_gamma         = 4.85
   gb_dielectric_offset = 0.009
   sa_algorithm         = Ace-approximation
   sa_surface_tension   = 2.05016
   DispCorr             = No
   free_energy          = no
   init_lambda          = 0
   delta_lambda         = 0
   n_foreign_lambda     = 0
   sc_alpha             = 0
   sc_power             = 0
   sc_sigma             = 0.3
   sc_sigma_min         = 0.3
   nstdhdl              = 10
   separate_dhdl_file   = yes
   dhdl_derivatives     = yes
   dh_hist_size         = 0
   dh_hist_spacing      = 0.1
   nwall                = 0
   wall_type            = 9-3
   wall_atomtype[0]     = -1
   wall_atomtype[1]     = -1
   wall_density[0]      = 0
   wall_density[1]      = 0
   wall_ewald_zfac      = 3
   pull                 = no
   disre                = No
   disre_weighting      = Conservative
   disre_mixed          = FALSE
   dr_fc                = 1000
   dr_tau               = 0
   nstdisreout          = 100
   orires_fc            = 0
   orires_tau           = 0
   nstorireout          = 100
   dihre-fc             = 1000
   em_stepsize          = 0.01
   em_tol               = 10
   niter                = 20
   fc_stepsize          = 0
   nstcgsteep           = 1000
   nbfgscorr            = 10
   ConstAlg             = Lincs
   shake_tol            = 0.0001
   lincs_order          = 12
   lincs_warnangle      = 30
   lincs_iter           = 1
   bd_fric              = 0
   ld_seed              = 12571
   cos_accel            = 0
   deform (3x3):
      deform[    0]={ 0.00000e+00,  0.00000e+00,  0.00000e+00}
      deform[    1]={ 0.00000e+00,  0.00000e+00,  0.00000e+00}
      deform[    2]={ 0.00000e+00,  0.00000e+00,  0.00000e+00}
   userint1             = 0
   userint2             = 0
   userint3             = 0
   userint4             = 0
   userreal1            = 0
   userreal2            = 0
   userreal3            = 0
   userreal4            = 0
grpopts:
   nrdf:           0
   ref_t:         300
   tau_t:         0.1
anneal:          No
ann_npoints:           0
   acc:	           0           0           0
   nfreeze:           N           N           N
   energygrp_flags[  0]: 0
   efield-x:
      n = 0
   efield-xt:
      n = 0
   efield-y:
      n = 0
   efield-yt:
      n = 0
   efield-z:
      n = 0
   efield-zt:
      n = 0
   bQMMM                = FALSE
   QMconstraints        = 0
   QMMMscheme           = 0
   scalefactor          = 1
qm_opts:
   ngQM                 = 0
Table routines are used for coulomb: TRUE
Table routines are used for vdw:     FALSE
Will do PME sum in reciprocal space.

++++ PLEASE READ AND CITE THE FOLLOWING REFERENCE ++++
U. Essman, L. Perela, M. L. Berkowitz, T. Darden, H. Lee and L. G. Pedersen 
A smooth particle mesh Ewald method
J. Chem. Phys. 103 (1995) pp. 8577-8592
-------- -------- --- Thank You --- -------- --------

Will do ordinary reciprocal space Ewald sum.
Using a Gaussian width (1/beta) of 0.260197 nm for Ewald
Cut-off's:   NS: 0.9   Coulomb: 0.9   LJ: 0.9
System total charge: 0.000
Generated table with 950 data points for Ewald.
Tabscale = 500 points/nm
Generated table with 950 data points for LJ6.
Tabscale = 500 points/nm
Generated table with 950 data points for LJ12.
Tabscale = 500 points/nm
Configuring nonbonded kernels...
Configuring standard C nonbonded kernels...
Testing x86_64 SSE2 support... present.


Center of mass motion removal mode is Angular
We have the following groups for center of mass motion removal:
  0:  rest
There are: 2 Atoms
Max number of connections per atom is 1
Total number of connections is 2
Max number of graph edges per atom is 1
Total number of graph edges is 2
Initial temperature: 0 K

Started mdrun on node 0 Fri May 26 16:12:14 2017

           Step           Time         Lambda
              0        0.00000        0.00000

Grid: 2 x 2 x 2 cells
   Energies (kJ/mol)
           Bond        LJ (SR)   Coulomb (SR)   Coul. recip.      Potential
    1.56239e-01    0.00000e+00    0.00000e+00   -1.85772e-01   -2.95328e-02
    Kinetic En.   Total Energy    Temperature Pressure (bar)
    0.00000e+00   -2.95328e-02    0.00000e+00    2.79561e+01

           Step           Time         Lambda
            100        0.20000        0.00000

   Energies (kJ/mol)
           Bond        LJ (SR)   Coulomb (SR)   Coul. recip.      Potential
    5.33077e-01    0.00000e+00    0.00000e+00   -1.93650e-01    3.39427e-01
    Kinetic En.   Total Energy    Temperature Pressure (bar)
    0.00000e+00    3.39427e-01    0.00000e+00   -5.30745e+01

           Step           Time         Lambda
            200        0.40000        0.00000

   Energies (kJ/mol)
           Bond        LJ (SR)   Coulomb (SR)   Coul. recip.      Potential
    2.60555e+00    0.00000e+00    0.00000e+00   -1.77000e-01    2.42855e+00
    Kinetic En.   Total Energy    Temperature Pressure (bar)
    0.00000e+00    2.42855e+00    0.00000e+00    1.11765e+02

           Step           Time         Lambda
            300        0.60000        0.00000

   Energies (kJ/mol)
           Bond        LJ (SR)   Coulomb (SR)   Coul. recip.      Potential
    2.31549e+00    0.00000e+00    0.00000e+00   -1.99491e-01    2.11600e+00
    Kinetic En.   Total Energy    Temperature Pressure (bar)
    0.00000e+00    2.11600e+00    0.00000e+00   -1.12168e+02

           Step           Time         Lambda
            400        0.80000        0.00000

   Energies (kJ/mol)
           Bond        LJ (SR)   Coulomb (SR)   Coul. recip.      Potential
    8.08046e+00    0.00000e+00    0.00000e+00   -2.09203e-01    7.87126e+00
    Kinetic En.   Total Energy    Temperature Pressure (bar)
    0.00000e+00    7.87126e+00    0.00000e+00   -2.14648e+02

           Step           Time         Lambda
            500        1.00000        0.00000

   Energies (kJ/mol)
           Bond        LJ (SR)   Coulomb (SR)   Coul. recip.      Potential
    1.31064e-01    0.00000e+00    0.00000e+00   -1.85480e-01   -5.44163e-02
    Kinetic En.   Total Energy    Temperature Pressure (bar)
    0.00000e+00   -5.44163e-02    0.00000e+00    2.56118e+01

           Step           Time         Lambda
            600        1.20000        0.00000

   Energies (kJ/mol)
           Bond        LJ (SR)   Coulomb (SR)   Coul. recip.      Potential
    1.76773e+00    0.00000e+00    0.00000e+00   -1.77906e-01    1.58982e+00
    Kinetic En.   Total Energy    Temperature Pressure (bar)
    0.00000e+00    1.58982e+00    0.00000e+00    9.25593e+01

           Step           Time         Lambda
            700        1.40000        0.00000

   Energies (kJ/mol)
           Bond        LJ (SR)   Coulomb (SR)   Coul. recip.      Potential
    3.05310e-02    0.00000e+00    0.00000e+00   -1.85813e-01   -1.55282e-01
    Kinetic En.   Total Energy    Temperature Pressure (bar)
    0.00000e+00   -1.55282e-01    0.00000e+00    1.23454e+01

           Step           Time         Lambda
            800        1.60000        0.00000

   Energies (kJ/mol)
           Bond        LJ (SR)   Coulomb (SR)   Coul. recip.      Potential
    2.80976e+00    0.00000e+00    0.00000e+00   -1.75890e-01    2.63387e+00
    Kinetic En.   Total Energy    Temperature Pressure (bar)
    0.00000e+00    2.63387e+00    0.00000e+00    1.15921e+02

           Step           Time         Lambda
            900        1.80000        0.00000

   Energies (kJ/mol)
           Bond        LJ (SR)   Coulomb (SR)   Coul. recip.      Potential
    1.19089e-01    0.00000e+00    0.00000e+00   -1.85181e-01   -6.60920e-02
    Kinetic En.   Total Energy    Temperature Pressure (bar)
    0.00000e+00   -6.60920e-02    0.00000e+00    2.44150e+01

           Step           Time         Lambda
           1000        2.00000        0.00000

   Energies (kJ/mol)
           Bond        LJ (SR)   Coulomb (SR)   Coul. recip.      Potential
    5.44424e-03    0.00000e+00    0.00000e+00   -1.87325e-01   -1.81880e-01
    Kinetic En.   Total Energy    Temperature Pressure (bar)
    0.00000e+00   -1.81880e-01    0.00000e+00    5.16351e+00

           Step           Time         Lambda
           1100        2.20000        0.00000

   Energies (kJ/mol)
           Bond        LJ (SR)   Coulomb (SR)   Coul. recip.      Potential
    2.85910e-01    0.00000e+00    0.00000e+00   -1.83868e-01    1.02042e-01
    Kinetic En.   Total Energy    Temperature Pressure (bar)
    0.00000e+00    1.02042e-01    0.00000e+00    3.77471e+01

           Step           Time         Lambda
           1200        2.40000        0.00000

   Energies (kJ/mol)
           Bond        LJ (SR)   Coulomb (SR)   Coul. recip.      Potential
    3.08805e+00    0.00000e+00    0.00000e+00   -2.00760e-01    2.88729e+00
    Kinetic En.   Total Energy    Temperature Pressure (bar)
    0.00000e+00    2.88729e+00    0.00000e+00   -1.30099e+02

           Step           Time         Lambda
           1300        2.60000        0.00000

   Energies (kJ/mol)
           Bond        LJ (SR)   Coulomb (SR)   Coul. recip.      Potential
    8.29591e-02    0.00000e+00    0.00000e+00   -1.89787e-01   -1.06828e-01
    Kinetic En.   Total Energy    Temperature Pressure (bar)
    0.00000e+00   -1.06828e-01    0.00000e+00   -2.08322e+01

           Step           Time         Lambda
           1400        2.80000        0.00000

   Energies (kJ/mol)
           Bond        LJ (SR)   Coulomb (SR)   Coul. recip.      Potential
    4.71520e-01    0.00000e+00    0.00000e+00   -1.83090e-01    2.88430e-01
    Kinetic En.   Total Energy    Temperature Pressure (bar)
    0.00000e+00    2.88430e-01    0.00000e+00    4.83630e+01

           Step           Time         Lambda
           1500        3.00000        0.00000

   Energies (kJ/mol)
           Bond        LJ (SR)   Coulomb (SR)   Coul. recip.      Potential
    6.43977e-02    0.00000e+00    0.00000e+00   -1.86559e-01   -1.22161e-01
    Kinetic En.   Total Energy    Temperature Pressure (bar)
    0.00000e+00   -1.22161e-01    0.00000e+00    1.79612e+01

           Step           Time         Lambda
           1600        3.20000        0.00000

   Energies (kJ/mol)
           Bond        LJ (SR)   Coulomb (SR)   Coul. recip.      Potential
    1.18846e-02    0.00000e+00    0.00000e+00   -1.87443e-01   -1.75558e-01
    Kinetic En.   Total Energy    Temperature Pressure (bar)
    0.00000e+00   -1.75558e-01    0.00000e+00    7.67768e+00

           Step           Time         Lambda
           1700        3.40000        0.00000

   Energies (kJ/mol)
           Bond        LJ (SR)   Coulomb (SR)   Coul. recip.      Potential
    9.01652e-01    0.00000e+00    0.00000e+00   -1.95571e-01    7.06081e-01
    Kinetic En.   Total Energy    Temperature Pressure (bar)
    0.00000e+00    7.06081e-01    0.00000e+00   -6.92801e+01

           Step           Time         Lambda
           1800        3.60000        0.00000

   Energies (kJ/mol)
           Bond        LJ (SR)   Coulomb (SR)   Coul. recip.      Potential
    1.59165e-01    0.00000e+00    0.00000e+00   -1.85744e-01   -2.65792e-02
    Kinetic En.   Total Energy    Temperature Pressure (bar)
    0.00000e+00   -2.65792e-02    0.00000e+00    2.82180e+01

           Step           Time         Lambda
           1900        3.80000        0.00000

   Energies (kJ/mol)
           Bond        LJ (SR)   Coulomb (SR)   Coul. recip.      Potential
    2.41654e+00    0.00000e+00    0.00000e+00   -2.00126e-01    2.21641e+00
    Kinetic En.   Total Energy    Temperature Pressure (bar)
    0.00000e+00    2.21641e+00    0.00000e+00   -1.14656e+02

           Step           Time         Lambda
           2000        4.00000        0.00000

   Energies (kJ/mol)
           Bond        LJ (SR)   Coulomb (SR)   Coul. recip.      Potential
    1.01825e+00    0.00000e+00    0.00000e+00   -1.81411e-01    8.36837e-01
    Kinetic En.   Total Energy    Temperature Pressure (bar)
    0.00000e+00    8.36837e-01    0.00000e+00    7.06772e+01

           Step           Time         Lambda
           2100        4.20000        0.00000

   Energies (kJ/mol)
           Bond        LJ (SR)   Coulomb (SR)   Coul. recip.      Potential
    5.25864e+00    0.00000e+00    0.00000e+00   -2.04811e-01    5.05383e+00
    Kinetic En.   Total Energy    Temperature Pressure (bar)
    0.00000e+00    5.05383e+00    0.00000e+00   -1.71436e+02

           Step           Time         Lambda
           2200        4.40000        0.00000

   Energies (kJ/mol)
           Bond        LJ (SR)   Coulomb (SR)   Coul. recip.      Potential
    6.16784e-01    0.00000e+00    0.00000e+00   -1.82519e-01    4.34265e-01
    Kinetic En.   Total Energy    Temperature Pressure (bar)
    0.00000e+00    4.34265e-01    0.00000e+00    5.52217e+01

           Step           Time         Lambda
           2300        4.60000        0.00000

   Energies (kJ/mol)
           Bond        LJ (SR)   Coulomb (SR)   Coul. recip.      Potential
    8.42467e-01    0.00000e+00    0.00000e+00   -1.81246e-01    6.61221e-01
    Kinetic En.   Total Energy    Temperature Pressure (bar)
    0.00000e+00    6.61221e-01    0.00000e+00    6.43870e+01

           Step           Time         Lambda
           2400        4.80000        0.00000

   Energies (kJ/mol)
           Bond        LJ (SR)   Coulomb (SR)   Coul. recip.      Potential
    1.80762e+00    0.00000e+00    0.00000e+00   -1.78109e-01    1.62951e+00
    Kinetic En.   Total Energy    Temperature Pressure (bar)
    0.00000e+00    1.62951e+00    0.00000e+00    9.35717e+01

           Step           Time         Lambda
           2500        5.00000        0.00000

   Energies (kJ/mol)
           Bond        LJ (SR)   Coulomb (SR)   Coul. recip.      Potential
    3.14578e-01    0.00000e+00    0.00000e+00   -1.91141e-01    1.23437e-01
    Kinetic En.   Total Energy    Temperature Pressure (bar)
    0.00000e+00    1.23437e-01    0.00000e+00   -4.06716e+01

           Step           Time         Lambda
           2600        5.20000        0.00000

   Energies (kJ/mol)
           Bond        LJ (SR)   Coulomb (SR)   Coul. recip.      Potential
    5.58618e-01    0.00000e+00    0.00000e+00   -1.92857e-01    3.65761e-01
    Kinetic En.   Total Energy    Temperature Pressure (bar)
    0.00000e+00    3.65761e-01    0.00000e+00   -5.43508e+01

           Step           Time         Lambda
           2700        5.40000        0.00000

   Energies (kJ/mol)
           Bond        LJ (SR)   Coulomb (SR)   Coul. recip.      Potential
    7.42697e-01    0.00000e+00    0.00000e+00   -1.93684e-01    5.49014e-01
    Kinetic En.   Total Energy    Temperature Pressure (bar)
    0.00000e+00    5.49014e-01    0.00000e+00   -6.27961e+01

           Step           Time         Lambda
           2800        5.60000        0.00000

   Energies (kJ/mol)
           Bond        LJ (SR)   Coulomb (SR)   Coul. recip.      Potential
    4.16090e+00    0.00000e+00    0.00000e+00   -2.01647e-01    3.95925e+00
    Kinetic En.   Total Energy    Temperature Pressure (bar)
    0.00000e+00    3.95925e+00    0.00000e+00   -1.51803e+02

           Step           Time         Lambda
           2900        5.80000        0.00000

   Energies (kJ/mol)
           Bond        LJ (SR)   Coulomb (SR)   Coul. recip.      Potential
    2.73263e-03    0.00000e+00    0.00000e+00   -1.86721e-01   -1.83988e-01
    Kinetic En.   Total Energy    Temperature Pressure (bar)
    0.00000e+00   -1.83988e-01    0.00000e+00    3.62148e+00

           Step           Time         Lambda
           3000        6.00000        0.00000

   Energies (kJ/mol)
           Bond        LJ (SR)   Coulomb (SR)   Coul. recip.      Potential
    8.96366e-01    0.00000e+00    0.00000e+00   -1.94118e-01    7.02248e-01
    Kinetic En.   Total Energy    Temperature Pressure (bar)
    0.00000e+00    7.02248e-01    0.00000e+00   -6.90870e+01

           Step           Time         Lambda
           3100        6.20000        0.00000

   Energies (kJ/mol)
           Bond        LJ (SR)   Coulomb (SR)   Coul. recip.      Potential
    3.88502e+00    0.00000e+00    0.00000e+00   -1.74278e-01    3.71074e+00
    Kinetic En.   Total Energy    Temperature Pressure (bar)
    0.00000e+00    3.71074e+00    0.00000e+00    1.35521e+02

           Step           Time         Lambda
           3200        6.40000        0.00000

   Energies (kJ/mol)
           Bond        LJ (SR)   Coulomb (SR)   Coul. recip.      Potential
    2.70312e-01    0.00000e+00    0.00000e+00   -1.91433e-01    7.88790e-02
    Kinetic En.   Total Energy    Temperature Pressure (bar)
    0.00000e+00    7.88790e-02    0.00000e+00   -3.76792e+01

           Step           Time         Lambda
           3300        6.60000        0.00000

   Energies (kJ/mol)
           Bond        LJ (SR)   Coulomb (SR)   Coul. recip.      Potential
    1.95462e-01    0.00000e+00    0.00000e+00   -1.91012e-01    4.44987e-03
    Kinetic En.   Total Energy    Temperature Pressure (bar)
    0.00000e+00    4.44987e-03    0.00000e+00   -3.20089e+01

           Step           Time         Lambda
           3400        6.80000        0.00000

   Energies (kJ/mol)
           Bond        LJ (SR)   Coulomb (SR)   Coul. recip.      Potential
    2.87652e+00    0.00000e+00    0.00000e+00   -1.99402e-01    2.67712e+00
    Kinetic En.   Total Energy    Temperature Pressure (bar)
    0.00000e+00    2.67712e+00    0.00000e+00   -1.25429e+02

           Step           Time         Lambda
           3500        7.00000        0.00000

   Energies (kJ/mol)
           Bond        LJ (SR)   Coulomb (SR)   Coul. recip.      Potential
    4.05318e-01    0.00000e+00    0.00000e+00   -1.91264e-01    2.14054e-01
    Kinetic En.   Total Energy    Temperature Pressure (bar)
    0.00000e+00    2.14054e-01    0.00000e+00   -4.62208e+01

           Step           Time         Lambda
           3600        7.20000        0.00000

   Energies (kJ/mol)
           Bond        LJ (SR)   Coulomb (SR)   Coul. recip.      Potential
    4.56157e-01    0.00000e+00    0.00000e+00   -1.81685e-01    2.74472e-01
    Kinetic En.   Total Energy    Temperature Pressure (bar)
    0.00000e+00    2.74472e-01    0.00000e+00    4.75693e+01

           Step           Time         Lambda
           3700        7.40000        0.00000

   Energies (kJ/mol)
           Bond        LJ (SR)   Coulomb (SR)   Coul. recip.      Potential
    7.24255e+00    0.00000e+00    0.00000e+00   -2.06451e-01    7.03610e+00
    Kinetic En.   Total Energy    Temperature Pressure (bar)
    0.00000e+00    7.03610e+00    0.00000e+00   -2.02667e+02

           Step           Time         Lambda
           3800        7.60000        0.00000

   Energies (kJ/mol)
           Bond        LJ (SR)   Coulomb (SR)   Coul. recip.      Potential
    1.76386e+00    0.00000e+00    0.00000e+00   -1.76525e-01    1.58734e+00
    Kinetic En.   Total Energy    Temperature Pressure (bar)
    0.00000e+00    1.58734e+00    0.00000e+00    9.24511e+01

           Step           Time         Lambda
           3900        7.80000        0.00000

   Energies (kJ/mol)
           Bond        LJ (SR)   Coulomb (SR)   Coul. recip.      Potential
    2.37788e-02    0.00000e+00    0.00000e+00   -1.86996e-01   -1.63218e-01
    Kinetic En.   Total Energy    Temperature Pressure (bar)
    0.00000e+00   -1.63218e-01    0.00000e+00   -1.11857e+01

           Step           Time         Lambda
           4000        8.00000        0.00000

   Energies (kJ/mol)
           Bond        LJ (SR)   Coulomb (SR)   Coul. recip.      Potential
    2.45947e+00    0.00000e+00    0.00000e+00   -1.97911e-01    2.26156e+00
    Kinetic En.   Total Energy    Temperature Pressure (bar)
    0.00000e+00    2.26156e+00    0.00000e+00   -1.15716e+02

           Step           Time         Lambda
           4100        8.20000        0.00000

   Energies (kJ/mol)
           Bond        LJ (SR)   Coulomb (SR)   Coul. recip.      Potential
    2.46290e-03    0.00000e+00    0.00000e+00   -1.87308e-01   -1.84845e-01
    Kinetic En.   Total Energy    Temperature Pressure (bar)
    0.00000e+00   -1.84845e-01    0.00000e+00   -3.67116e+00

           Step           Time         Lambda
           4200        8.40000        0.00000

   Energies (kJ/mol)
           Bond        LJ (SR)   Coulomb (SR)   Coul. recip.      Potential
    3.65458e-01    0.00000e+00    0.00000e+00   -1.82840e-01    1.82618e-01
    Kinetic En.   Total Energy    Temperature Pressure (bar)
    0.00000e+00    1.82618e-01    0.00000e+00    4.26268e+01

           Step           Time         Lambda
           4300        8.60000        0.00000

   Energies (kJ/mol)
           Bond        LJ (SR)   Coulomb (SR)   Coul. recip.      Potential
    2.72597e-01    0.00000e+00    0.00000e+00   -1.83440e-01    8.91571e-02
    Kinetic En.   Total Energy    Temperature Pressure (bar)
    0.00000e+00    8.91571e-02    0.00000e+00    3.68598e+01

           Step           Time         Lambda
           4400        8.80000        0.00000

   Energies (kJ/mol)
           Bond        LJ (SR)   Coulomb (SR)   Coul. recip.      Potential
    6.72946e-02    0.00000e+00    0.00000e+00   -1.85578e-01   -1.18284e-01
    Kinetic En.   Total Energy    Temperature Pressure (bar)
    0.00000e+00   -1.18284e-01    0.00000e+00    1.83512e+01

           Step           Time         Lambda
           4500        9.00000        0.00000

   Energies (kJ/mol)
           Bond        LJ (SR)   Coulomb (SR)   Coul. recip.      Potential
    7.19465e-03    0.00000e+00    0.00000e+00   -1.87104e-01   -1.79910e-01
    Kinetic En.   Total Energy    Temperature Pressure (bar)
    0.00000e+00   -1.79910e-01    0.00000e+00    5.94199e+00

           Step           Time         Lambda
           4600        9.20000        0.00000

   Energies (kJ/mol)
           Bond        LJ (SR)   Coulomb (SR)   Coul. recip.      Potential
    3.50616e-01    0.00000e+00    0.00000e+00   -1.83441e-01    1.67175e-01
    Kinetic En.   Total Energy    Temperature Pressure (bar)
    0.00000e+00    1.67175e-01    0.00000e+00    4.17593e+01

           Step           Time         Lambda
           4700        9.40000        0.00000

   Energies (kJ/mol)
           Bond        LJ (SR)   Coulomb (SR)   Coul. recip.      Potential
    8.03569e-01    0.00000e+00    0.00000e+00   -1.80811e-01    6.22758e-01
    Kinetic En.   Total Energy    Temperature Pressure (bar)
    0.00000e+00    6.22758e-01    0.00000e+00    6.29005e+01

           Step           Time         Lambda
           4800        9.60000        0.00000

   Energies (kJ/mol)
           Bond        LJ (SR)   Coulomb (SR)   Coul. recip.      Potential
    5.54097e-01    0.00000e+00    0.00000e+00   -1.82014e-01    3.72082e-01
    Kinetic En.   Total Energy    Temperature Pressure (bar)
    0.00000e+00    3.72082e-01    0.00000e+00    5.23684e+01

           Step           Time         Lambda
           4900        9.80000        0.00000

   Energies (kJ/mol)
           Bond        LJ (SR)   Coulomb (SR)   Coul. recip.      Potential
    3.11131e+00    0.00000e+00    0.00000e+00   -2.01131e-01    2.91018e+00
    Kinetic En.   Total Energy    Temperature Pressure (bar)
    0.00000e+00    2.91018e+00    0.00000e+00   -1.30610e+02

           Step           Time         Lambda
           5000       10.00000        0.00000

   Energies (kJ/mol)
           Bond        LJ (SR)   Coulomb (SR)   Coul. recip.      Potential
    1.47532e-02    0.00000e+00    0.00000e+00   -1.87660e-01   -1.72907e-01
    Kinetic En.   Total Energy    Temperature Pressure (bar)
    0.00000e+00   -1.72907e-01    0.00000e+00    8.55372e+00


	M E G A - F L O P S   A C C O U N T I N G

   RF=Reaction-Field  FE=Free Energy  SCFE=Soft-Core/Free Energy
   T=Tabulated        W3=SPC/TIP3p    W4=TIP4p (single or pairs)
   NF=No Forces

 Computing:                               M-Number         M-Flops  % Flops
-----------------------------------------------------------------------------
 Calc Weights                             0.000306           0.011     0.0
 Spread Q Bspline                         0.022032           0.044     0.0
 Gather F Bspline                         0.022032           0.132     0.1
 3D-FFT                                  10.580052          84.640    85.3
 Solve PME                                0.224400          14.362    14.5
 NS-Pairs                                 0.000153           0.003     0.0
 Reset In Box                             0.000102           0.000     0.0
 Shift-X                                  0.000204           0.001     0.0
 CG-CoM                                   0.000102           0.000     0.0
 Bonds                                    0.000051           0.003     0.0
 Virial                                   0.002397           0.043     0.0
 Update                                   0.000102           0.003     0.0
 Calc-Ekin                                0.000206           0.006     0.0
-----------------------------------------------------------------------------
 Total                                                      99.249   100.0
-----------------------------------------------------------------------------


     R E A L   C Y C L E   A N D   T I M E   A C C O U N T I N G

 Computing:         Nodes     Number     G-Cycles    Seconds     %
-----------------------------------------------------------------------
 Neighbor search        1         51        0.000        0.0     1.2
 Force                  1         51        0.000        0.0     0.9
 PME mesh               1         51        0.021        0.0    74.3
 Write traj.            1         51        0.001        0.0     2.7
 Update                 1         51        0.000        0.0     0.5
 Rest                   1                   0.006        0.0    20.5
-----------------------------------------------------------------------
 Total                  1                   0.029        0.0   100.0
-----------------------------------------------------------------------
-----------------------------------------------------------------------
 PME spread/gather      1        102        0.003        0.0    10.7
 PME 3D-FFT             1        102        0.007        0.0    24.0
 PME solve              1         51        0.011        0.0    39.2
-----------------------------------------------------------------------

               NODE (s)   Real (s)      (%)
       Time:      0.010      0.011     97.3
               (Mnbf/s)   (GFlops)   (ns/day)  (hour/ns)
Performance:      0.000      9.614  83713.346      0.000
Finished mdrun on node 0 Fri May 26 16:12:14 2017
