Log file opened on Wed May 31 19:14:11 2017
Host: nick-ThinkPad-T440p  pid: 5800  nodeid: 0  nnodes:  1
The Gromacs distribution was built @TMP_TIME@ by
nick@nick-ThinkPad-T440p [CMAKE] (@TMP_MACHINE@)


                         :-)  G  R  O  M  A  C  S  (-:

           Glycine aRginine prOline Methionine Alanine Cystine Serine

                            :-)  VERSION 4.5.3  (-:

        Written by Emile Apol, Rossen Apostolov, Herman J.C. Berendsen,
      Aldert van Buuren, Pär Bjelkmar, Rudi van Drunen, Anton Feenstra, 
        Gerrit Groenhof, Peter Kasson, Per Larsson, Pieter Meulenhoff, 
           Teemu Murtola, Szilard Pall, Sander Pronk, Roland Schulz, 
                Michael Shirts, Alfons Sijbers, Peter Tieleman,

               Berk Hess, David van der Spoel, and Erik Lindahl.

       Copyright (c) 1991-2000, University of Groningen, The Netherlands.
            Copyright (c) 2001-2010, The GROMACS development team at
        Uppsala University & The Royal Institute of Technology, Sweden.
            check out http://www.gromacs.org for more information.

         This program is free software; you can redistribute it and/or
          modify it under the terms of the GNU General Public License
         as published by the Free Software Foundation; either version 2
             of the License, or (at your option) any later version.

                                :-)  mdrun  (-:


++++ PLEASE READ AND CITE THE FOLLOWING REFERENCE ++++
B. Hess and C. Kutzner and D. van der Spoel and E. Lindahl
GROMACS 4: Algorithms for highly efficient, load-balanced, and scalable
molecular simulation
J. Chem. Theory Comput. 4 (2008) pp. 435-447
-------- -------- --- Thank You --- -------- --------


++++ PLEASE READ AND CITE THE FOLLOWING REFERENCE ++++
D. van der Spoel, E. Lindahl, B. Hess, G. Groenhof, A. E. Mark and H. J. C.
Berendsen
GROMACS: Fast, Flexible and Free
J. Comp. Chem. 26 (2005) pp. 1701-1719
-------- -------- --- Thank You --- -------- --------


++++ PLEASE READ AND CITE THE FOLLOWING REFERENCE ++++
E. Lindahl and B. Hess and D. van der Spoel
GROMACS 3.0: A package for molecular simulation and trajectory analysis
J. Mol. Mod. 7 (2001) pp. 306-317
-------- -------- --- Thank You --- -------- --------


++++ PLEASE READ AND CITE THE FOLLOWING REFERENCE ++++
H. J. C. Berendsen, D. van der Spoel and R. van Drunen
GROMACS: A message-passing parallel molecular dynamics implementation
Comp. Phys. Comm. 91 (1995) pp. 43-56
-------- -------- --- Thank You --- -------- --------

Input Parameters:
   integrator           = md
   nsteps               = 500
   init_step            = 0
   ns_type              = Grid
   nstlist              = 10
   ndelta               = 2
   nstcomm              = 10
   comm_mode            = Linear
   nstlog               = 500
   nstxout              = 500
   nstvout              = 500
   nstfout              = 0
   nstcalcenergy        = 10
   nstenergy            = 500
   nstxtcout            = 0
   init_t               = 0
   delta_t              = 0.002
   xtcprec              = 1000
   nkx                  = 60
   nky                  = 60
   nkz                  = 160
   pme_order            = 6
   ewald_rtol           = 1e-06
   ewald_geometry       = 0
   epsilon_surface      = 0
   optimize_fft         = FALSE
   ePBC                 = xyz
   bPeriodicMols        = FALSE
   bContinuation        = FALSE
   bShakeSOR            = FALSE
   etc                  = V-rescale
   nsttcouple           = 10
   epc                  = No
   epctype              = Isotropic
   nstpcouple           = -1
   tau_p                = 1
   ref_p (3x3):
      ref_p[    0]={ 0.00000e+00,  0.00000e+00,  0.00000e+00}
      ref_p[    1]={ 0.00000e+00,  0.00000e+00,  0.00000e+00}
      ref_p[    2]={ 0.00000e+00,  0.00000e+00,  0.00000e+00}
   compress (3x3):
      compress[    0]={ 0.00000e+00,  0.00000e+00,  0.00000e+00}
      compress[    1]={ 0.00000e+00,  0.00000e+00,  0.00000e+00}
      compress[    2]={ 0.00000e+00,  0.00000e+00,  0.00000e+00}
   refcoord_scaling     = No
   posres_com (3):
      posres_com[0]= 0.00000e+00
      posres_com[1]= 0.00000e+00
      posres_com[2]= 0.00000e+00
   posres_comB (3):
      posres_comB[0]= 0.00000e+00
      posres_comB[1]= 0.00000e+00
      posres_comB[2]= 0.00000e+00
   andersen_seed        = 815131
   rlist                = 1
   rlistlong            = 1
   rtpi                 = 0.05
   coulombtype          = PME
   rcoulomb_switch      = 0
   rcoulomb             = 1
   vdwtype              = Cut-off
   rvdw_switch          = 0
   rvdw                 = 1
   epsilon_r            = 1
   epsilon_rf           = 1
   tabext               = 1
   implicit_solvent     = No
   gb_algorithm         = Still
   gb_epsilon_solvent   = 80
   nstgbradii           = 1
   rgbradii             = 1
   gb_saltconc          = 0
   gb_obc_alpha         = 1
   gb_obc_beta          = 0.8
   gb_obc_gamma         = 4.85
   gb_dielectric_offset = 0.009
   sa_algorithm         = Ace-approximation
   sa_surface_tension   = 2.05016
   DispCorr             = No
   free_energy          = no
   init_lambda          = 0
   delta_lambda         = 0
   n_foreign_lambda     = 0
   sc_alpha             = 0
   sc_power             = 0
   sc_sigma             = 0.3
   sc_sigma_min         = 0.3
   nstdhdl              = 10
   separate_dhdl_file   = yes
   dhdl_derivatives     = yes
   dh_hist_size         = 0
   dh_hist_spacing      = 0.1
   nwall                = 0
   wall_type            = 9-3
   wall_atomtype[0]     = -1
   wall_atomtype[1]     = -1
   wall_density[0]      = 0
   wall_density[1]      = 0
   wall_ewald_zfac      = 3
   pull                 = umbrella
   pull_geometry        = distance
   pull_dim (3):
      pull_dim[0]=1
      pull_dim[1]=1
      pull_dim[2]=1
   pull_r1              = 1
   pull_r0              = 1.5
   pull_constr_tol      = 1e-06
   pull_nstxout         = 0
   pull_nstfout         = 0
   pull_ngrp            = 1
   pull_group 0:
     atom (1):
        atom[0]=991
     weight: not available
     pbcatom              = -1
     vec (3):
        vec[0]= 0.00000e+00
        vec[1]= 0.00000e+00
        vec[2]= 0.00000e+00
     init (3):
        init[0]= 0.00000e+00
        init[1]= 0.00000e+00
        init[2]= 0.00000e+00
     rate                 = 0
     k                    = 0
     kB                   = 0
   pull_group 1:
     atom (971):
        atom[0,...,869] = {0,...,869}
        atom[870,...,970] = {890,...,990}
     weight: not available
     pbcatom              = 485
     vec (3):
        vec[0]= 0.00000e+00
        vec[1]= 0.00000e+00
        vec[2]= 0.00000e+00
     init (3):
        init[0]= 0.00000e+00
        init[1]= 0.00000e+00
        init[2]= 0.00000e+00
     rate                 = 0
     k                    = 1000
     kB                   = 1000
   disre                = No
   disre_weighting      = Conservative
   disre_mixed          = FALSE
   dr_fc                = 1000
   dr_tau               = 0
   nstdisreout          = 100
   orires_fc            = 0
   orires_tau           = 0
   nstorireout          = 100
   dihre-fc             = 1000
   em_stepsize          = 0.01
   em_tol               = 10
   niter                = 20
   fc_stepsize          = 0
   nstcgsteep           = 1000
   nbfgscorr            = 10
   ConstAlg             = Lincs
   shake_tol            = 0.0001
   lincs_order          = 12
   lincs_warnangle      = 30
   lincs_iter           = 1
   bd_fric              = 0
   ld_seed              = 1993
   cos_accel            = 0
   deform (3x3):
      deform[    0]={ 0.00000e+00,  0.00000e+00,  0.00000e+00}
      deform[    1]={ 0.00000e+00,  0.00000e+00,  0.00000e+00}
      deform[    2]={ 0.00000e+00,  0.00000e+00,  0.00000e+00}
   userint1             = 0
   userint2             = 0
   userint3             = 0
   userint4             = 0
   userreal1            = 0
   userreal2            = 0
   userreal3            = 0
   userreal4            = 0
grpopts:
   nrdf:      2420.9     69573.1
   ref_t:         300         300
   tau_t:         0.5         0.5
anneal:          No          No
ann_npoints:           0           0
   acc:	           0           0           0
   nfreeze:           Y           Y           Y           N           N           N
   energygrp_flags[  0]: 0
   efield-x:
      n = 0
   efield-xt:
      n = 0
   efield-y:
      n = 0
   efield-yt:
      n = 0
   efield-z:
      n = 0
   efield-zt:
      n = 0
   bQMMM                = FALSE
   QMconstraints        = 0
   QMMMscheme           = 0
   scalefactor          = 1
qm_opts:
   ngQM                 = 0

Initializing Domain Decomposition on 4 nodes
Dynamic load balancing: auto
Will sort the charge groups at every domain (re)decomposition
Initial maximum inter charge-group distances:
    two-body bonded interactions: 0.425 nm, LJ-14, atoms 359 361
  multi-body bonded interactions: 0.425 nm, Proper Dih., atoms 361 359
Minimum cell size due to bonded interactions: 0.467 nm
Maximum distance for 13 constraints, at 120 deg. angles, all-trans: 0.218 nm
Estimated maximum distance required for P-LINCS: 0.218 nm
Using 0 separate PME nodes
Scaling the initial minimum size with 1/0.8 (option -dds) = 1.25
Optimizing the DD grid for 4 cells with a minimum initial size of 0.584 nm
The maximum allowed number of cells is: X 10 Y 10 Z 27
Domain decomposition grid 4 x 1 x 1, separate PME nodes 0
PME domain decomposition: 4 x 1 x 1
Domain decomposition nodeid 0, coordinates 0 0 0

Table routines are used for coulomb: TRUE
Table routines are used for vdw:     FALSE
Will do PME sum in reciprocal space.

++++ PLEASE READ AND CITE THE FOLLOWING REFERENCE ++++
U. Essman, L. Perela, M. L. Berkowitz, T. Darden, H. Lee and L. G. Pedersen 
A smooth particle mesh Ewald method
J. Chem. Phys. 103 (1995) pp. 8577-8592
-------- -------- --- Thank You --- -------- --------

Will do ordinary reciprocal space Ewald sum.
Using a Gaussian width (1/beta) of 0.289108 nm for Ewald
Cut-off's:   NS: 1   Coulomb: 1   LJ: 1
System total charge: -0.000
Generated table with 1000 data points for Ewald.
Tabscale = 500 points/nm
Generated table with 1000 data points for LJ6.
Tabscale = 500 points/nm
Generated table with 1000 data points for LJ12.
Tabscale = 500 points/nm
Generated table with 1000 data points for 1-4 COUL.
Tabscale = 500 points/nm
Generated table with 1000 data points for 1-4 LJ6.
Tabscale = 500 points/nm
Generated table with 1000 data points for 1-4 LJ12.
Tabscale = 500 points/nm

Enabling SPC-like water optimization for 11588 molecules.

Configuring nonbonded kernels...
Configuring standard C nonbonded kernels...
Testing x86_64 SSE2 support... present.


Removing pbc first time

Will apply umbrella COM pulling in geometry 'distance'
between a reference group and 1 group
Cosine weighting is used for groupd 0

++++ PLEASE READ AND CITE THE FOLLOWING REFERENCE ++++
O. Engin, A. Villa, M. Sayar and B. Hess
Driving Forces for Adsorption of Amphiphilic Peptides to Air-Water Interface
J. Phys. Chem. B 0 (2010) pp. ???
-------- -------- --- Thank You --- -------- --------

Pull group 0:     1 atoms, mass     0.000
Pull group 1:   971 atoms, mass  6936.206

Initializing Parallel LINear Constraint Solver

++++ PLEASE READ AND CITE THE FOLLOWING REFERENCE ++++
B. Hess
P-LINCS: A Parallel Linear Constraint Solver for molecular simulation
J. Chem. Theory Comput. 4 (2008) pp. 116-122
-------- -------- --- Thank You --- -------- --------

The number of constraints is 504
There are inter charge-group constraints,
will communicate selected coordinates each lincs iteration

++++ PLEASE READ AND CITE THE FOLLOWING REFERENCE ++++
S. Miyamoto and P. A. Kollman
SETTLE: An Analytical Version of the SHAKE and RATTLE Algorithms for Rigid
Water Models
J. Comp. Chem. 13 (1992) pp. 952-962
-------- -------- --- Thank You --- -------- --------


Linking all bonded interactions to atoms
There are 5454 inter charge-group exclusions,
will use an extra communication step for exclusion forces for PME

The initial number of communication pulses is: X 1
The initial domain decomposition cell size is: X 1.50 nm

The maximum allowed distance for charge groups involved in interactions is:
                 non-bonded interactions           1.000 nm
            two-body bonded interactions  (-rdd)   1.000 nm
          multi-body bonded interactions  (-rdd)   1.000 nm
 atoms separated by up to 13 constraints  (-rcon)  1.500 nm

When dynamic load balancing gets turned on, these settings will change to:
The maximum number of communication pulses is: X 1
The minimum size for domain decomposition cells is 1.000 nm
The requested allowed shrink of DD cells (option -dds) is: 0.80
The allowed shrink of domain decomposition cells is: X 0.67
The maximum allowed distance for charge groups involved in interactions is:
                 non-bonded interactions           1.000 nm
            two-body bonded interactions  (-rdd)   1.000 nm
          multi-body bonded interactions  (-rdd)   1.000 nm
 atoms separated by up to 13 constraints  (-rcon)  1.000 nm


Making 1D domain decomposition grid 4 x 1 x 1, home cell index 0 0 0

Center of mass motion removal mode is Linear
We have the following groups for center of mass motion removal:
  0:  System

++++ PLEASE READ AND CITE THE FOLLOWING REFERENCE ++++
G. Bussi, D. Donadio and M. Parrinello
Canonical sampling through velocity rescaling
J. Chem. Phys. 126 (2007) pp. 014101
-------- -------- --- Thank You --- -------- --------

There are: 35756 Atoms
Charge group distribution at step 0: 2999 3300 3297 2984
Grid: 4 x 8 x 20 cells

Constraining the starting coordinates (step 0)

Constraining the coordinates at t0-dt (step 0)
RMS relative constraint deviation after constraining: 0.00e+00
Initial temperature: 301.899 K

Started mdrun on node 0 Wed May 31 19:14:13 2017

           Step           Time         Lambda
              0        0.00000        0.00000

   Energies (kJ/mol)
           Bond          Angle    Proper Dih.  Improper Dih.          LJ-14
    7.32866e+02    2.28435e+03    2.75172e+03    1.15405e+02    9.35131e+02
     Coulomb-14        LJ (SR)   Coulomb (SR)   Coul. recip.   COM Pull En.
    1.61019e+04    1.00956e+05   -5.83705e+05   -7.91866e+04    1.47423e+00
      Potential    Kinetic En.   Total Energy  Conserved En.    Temperature
   -5.39013e+05    9.18614e+04   -4.47152e+05   -4.47152e+05    3.06923e+02
 Pressure (bar)   Constr. rmsd
    6.12879e+01    4.40098e-06

DD  step 9 load imb.: force  7.4%

DD  step 499 load imb.: force  7.3%

           Step           Time         Lambda
            500        1.00000        0.00000

Writing checkpoint, step 500 at Wed May 31 19:14:25 2017


   Energies (kJ/mol)
           Bond          Angle    Proper Dih.  Improper Dih.          LJ-14
    7.27761e+02    2.24718e+03    2.84381e+03    1.13768e+02    8.94703e+02
     Coulomb-14        LJ (SR)   Coulomb (SR)   Coul. recip.   COM Pull En.
    1.60768e+04    1.00623e+05   -5.81932e+05   -7.92525e+04    1.97432e+00
      Potential    Kinetic En.   Total Energy  Conserved En.    Temperature
   -5.37656e+05    9.07356e+04   -4.46920e+05   -4.47186e+05    3.03162e+02
 Pressure (bar)   Constr. rmsd
    2.20548e+00    3.93976e-06

	<======  ###############  ==>
	<====  A V E R A G E S  ====>
	<==  ###############  ======>

	Statistics over 501 steps using 51 frames

   Energies (kJ/mol)
           Bond          Angle    Proper Dih.  Improper Dih.          LJ-14
    7.75874e+02    2.23295e+03    2.79985e+03    1.15060e+02    9.36389e+02
     Coulomb-14        LJ (SR)   Coulomb (SR)   Coul. recip.   COM Pull En.
    1.60507e+04    1.00394e+05   -5.81378e+05   -7.91827e+04    1.60316e+00
      Potential    Kinetic En.   Total Energy  Conserved En.    Temperature
   -5.37255e+05    9.06293e+04   -4.46625e+05   -4.47148e+05    3.02807e+02
 Pressure (bar)   Constr. rmsd
    2.86446e+01    0.00000e+00

   Total Virial (kJ/mol)
    3.00456e+04   -4.99515e+02   -1.43124e+02
   -4.96422e+02    3.07314e+04   -1.23376e+02
   -2.21773e+02   -1.84409e+02    2.83618e+04

   Pressure (bar)
    8.47550e+00    3.52437e+01    1.44762e+01
    3.50653e+01   -3.12259e+01    5.65152e+00
    1.90109e+01    9.17052e+00    1.08684e+02

   Total Dipole (D)
    3.51490e+02    3.70604e+02    7.23052e+01

      T-Protein  T-non-Protein
    3.15004e+02    3.02382e+02


	M E G A - F L O P S   A C C O U N T I N G

   RF=Reaction-Field  FE=Free Energy  SCFE=Soft-Core/Free Energy
   T=Tabulated        W3=SPC/TIP3p    W4=TIP4p (single or pairs)
   NF=No Forces

 Computing:                               M-Number         M-Flops  % Flops
-----------------------------------------------------------------------------
 LJ                                       0.131368           4.335     0.0
 Coul(T)                                 37.737735        1584.985     0.5
 Coul(T) [W3]                             0.209673          26.209     0.0
 Coul(T) + LJ                            70.346436        3869.054     1.3
 Coul(T) + LJ [W3]                       17.027319        2349.770     0.8
 Coul(T) + LJ [W3-W3]                   380.108983      145201.632    49.9
 Outer nonbonded loop                    70.049153         700.492     0.2
 1,4 nonbonded interactions               1.316628         118.497     0.0
 Calc Weights                            53.741268        1934.686     0.7
 Spread Q Bspline                      3869.371296        7738.743     2.7
 Gather F Bspline                      3869.371296       23216.228     8.0
 3D-FFT                               11044.212336       88353.699    30.4
 Solve PME                              146.091600        9349.862     3.2
 NS-Pairs                               163.786690        3439.520     1.2
 Reset In Box                             0.641580           1.925     0.0
 CG-CoM                                   1.859312           5.578     0.0
 Bonds                                    0.247494          14.602     0.0
 Angles                                   0.914325         153.607     0.1
 Propers                                  1.783059         408.321     0.1
 Virial                                   1.832736          32.989     0.0
 Stop-CM                                  1.823556          18.236     0.0
 Calc-Ekin                               17.949512         484.637     0.2
 Lincs                                    0.267694          16.062     0.0
 Lincs-Mat                                3.707424          14.830     0.0
 Constraint-V                            17.985850         143.887     0.0
 Constraint-Vir                           1.800111          43.203     0.0
 Settle                                   5.828764        1882.691     0.6
-----------------------------------------------------------------------------
 Total                                                  291108.275   100.0
-----------------------------------------------------------------------------


    D O M A I N   D E C O M P O S I T I O N   S T A T I S T I C S

 av. #atoms communicated per step for force:  2 x 23897.2
 av. #atoms communicated per step for LINCS:  2 x 43.6

 Average load imbalance: 7.2 %
 Part of the total run time spent waiting due to load imbalance: 2.9 %


     R E A L   C Y C L E   A N D   T I M E   A C C O U N T I N G

 Computing:         Nodes     Number     G-Cycles    Seconds     %
-----------------------------------------------------------------------
 Domain decomp.         4         51        0.805        0.3     0.6
 DD comm. load          4          6        0.000        0.0     0.0
 Comm. coord.           4        501        0.226        0.1     0.2
 Neighbor search        4         51        4.215        1.6     3.4
 Force                  4        501       55.797       20.7    44.7
 Wait + Comm. F         4        501        0.395        0.1     0.3
 PME mesh               4        501       57.629       21.4    46.2
 Write traj.            4          2        0.279        0.1     0.2
 Update                 4        501        1.264        0.5     1.0
 Constraints            4        501        2.653        1.0     2.1
 Comm. energies         4         52        0.822        0.3     0.7
 Rest                   4                   0.698        0.3     0.6
-----------------------------------------------------------------------
 Total                  4                 124.786       46.3   100.0
-----------------------------------------------------------------------
-----------------------------------------------------------------------
 PME redist. X/F        4       1002        6.103        2.3     4.9
 PME spread/gather      4       1002       37.431       13.9    30.0
 PME 3D-FFT             4       1002       11.581        4.3     9.3
 PME solve              4        501        2.499        0.9     2.0
-----------------------------------------------------------------------

	Parallel run - timing based on wallclock.

               NODE (s)   Real (s)      (%)
       Time:     11.581     11.581    100.0
               (Mnbf/s)   (GFlops)   (ns/day)  (hour/ns)
Performance:    309.205     25.137      7.475      3.211
Finished mdrun on node 0 Wed May 31 19:14:25 2017
