Log file opened on Wed May 31 20:27:55 2017
Host: nick-ThinkPad-T440p  pid: 2557  nodeid: 0  nnodes:  1
The Gromacs distribution was built @TMP_TIME@ by
nick@nick-ThinkPad-T440p [CMAKE] (@TMP_MACHINE@)


                         :-)  G  R  O  M  A  C  S  (-:

               Giving Russians Opium May Alter Current Situation

                            :-)  VERSION 4.5.3  (-:

        Written by Emile Apol, Rossen Apostolov, Herman J.C. Berendsen,
      Aldert van Buuren, Pär Bjelkmar, Rudi van Drunen, Anton Feenstra, 
        Gerrit Groenhof, Peter Kasson, Per Larsson, Pieter Meulenhoff, 
           Teemu Murtola, Szilard Pall, Sander Pronk, Roland Schulz, 
                Michael Shirts, Alfons Sijbers, Peter Tieleman,

               Berk Hess, David van der Spoel, and Erik Lindahl.

       Copyright (c) 1991-2000, University of Groningen, The Netherlands.
            Copyright (c) 2001-2010, The GROMACS development team at
        Uppsala University & The Royal Institute of Technology, Sweden.
            check out http://www.gromacs.org for more information.

         This program is free software; you can redistribute it and/or
          modify it under the terms of the GNU General Public License
         as published by the Free Software Foundation; either version 2
             of the License, or (at your option) any later version.

                                :-)  mdrun  (-:


++++ PLEASE READ AND CITE THE FOLLOWING REFERENCE ++++
B. Hess and C. Kutzner and D. van der Spoel and E. Lindahl
GROMACS 4: Algorithms for highly efficient, load-balanced, and scalable
molecular simulation
J. Chem. Theory Comput. 4 (2008) pp. 435-447
-------- -------- --- Thank You --- -------- --------


++++ PLEASE READ AND CITE THE FOLLOWING REFERENCE ++++
D. van der Spoel, E. Lindahl, B. Hess, G. Groenhof, A. E. Mark and H. J. C.
Berendsen
GROMACS: Fast, Flexible and Free
J. Comp. Chem. 26 (2005) pp. 1701-1719
-------- -------- --- Thank You --- -------- --------


++++ PLEASE READ AND CITE THE FOLLOWING REFERENCE ++++
E. Lindahl and B. Hess and D. van der Spoel
GROMACS 3.0: A package for molecular simulation and trajectory analysis
J. Mol. Mod. 7 (2001) pp. 306-317
-------- -------- --- Thank You --- -------- --------


++++ PLEASE READ AND CITE THE FOLLOWING REFERENCE ++++
H. J. C. Berendsen, D. van der Spoel and R. van Drunen
GROMACS: A message-passing parallel molecular dynamics implementation
Comp. Phys. Comm. 91 (1995) pp. 43-56
-------- -------- --- Thank You --- -------- --------

Input Parameters:
   integrator           = md
   nsteps               = 500
   init_step            = 0
   ns_type              = Grid
   nstlist              = 10
   ndelta               = 2
   nstcomm              = 10
   comm_mode            = Linear
   nstlog               = 500
   nstxout              = 500
   nstvout              = 500
   nstfout              = 0
   nstcalcenergy        = 10
   nstenergy            = 500
   nstxtcout            = 0
   init_t               = 0
   delta_t              = 0.002
   xtcprec              = 1000
   nkx                  = 60
   nky                  = 60
   nkz                  = 160
   pme_order            = 6
   ewald_rtol           = 1e-06
   ewald_geometry       = 0
   epsilon_surface      = 0
   optimize_fft         = FALSE
   ePBC                 = xyz
   bPeriodicMols        = FALSE
   bContinuation        = FALSE
   bShakeSOR            = FALSE
   etc                  = V-rescale
   nsttcouple           = 10
   epc                  = No
   epctype              = Isotropic
   nstpcouple           = -1
   tau_p                = 1
   ref_p (3x3):
      ref_p[    0]={ 0.00000e+00,  0.00000e+00,  0.00000e+00}
      ref_p[    1]={ 0.00000e+00,  0.00000e+00,  0.00000e+00}
      ref_p[    2]={ 0.00000e+00,  0.00000e+00,  0.00000e+00}
   compress (3x3):
      compress[    0]={ 0.00000e+00,  0.00000e+00,  0.00000e+00}
      compress[    1]={ 0.00000e+00,  0.00000e+00,  0.00000e+00}
      compress[    2]={ 0.00000e+00,  0.00000e+00,  0.00000e+00}
   refcoord_scaling     = No
   posres_com (3):
      posres_com[0]= 0.00000e+00
      posres_com[1]= 0.00000e+00
      posres_com[2]= 0.00000e+00
   posres_comB (3):
      posres_comB[0]= 0.00000e+00
      posres_comB[1]= 0.00000e+00
      posres_comB[2]= 0.00000e+00
   andersen_seed        = 815131
   rlist                = 1
   rlistlong            = 1
   rtpi                 = 0.05
   coulombtype          = PME
   rcoulomb_switch      = 0
   rcoulomb             = 1
   vdwtype              = Cut-off
   rvdw_switch          = 0
   rvdw                 = 1
   epsilon_r            = 1
   epsilon_rf           = 1
   tabext               = 1
   implicit_solvent     = No
   gb_algorithm         = Still
   gb_epsilon_solvent   = 80
   nstgbradii           = 1
   rgbradii             = 1
   gb_saltconc          = 0
   gb_obc_alpha         = 1
   gb_obc_beta          = 0.8
   gb_obc_gamma         = 4.85
   gb_dielectric_offset = 0.009
   sa_algorithm         = Ace-approximation
   sa_surface_tension   = 2.05016
   DispCorr             = No
   free_energy          = yes
   init_lambda          = 1
   delta_lambda         = 0
   n_foreign_lambda     = 2
   foreign_lambda:           0           1
   sc_alpha             = 0
   sc_power             = 0
   sc_sigma             = 0.3
   sc_sigma_min         = 0.3
   nstdhdl              = 10
   separate_dhdl_file   = yes
   dhdl_derivatives     = yes
   dh_hist_size         = 0
   dh_hist_spacing      = 0.1
   nwall                = 0
   wall_type            = 9-3
   wall_atomtype[0]     = -1
   wall_atomtype[1]     = -1
   wall_density[0]      = 0
   wall_density[1]      = 0
   wall_ewald_zfac      = 3
   pull                 = umbrella
   pull_geometry        = distance
   pull_dim (3):
      pull_dim[0]=1
      pull_dim[1]=1
      pull_dim[2]=1
   pull_r1              = 1
   pull_r0              = 1.5
   pull_constr_tol      = 1e-06
   pull_nstxout         = 0
   pull_nstfout         = 0
   pull_ngrp            = 1
   pull_group 0:
     atom (1):
        atom[0]=991
     weight: not available
     pbcatom              = -1
     vec (3):
        vec[0]= 0.00000e+00
        vec[1]= 0.00000e+00
        vec[2]= 0.00000e+00
     init (3):
        init[0]= 0.00000e+00
        init[1]= 0.00000e+00
        init[2]= 0.00000e+00
     rate                 = 0
     k                    = 0
     kB                   = 0
   pull_group 1:
     atom (971):
        atom[0,...,869] = {0,...,869}
        atom[870,...,970] = {890,...,990}
     weight: not available
     pbcatom              = 485
     vec (3):
        vec[0]= 0.00000e+00
        vec[1]= 0.00000e+00
        vec[2]= 0.00000e+00
     init (3):
        init[0]= 0.00000e+00
        init[1]= 0.00000e+00
        init[2]= 0.00000e+00
     rate                 = 0
     k                    = 1000
     kB                   = 1000
   disre                = No
   disre_weighting      = Conservative
   disre_mixed          = FALSE
   dr_fc                = 1000
   dr_tau               = 0
   nstdisreout          = 100
   orires_fc            = 0
   orires_tau           = 0
   nstorireout          = 100
   dihre-fc             = 1000
   em_stepsize          = 0.01
   em_tol               = 10
   niter                = 20
   fc_stepsize          = 0
   nstcgsteep           = 1000
   nbfgscorr            = 10
   ConstAlg             = Lincs
   shake_tol            = 0.0001
   lincs_order          = 12
   lincs_warnangle      = 30
   lincs_iter           = 1
   bd_fric              = 0
   ld_seed              = 1993
   cos_accel            = 0
   deform (3x3):
      deform[    0]={ 0.00000e+00,  0.00000e+00,  0.00000e+00}
      deform[    1]={ 0.00000e+00,  0.00000e+00,  0.00000e+00}
      deform[    2]={ 0.00000e+00,  0.00000e+00,  0.00000e+00}
   userint1             = 0
   userint2             = 0
   userint3             = 0
   userint4             = 0
   userreal1            = 0
   userreal2            = 0
   userreal3            = 0
   userreal4            = 0
grpopts:
   nrdf:      2420.9     69573.1
   ref_t:         300         300
   tau_t:         0.5         0.5
anneal:          No          No
ann_npoints:           0           0
   acc:	           0           0           0
   nfreeze:           Y           Y           Y           N           N           N
   energygrp_flags[  0]: 0
   efield-x:
      n = 0
   efield-xt:
      n = 0
   efield-y:
      n = 0
   efield-yt:
      n = 0
   efield-z:
      n = 0
   efield-zt:
      n = 0
   bQMMM                = FALSE
   QMconstraints        = 0
   QMMMscheme           = 0
   scalefactor          = 1
qm_opts:
   ngQM                 = 0
Table routines are used for coulomb: TRUE
Table routines are used for vdw:     FALSE
Will do PME sum in reciprocal space.

++++ PLEASE READ AND CITE THE FOLLOWING REFERENCE ++++
U. Essman, L. Perela, M. L. Berkowitz, T. Darden, H. Lee and L. G. Pedersen 
A smooth particle mesh Ewald method
J. Chem. Phys. 103 (1995) pp. 8577-8592
-------- -------- --- Thank You --- -------- --------

Will do ordinary reciprocal space Ewald sum.
Using a Gaussian width (1/beta) of 0.289108 nm for Ewald
Cut-off's:   NS: 1   Coulomb: 1   LJ: 1
System total charge, top. A: -0.000 top. B: -0.000
Generated table with 1000 data points for Ewald.
Tabscale = 500 points/nm
Generated table with 1000 data points for LJ6.
Tabscale = 500 points/nm
Generated table with 1000 data points for LJ12.
Tabscale = 500 points/nm
Generated table with 1000 data points for 1-4 COUL.
Tabscale = 500 points/nm
Generated table with 1000 data points for 1-4 LJ6.
Tabscale = 500 points/nm
Generated table with 1000 data points for 1-4 LJ12.
Tabscale = 500 points/nm

Enabling SPC-like water optimization for 11588 molecules.

Configuring nonbonded kernels...
Configuring standard C nonbonded kernels...
Testing x86_64 SSE2 support... present.


There are 16 atoms and 16 charges for free energy perturbation
Removing pbc first time

Will apply umbrella COM pulling in geometry 'distance'
between a reference group and 1 group
Cosine weighting is used for groupd 0

++++ PLEASE READ AND CITE THE FOLLOWING REFERENCE ++++
O. Engin, A. Villa, M. Sayar and B. Hess
Driving Forces for Adsorption of Amphiphilic Peptides to Air-Water Interface
J. Phys. Chem. B 0 (2010) pp. ???
-------- -------- --- Thank You --- -------- --------

Pull group 0:     1 atoms, mass     0.000
Pull group 1:   971 atoms, mass  6936.206

Initializing LINear Constraint Solver

++++ PLEASE READ AND CITE THE FOLLOWING REFERENCE ++++
B. Hess and H. Bekker and H. J. C. Berendsen and J. G. E. M. Fraaije
LINCS: A Linear Constraint Solver for molecular simulations
J. Comp. Chem. 18 (1997) pp. 1463-1472
-------- -------- --- Thank You --- -------- --------

The number of constraints is 504

++++ PLEASE READ AND CITE THE FOLLOWING REFERENCE ++++
S. Miyamoto and P. A. Kollman
SETTLE: An Analytical Version of the SHAKE and RATTLE Algorithms for Rigid
Water Models
J. Comp. Chem. 13 (1992) pp. 952-962
-------- -------- --- Thank You --- -------- --------

Center of mass motion removal mode is Linear
We have the following groups for center of mass motion removal:
  0:  System

++++ PLEASE READ AND CITE THE FOLLOWING REFERENCE ++++
G. Bussi, D. Donadio and M. Parrinello
Canonical sampling through velocity rescaling
J. Chem. Phys. 126 (2007) pp. 014101
-------- -------- --- Thank You --- -------- --------

There are: 35756 Atoms
Max number of connections per atom is 111
Total number of connections is 82258
Max number of graph edges per atom is 5
Total number of graph edges is 48348
RMS relative constraint deviation after constraining: 0.00e+00
Initial temperature: 446.985 K

Started mdrun on node 0 Wed May 31 20:27:55 2017

           Step           Time         Lambda
              0        0.00000        1.00000

Grid: 8 x 8 x 21 cells
   Energies (kJ/mol)
           Bond          Angle    Proper Dih.  Improper Dih.          LJ-14
    7.32866e+02    2.28435e+03    2.75172e+03    1.15405e+02    9.35131e+02
     Coulomb-14        LJ (SR)   Coulomb (SR)   Coul. recip.   COM Pull En.
    1.61988e+04    1.00955e+05   -5.83698e+05   -7.91810e+04    1.47423e+00
      Potential    Kinetic En.   Total Energy  Conserved En.    Temperature
   -5.38904e+05    9.18613e+04   -4.47042e+05   -4.47042e+05    3.06923e+02
 Pressure (bar)  dVpot/dlambda  dEkin/dlambda  dH/dl constr.   Constr. rmsd
    6.20706e+01    1.09800e+02    0.00000e+00    0.00000e+00    4.46990e-06

           Step           Time         Lambda
            500        1.00000        1.00000

   Energies (kJ/mol)
           Bond          Angle    Proper Dih.  Improper Dih.          LJ-14
    7.27761e+02    2.24718e+03    2.84381e+03    1.13768e+02    8.94703e+02
     Coulomb-14        LJ (SR)   Coulomb (SR)   Coul. recip.   COM Pull En.
    1.61804e+04    1.00623e+05   -5.81926e+05   -7.92484e+04    1.97432e+00
      Potential    Kinetic En.   Total Energy  Conserved En.    Temperature
   -5.37542e+05    9.07356e+04   -4.46807e+05   -4.46807e+05    3.03162e+02
 Pressure (bar)  dVpot/dlambda  dEkin/dlambda  dH/dl constr.   Constr. rmsd
    2.52234e+00    1.13956e+02    0.00000e+00    0.00000e+00    3.96024e-06


	M E G A - F L O P S   A C C O U N T I N G

   RF=Reaction-Field  FE=Free Energy  SCFE=Soft-Core/Free Energy
   T=Tabulated        W3=SPC/TIP3p    W4=TIP4p (single or pairs)
   NF=No Forces

 Computing:                               M-Number         M-Flops  % Flops
-----------------------------------------------------------------------------
 Coul(T)                                  0.145530           6.112     0.3
 Coul(T) [W3]                             0.012540           1.567     0.1
 Coul(T) + LJ                             0.273003          15.015     0.8
 Coul(T) + LJ [W3]                        0.073688          10.169     0.6
 Coul(T) + LJ [W3-W3]                     1.510376         576.964    31.9
 Free energy innerloop                    0.013665           2.050     0.1
 Outer nonbonded loop                     0.356393           3.564     0.2
 1,4 nonbonded interactions               0.005562           0.501     0.0
 Calc Weights                             0.214536           7.723     0.4
 Spread Q Bspline                        30.893184          61.786     3.4
 Gather F Bspline                        30.893184         185.359    10.2
 3D-FFT                                  88.177344         705.419    39.0
 Solve PME                                1.166400          74.650     4.1
 NS-Pairs                                 6.579452         138.168     7.6
 Reset In Box                             0.025160           0.075     0.0
 Shift-X                                  0.143024           0.858     0.0
 CG-CoM                                   0.071512           0.215     0.0
 Bonds                                    0.000988           0.058     0.0
 Angles                                   0.003650           0.613     0.0
 Propers                                  0.008132           1.862     0.1
 Virial                                   0.071602           1.289     0.1
 Calc-Ekin                                0.178780           4.827     0.3
 Lincs                                    0.001008           0.060     0.0
 Lincs-Mat                                0.013720           0.055     0.0
 Constraint-V                             0.071544           0.572     0.0
 Constraint-Vir                           0.070536           1.693     0.1
 Settle                                   0.023176           7.486     0.4
-----------------------------------------------------------------------------
 Total                                                    1808.712   100.0
-----------------------------------------------------------------------------


     R E A L   C Y C L E   A N D   T I M E   A C C O U N T I N G

 Computing:         Nodes     Number     G-Cycles    Seconds     %
-----------------------------------------------------------------------
 Neighbor search        1          2        0.268        0.1    32.1
 Force                  1          2        0.224        0.1    26.8
 PME mesh               1          2        0.279        0.1    33.4
 Write traj.            1          2        0.022        0.0     2.7
 Update                 1          2        0.004        0.0     0.5
 Constraints            1          2        0.009        0.0     1.1
 Rest                   1                   0.027        0.0     3.3
-----------------------------------------------------------------------
 Total                  1                   0.834        0.3   100.0
-----------------------------------------------------------------------
-----------------------------------------------------------------------
 PME spread/gather      1          8        0.173        0.1    20.7
 PME 3D-FFT             1          8        0.050        0.0     6.0
 PME solve              1          4        0.056        0.0     6.7
-----------------------------------------------------------------------

               NODE (s)   Real (s)      (%)
       Time:      0.309      0.310    100.0
               (Mnbf/s)   (GFlops)   (ns/day)  (hour/ns)
Performance:     46.110      5.844    279.729      0.086
Finished mdrun on node 0 Wed May 31 20:27:55 2017
