Log file opened on Mon May 15 15:16:46 2017
Host: huntsman-ve565-2353.apn.wlan.upenn.edu  pid: 42774  nodeid: 0  nnodes:  1
The Gromacs distribution was built Tue Mar 14 13:14:50 EDT 2017 by
nick@huntsman-ve565-0253.apn.wlan.upenn.edu (Darwin 14.5.0 x86_64)


                         :-)  G  R  O  M  A  C  S  (-:

                 Good ROcking Metal Altar for Chronical Sinners

                            :-)  VERSION 4.5.3  (-:

        Written by Emile Apol, Rossen Apostolov, Herman J.C. Berendsen,
      Aldert van Buuren, Pär Bjelkmar, Rudi van Drunen, Anton Feenstra, 
        Gerrit Groenhof, Peter Kasson, Per Larsson, Pieter Meulenhoff, 
           Teemu Murtola, Szilard Pall, Sander Pronk, Roland Schulz, 
                Michael Shirts, Alfons Sijbers, Peter Tieleman,

               Berk Hess, David van der Spoel, and Erik Lindahl.

       Copyright (c) 1991-2000, University of Groningen, The Netherlands.
            Copyright (c) 2001-2010, The GROMACS development team at
        Uppsala University & The Royal Institute of Technology, Sweden.
            check out http://www.gromacs.org for more information.

         This program is free software; you can redistribute it and/or
          modify it under the terms of the GNU General Public License
         as published by the Free Software Foundation; either version 2
             of the License, or (at your option) any later version.

                                :-)  mdrun  (-:


++++ PLEASE READ AND CITE THE FOLLOWING REFERENCE ++++
B. Hess and C. Kutzner and D. van der Spoel and E. Lindahl
GROMACS 4: Algorithms for highly efficient, load-balanced, and scalable
molecular simulation
J. Chem. Theory Comput. 4 (2008) pp. 435-447
-------- -------- --- Thank You --- -------- --------


++++ PLEASE READ AND CITE THE FOLLOWING REFERENCE ++++
D. van der Spoel, E. Lindahl, B. Hess, G. Groenhof, A. E. Mark and H. J. C.
Berendsen
GROMACS: Fast, Flexible and Free
J. Comp. Chem. 26 (2005) pp. 1701-1719
-------- -------- --- Thank You --- -------- --------


++++ PLEASE READ AND CITE THE FOLLOWING REFERENCE ++++
E. Lindahl and B. Hess and D. van der Spoel
GROMACS 3.0: A package for molecular simulation and trajectory analysis
J. Mol. Mod. 7 (2001) pp. 306-317
-------- -------- --- Thank You --- -------- --------


++++ PLEASE READ AND CITE THE FOLLOWING REFERENCE ++++
H. J. C. Berendsen, D. van der Spoel and R. van Drunen
GROMACS: A message-passing parallel molecular dynamics implementation
Comp. Phys. Comm. 91 (1995) pp. 43-56
-------- -------- --- Thank You --- -------- --------

Input Parameters:
   integrator           = md
   nsteps               = 500
   init_step            = 0
   ns_type              = Grid
   nstlist              = 10
   ndelta               = 2
   nstcomm              = 0
   comm_mode            = None
   nstlog               = 500
   nstxout              = 10
   nstvout              = 10
   nstfout              = 10
   nstcalcenergy        = 10
   nstenergy            = 10
   nstxtcout            = 0
   init_t               = 0
   delta_t              = 0.002
   xtcprec              = 1000
   nkx                  = 30
   nky                  = 30
   nkz                  = 30
   pme_order            = 6
   ewald_rtol           = 1e-06
   ewald_geometry       = 0
   epsilon_surface      = 0
   optimize_fft         = FALSE
   ePBC                 = xyz
   bPeriodicMols        = FALSE
   bContinuation        = FALSE
   bShakeSOR            = FALSE
   etc                  = V-rescale
   nsttcouple           = 10
   epc                  = No
   epctype              = Isotropic
   nstpcouple           = -1
   tau_p                = 1
   ref_p (3x3):
      ref_p[    0]={ 0.00000e+00,  0.00000e+00,  0.00000e+00}
      ref_p[    1]={ 0.00000e+00,  0.00000e+00,  0.00000e+00}
      ref_p[    2]={ 0.00000e+00,  0.00000e+00,  0.00000e+00}
   compress (3x3):
      compress[    0]={ 0.00000e+00,  0.00000e+00,  0.00000e+00}
      compress[    1]={ 0.00000e+00,  0.00000e+00,  0.00000e+00}
      compress[    2]={ 0.00000e+00,  0.00000e+00,  0.00000e+00}
   refcoord_scaling     = No
   posres_com (3):
      posres_com[0]= 0.00000e+00
      posres_com[1]= 0.00000e+00
      posres_com[2]= 0.00000e+00
   posres_comB (3):
      posres_comB[0]= 0.00000e+00
      posres_comB[1]= 0.00000e+00
      posres_comB[2]= 0.00000e+00
   andersen_seed        = 815131
   rlist                = 1.2
   rlistlong            = 1.2
   rtpi                 = 0.05
   coulombtype          = PME
   rcoulomb_switch      = 0
   rcoulomb             = 1.2
   vdwtype              = Cut-off
   rvdw_switch          = 0
   rvdw                 = 1.2
   epsilon_r            = 1
   epsilon_rf           = 1
   tabext               = 1
   implicit_solvent     = No
   gb_algorithm         = Still
   gb_epsilon_solvent   = 80
   nstgbradii           = 1
   rgbradii             = 1
   gb_saltconc          = 0
   gb_obc_alpha         = 1
   gb_obc_beta          = 0.8
   gb_obc_gamma         = 4.85
   gb_dielectric_offset = 0.009
   sa_algorithm         = Ace-approximation
   sa_surface_tension   = 2.05016
   DispCorr             = No
   free_energy          = yes
   init_lambda          = 0
   delta_lambda         = 0
   n_foreign_lambda     = 3
   foreign_lambda:           0         0.5           1
   sc_alpha             = 0
   sc_power             = 0
   sc_sigma             = 0.3
   sc_sigma_min         = 0.3
   nstdhdl              = 10
   separate_dhdl_file   = yes
   dhdl_derivatives     = yes
   dh_hist_size         = 0
   dh_hist_spacing      = 0.1
   nwall                = 0
   wall_type            = 9-3
   wall_atomtype[0]     = -1
   wall_atomtype[1]     = -1
   wall_density[0]      = 0
   wall_density[1]      = 0
   wall_ewald_zfac      = 3
   pull                 = no
   disre                = No
   disre_weighting      = Conservative
   disre_mixed          = FALSE
   dr_fc                = 1000
   dr_tau               = 0
   nstdisreout          = 100
   orires_fc            = 0
   orires_tau           = 0
   nstorireout          = 100
   dihre-fc             = 1000
   em_stepsize          = 0.01
   em_tol               = 10
   niter                = 20
   fc_stepsize          = 0
   nstcgsteep           = 1000
   nbfgscorr            = 10
   ConstAlg             = Lincs
   shake_tol            = 0.0001
   lincs_order          = 4
   lincs_warnangle      = 30
   lincs_iter           = 1
   bd_fric              = 0
   ld_seed              = 1993
   cos_accel            = 0
   deform (3x3):
      deform[    0]={ 0.00000e+00,  0.00000e+00,  0.00000e+00}
      deform[    1]={ 0.00000e+00,  0.00000e+00,  0.00000e+00}
      deform[    2]={ 0.00000e+00,  0.00000e+00,  0.00000e+00}
   userint1             = 0
   userint2             = 0
   userint3             = 0
   userint4             = 0
   userreal1            = 0
   userreal2            = 0
   userreal3            = 0
   userreal4            = 0
grpopts:
   nrdf:           6
   ref_t:         300
   tau_t:         0.5
anneal:          No
ann_npoints:           0
   acc:	           0           0           0
   nfreeze:           N           N           N
   energygrp_flags[  0]: 0
   efield-x:
      n = 0
   efield-xt:
      n = 0
   efield-y:
      n = 0
   efield-yt:
      n = 0
   efield-z:
      n = 0
   efield-zt:
      n = 0
   bQMMM                = FALSE
   QMconstraints        = 0
   QMMMscheme           = 0
   scalefactor          = 1
qm_opts:
   ngQM                 = 0
Table routines are used for coulomb: TRUE
Table routines are used for vdw:     FALSE
Will do PME sum in reciprocal space.

++++ PLEASE READ AND CITE THE FOLLOWING REFERENCE ++++
U. Essman, L. Perela, M. L. Berkowitz, T. Darden, H. Lee and L. G. Pedersen 
A smooth particle mesh Ewald method
J. Chem. Phys. 103 (1995) pp. 8577-8592
-------- -------- --- Thank You --- -------- --------

Will do ordinary reciprocal space Ewald sum.
Using a Gaussian width (1/beta) of 0.34693 nm for Ewald
Cut-off's:   NS: 1.2   Coulomb: 1.2   LJ: 1.2
System total charge, top. A: 0.000 top. B: 0.000
Generated table with 1100 data points for Ewald.
Tabscale = 500 points/nm
Generated table with 1100 data points for LJ6.
Tabscale = 500 points/nm
Generated table with 1100 data points for LJ12.
Tabscale = 500 points/nm
Configuring nonbonded kernels...
Configuring standard C nonbonded kernels...
Testing x86_64 SSE2 support... present.


There are 2 atoms and 2 charges for free energy perturbation
Removing pbc first time

++++ PLEASE READ AND CITE THE FOLLOWING REFERENCE ++++
G. Bussi, D. Donadio and M. Parrinello
Canonical sampling through velocity rescaling
J. Chem. Phys. 126 (2007) pp. 014101
-------- -------- --- Thank You --- -------- --------

There are: 2 Atoms
Max number of connections per atom is 0
Total number of connections is 0
Initial temperature: 320.712 K

Started mdrun on node 0 Mon May 15 15:16:46 2017

           Step           Time         Lambda
              0        0.00000        0.00000

Grid: 3 x 3 x 3 cells
   Energies (kJ/mol)
        LJ (SR)   Coulomb (SR)   Coul. recip.      Potential    Kinetic En.
            nan            nan   -4.51883e+00            nan            nan
   Total Energy  Conserved En.    Temperature Pressure (bar)  dVpot/dlambda
            nan            nan            nan            nan            nan
  dEkin/dlambda
    0.00000e+00

           Step           Time         Lambda
             10        0.02000        0.00000

   Energies (kJ/mol)
        LJ (SR)   Coulomb (SR)   Coul. recip.      Potential    Kinetic En.
    1.28261e+14   -6.82365e+01   -4.51431e+00    1.28261e+14    6.84974e+27
   Total Energy  Conserved En.    Temperature Pressure (bar)  dVpot/dlambda
    6.84974e+27    6.84974e+27    2.74610e+29    2.80846e+27    4.10792e-05
  dEkin/dlambda
    0.00000e+00

           Step           Time         Lambda
             20        0.04000        0.00000

   Energies (kJ/mol)
        LJ (SR)   Coulomb (SR)   Coul. recip.      Potential    Kinetic En.
    3.54290e+10   -3.22506e+01   -4.50117e+00    3.54290e+10    1.33377e+20
   Total Energy  Conserved En.    Temperature Pressure (bar)  dVpot/dlambda
    1.33377e+20    1.33377e+20    5.34717e+21    5.46860e+19    1.55199e-04
  dEkin/dlambda
    0.00000e+00

           Step           Time         Lambda
             30        0.06000        0.00000

   Energies (kJ/mol)
        LJ (SR)   Coulomb (SR)   Coul. recip.      Potential    Kinetic En.
    2.34339e+08   -1.97130e+01   -4.47825e+00    2.34339e+08    2.52831e+15
   Total Energy  Conserved En.    Temperature Pressure (bar)  dVpot/dlambda
    2.52831e+15    2.52831e+15    1.01361e+17    1.03663e+15    3.20004e+01
  dEkin/dlambda
    0.00000e+00

           Step           Time         Lambda
             40        0.08000        0.00000

   Energies (kJ/mol)
        LJ (SR)   Coulomb (SR)   Coul. recip.      Potential    Kinetic En.
    6.04139e+06   -1.33909e+01   -4.44468e+00    6.04137e+06    9.13667e+11
   Total Energy  Conserved En.    Temperature Pressure (bar)  dVpot/dlambda
    9.13673e+11    9.13673e+11    3.66294e+13    3.74627e+11    1.80007e+01
  dEkin/dlambda
    0.00000e+00

           Step           Time         Lambda
             50        0.10000        0.00000

   Energies (kJ/mol)
        LJ (SR)   Coulomb (SR)   Coul. recip.      Potential    Kinetic En.
    3.44453e+05   -9.64968e+00   -4.40042e+00    3.44439e+05    1.84520e+09
   Total Energy  Conserved En.    Temperature Pressure (bar)  dVpot/dlambda
    1.84555e+09    1.84555e+09    7.39752e+10    7.57399e+08    1.40636e+01
  dEkin/dlambda
    0.00000e+00

           Step           Time         Lambda
             60        0.12000        0.00000

   Energies (kJ/mol)
        LJ (SR)   Coulomb (SR)   Coul. recip.      Potential    Kinetic En.
    3.04895e+04   -7.14025e+00   -4.34369e+00    3.04781e+04    9.69534e+06
   Total Energy  Conserved En.    Temperature Pressure (bar)  dVpot/dlambda
    9.72582e+06    9.72582e+06    3.88691e+08    4.05038e+06    1.14840e+01
  dEkin/dlambda
    0.00000e+00

           Step           Time         Lambda
             70        0.14000        0.00000

   Energies (kJ/mol)
        LJ (SR)   Coulomb (SR)   Coul. recip.      Potential    Kinetic En.
    3.45708e+03   -5.31638e+00   -4.27141e+00    3.44750e+03    8.80607e+04
   Total Energy  Conserved En.    Temperature Pressure (bar)  dVpot/dlambda
    9.15082e+04    9.15082e+04    3.53040e+06    4.46747e+04    9.58773e+00
  dEkin/dlambda
    0.00000e+00

           Step           Time         Lambda
             80        0.16000        0.00000

   Energies (kJ/mol)
        LJ (SR)   Coulomb (SR)   Coul. recip.      Potential    Kinetic En.
    5.62066e+02   -4.06668e+00   -4.19107e+00    5.53808e+02    1.81449e+03
   Total Energy  Conserved En.    Temperature Pressure (bar)  dVpot/dlambda
    2.36829e+03    2.36829e+03    7.27438e+04    2.15201e+03    8.25777e+00
  dEkin/dlambda
    0.00000e+00

           Step           Time         Lambda
             90        0.18000        0.00000

   Energies (kJ/mol)
        LJ (SR)   Coulomb (SR)   Coul. recip.      Potential    Kinetic En.
    1.11420e+02   -3.14445e+00   -4.10157e+00    1.04174e+02    7.49947e+01
   Total Energy  Conserved En.    Temperature Pressure (bar)  dVpot/dlambda
    1.79168e+02    1.79168e+02    3.00658e+03    3.15688e+02    7.24602e+00
  dEkin/dlambda
    0.00000e+00

           Step           Time         Lambda
            100        0.20000        0.00000

   Energies (kJ/mol)
        LJ (SR)   Coulomb (SR)   Coul. recip.      Potential    Kinetic En.
    2.52593e+01   -2.45055e+00   -4.00466e+00    1.88040e+01    1.53047e+01
   Total Energy  Conserved En.    Temperature Pressure (bar)  dVpot/dlambda
    3.41087e+01    3.41087e+01    6.13573e+02    7.32441e+01    6.45521e+00
  dEkin/dlambda
    0.00000e+00

           Step           Time         Lambda
            110        0.22000        0.00000

   Energies (kJ/mol)
        LJ (SR)   Coulomb (SR)   Coul. recip.      Potential    Kinetic En.
    5.83464e+00   -1.90848e+00   -3.89931e+00    2.68507e-02    1.21774e+01
   Total Energy  Conserved En.    Temperature Pressure (bar)  dVpot/dlambda
    1.22043e+01    1.22043e+01    4.88199e+02    2.14137e+01    5.80779e+00
  dEkin/dlambda
    0.00000e+00

           Step           Time         Lambda
            120        0.24000        0.00000

   Energies (kJ/mol)
        LJ (SR)   Coulomb (SR)   Coul. recip.      Potential    Kinetic En.
    1.29421e+00   -1.50653e+00   -3.79405e+00   -4.00637e+00    1.05598e+01
   Total Energy  Conserved En.    Temperature Pressure (bar)  dVpot/dlambda
    6.55340e+00    6.55340e+00    4.23347e+02    8.30574e+00    5.30058e+00
  dEkin/dlambda
    0.00000e+00

           Step           Time         Lambda
            130        0.26000        0.00000

   Energies (kJ/mol)
        LJ (SR)   Coulomb (SR)   Coul. recip.      Potential    Kinetic En.
    1.21782e-01   -1.19745e+00   -3.68841e+00   -4.76407e+00    9.98952e+00
   Total Energy  Conserved En.    Temperature Pressure (bar)  dVpot/dlambda
    5.22545e+00    5.22545e+00    4.00485e+02    4.54346e+00    4.88585e+00
  dEkin/dlambda
    0.00000e+00

           Step           Time         Lambda
            140        0.28000        0.00000

   Energies (kJ/mol)
        LJ (SR)   Coulomb (SR)   Coul. recip.      Potential    Kinetic En.
   -1.68261e-01   -9.49700e-01   -3.57998e+00   -4.69794e+00    1.01747e+01
   Total Energy  Conserved En.    Temperature Pressure (bar)  dVpot/dlambda
    5.47672e+00    5.47672e+00    4.07908e+02    3.55715e+00    4.52968e+00
  dEkin/dlambda
    0.00000e+00

           Step           Time         Lambda
            150        0.30000        0.00000

   Energies (kJ/mol)
        LJ (SR)   Coulomb (SR)   Coul. recip.      Potential    Kinetic En.
   -2.06220e-01   -7.58392e-01   -3.47446e+00   -4.43907e+00    9.35008e+00
   Total Energy  Conserved En.    Temperature Pressure (bar)  dVpot/dlambda
    4.91101e+00    4.91101e+00    3.74850e+02    2.94178e+00    4.23285e+00
  dEkin/dlambda
    0.00000e+00

           Step           Time         Lambda
            160        0.32000        0.00000

   Energies (kJ/mol)
        LJ (SR)   Coulomb (SR)   Coul. recip.      Potential    Kinetic En.
   -1.80246e-01   -6.01209e-01   -3.36643e+00   -4.14789e+00    9.91560e+00
   Total Energy  Conserved En.    Temperature Pressure (bar)  dVpot/dlambda
    5.76771e+00    5.76771e+00    3.97522e+02    3.13524e+00    3.96764e+00
  dEkin/dlambda
    0.00000e+00

           Step           Time         Lambda
            170        0.34000        0.00000

   Energies (kJ/mol)
        LJ (SR)   Coulomb (SR)   Coul. recip.      Potential    Kinetic En.
   -1.42268e-01   -4.73191e-01   -3.25716e+00   -3.87262e+00    1.02525e+01
   Total Energy  Conserved En.    Temperature Pressure (bar)  dVpot/dlambda
    6.37989e+00    6.37989e+00    4.11029e+02    3.31349e+00    3.73035e+00
  dEkin/dlambda
    0.00000e+00

           Step           Time         Lambda
            180        0.36000        0.00000

   Energies (kJ/mol)
        LJ (SR)   Coulomb (SR)   Coul. recip.      Potential    Kinetic En.
   -1.07568e-01   -3.68487e-01   -3.14628e+00   -3.62234e+00    1.08820e+01
   Total Energy  Conserved En.    Temperature Pressure (bar)  dVpot/dlambda
    7.25962e+00    7.25962e+00    4.36264e+02    3.63289e+00    3.51477e+00
  dEkin/dlambda
    0.00000e+00

           Step           Time         Lambda
            190        0.38000        0.00000

   Energies (kJ/mol)
        LJ (SR)   Coulomb (SR)   Coul. recip.      Potential    Kinetic En.
   -8.09438e-02   -2.87226e-01   -3.03989e+00   -3.40806e+00    1.03261e+01
   Total Energy  Conserved En.    Temperature Pressure (bar)  dVpot/dlambda
    6.91802e+00    6.91802e+00    4.13978e+02    3.46446e+00    3.32711e+00
  dEkin/dlambda
    0.00000e+00

           Step           Time         Lambda
            200        0.40000        0.00000

   Energies (kJ/mol)
        LJ (SR)   Coulomb (SR)   Coul. recip.      Potential    Kinetic En.
   -6.15211e-02   -2.24835e-01   -2.93976e+00   -3.22611e+00    9.61265e+00
   Total Energy  Conserved En.    Temperature Pressure (bar)  dVpot/dlambda
    6.38653e+00    6.38653e+00    3.85376e+02    3.22353e+00    3.16459e+00
  dEkin/dlambda
    0.00000e+00

           Step           Time         Lambda
            210        0.42000        0.00000

   Energies (kJ/mol)
        LJ (SR)   Coulomb (SR)   Coul. recip.      Potential    Kinetic En.
   -4.73397e-02   -1.76445e-01   -2.84531e+00   -3.06909e+00    9.09398e+00
   Total Energy  Conserved En.    Temperature Pressure (bar)  dVpot/dlambda
    6.02489e+00    6.02489e+00    3.64583e+02    3.05471e+00    3.02175e+00
  dEkin/dlambda
    0.00000e+00

           Step           Time         Lambda
            220        0.44000        0.00000

   Energies (kJ/mol)
        LJ (SR)   Coulomb (SR)   Coul. recip.      Potential    Kinetic En.
   -3.70651e-02   -1.39320e-01   -2.75784e+00   -2.93423e+00    8.30122e+00
   Total Energy  Conserved En.    Temperature Pressure (bar)  dVpot/dlambda
    5.36699e+00    5.36699e+00    3.32800e+02    2.76631e+00    2.89716e+00
  dEkin/dlambda
    0.00000e+00

           Step           Time         Lambda
            230        0.46000        0.00000

   Energies (kJ/mol)
        LJ (SR)   Coulomb (SR)   Coul. recip.      Potential    Kinetic En.
   -2.88165e-02   -1.07960e-01   -2.66853e+00   -2.80531e+00    9.53060e+00
   Total Energy  Conserved En.    Temperature Pressure (bar)  dVpot/dlambda
    6.72529e+00    6.72529e+00    3.82087e+02    3.30433e+00    2.77649e+00
  dEkin/dlambda
    0.00000e+00

           Step           Time         Lambda
            240        0.48000        0.00000

   Energies (kJ/mol)
        LJ (SR)   Coulomb (SR)   Coul. recip.      Potential    Kinetic En.
   -2.30089e-02   -8.49469e-02   -2.58939e+00   -2.69734e+00    7.83866e+00
   Total Energy  Conserved En.    Temperature Pressure (bar)  dVpot/dlambda
    5.14131e+00    5.14131e+00    3.14256e+02    2.63821e+00    2.67434e+00
  dEkin/dlambda
    0.00000e+00

           Step           Time         Lambda
            250        0.50000        0.00000

   Energies (kJ/mol)
        LJ (SR)   Coulomb (SR)   Coul. recip.      Potential    Kinetic En.
   -1.87621e-02   -6.76289e-02   -2.51832e+00   -2.60471e+00    6.88650e+00
   Total Energy  Conserved En.    Temperature Pressure (bar)  dVpot/dlambda
    4.28178e+00    4.28178e+00    2.76083e+02    2.27088e+00    2.58595e+00
  dEkin/dlambda
    0.00000e+00

           Step           Time         Lambda
            260        0.52000        0.00000

   Energies (kJ/mol)
        LJ (SR)   Coulomb (SR)   Coul. recip.      Potential    Kinetic En.
   -1.53666e-02   -5.35312e-02   -2.44957e+00   -2.51847e+00    7.10635e+00
   Total Energy  Conserved En.    Temperature Pressure (bar)  dVpot/dlambda
    4.58788e+00    4.58788e+00    2.84897e+02    2.38200e+00    2.50310e+00
  dEkin/dlambda
    0.00000e+00

           Step           Time         Lambda
            270        0.54000        0.00000

   Energies (kJ/mol)
        LJ (SR)   Coulomb (SR)   Coul. recip.      Potential    Kinetic En.
   -1.26188e-02   -4.20282e-02   -2.38261e+00   -2.43725e+00    7.34466e+00
   Total Energy  Conserved En.    Temperature Pressure (bar)  dVpot/dlambda
    4.90741e+00    4.90741e+00    2.94452e+02    2.49905e+00    2.42463e+00
  dEkin/dlambda
    0.00000e+00

           Step           Time         Lambda
            280        0.56000        0.00000

   Energies (kJ/mol)
        LJ (SR)   Coulomb (SR)   Coul. recip.      Potential    Kinetic En.
   -1.06159e-02   -3.36576e-02   -2.32471e+00   -2.36898e+00    5.81705e+00
   Total Energy  Conserved En.    Temperature Pressure (bar)  dVpot/dlambda
    3.44807e+00    3.44807e+00    2.33209e+02    1.88869e+00    2.35837e+00
  dEkin/dlambda
    0.00000e+00

           Step           Time         Lambda
            290        0.58000        0.00000

   Energies (kJ/mol)
        LJ (SR)   Coulomb (SR)   Coul. recip.      Potential    Kinetic En.
   -8.87915e-03   -2.64773e-02   -2.26579e+00   -2.30115e+00    6.83168e+00
   Total Energy  Conserved En.    Temperature Pressure (bar)  dVpot/dlambda
    4.53053e+00    4.53053e+00    2.73886e+02    2.32033e+00    2.29227e+00
  dEkin/dlambda
    0.00000e+00

           Step           Time         Lambda
            300        0.60000        0.00000

   Energies (kJ/mol)
        LJ (SR)   Coulomb (SR)   Coul. recip.      Potential    Kinetic En.
   -7.60664e-03   -2.13163e-02   -2.21564e+00   -2.24457e+00    5.15644e+00
   Total Energy  Conserved En.    Temperature Pressure (bar)  dVpot/dlambda
    2.91188e+00    2.91188e+00    2.06725e+02    1.64635e+00    2.23696e+00
  dEkin/dlambda
    0.00000e+00

           Step           Time         Lambda
            310        0.62000        0.00000

   Energies (kJ/mol)
        LJ (SR)   Coulomb (SR)   Coul. recip.      Potential    Kinetic En.
   -6.49617e-03   -1.69308e-02   -2.16536e+00   -2.18879e+00    5.88786e+00
   Total Energy  Conserved En.    Temperature Pressure (bar)  dVpot/dlambda
    3.69908e+00    3.69908e+00    2.36048e+02    1.95879e+00    2.18229e+00
  dEkin/dlambda
    0.00000e+00

           Step           Time         Lambda
            320        0.64000        0.00000

   Energies (kJ/mol)
        LJ (SR)   Coulomb (SR)   Coul. recip.      Potential    Kinetic En.
   -5.57225e-03   -1.34075e-02   -2.11740e+00   -2.13638e+00    5.76059e+00
   Total Energy  Conserved En.    Temperature Pressure (bar)  dVpot/dlambda
    3.62421e+00    3.62421e+00    2.30945e+02    1.91827e+00    2.13081e+00
  dEkin/dlambda
    0.00000e+00

           Step           Time         Lambda
            330        0.66000        0.00000

   Energies (kJ/mol)
        LJ (SR)   Coulomb (SR)   Coul. recip.      Potential    Kinetic En.
   -4.82229e-03   -1.06661e-02   -2.07309e+00   -2.08858e+00    5.33447e+00
   Total Energy  Conserved En.    Temperature Pressure (bar)  dVpot/dlambda
    3.24589e+00    3.24589e+00    2.13862e+02    1.75411e+00    2.08376e+00
  dEkin/dlambda
    0.00000e+00

           Step           Time         Lambda
            340        0.68000        0.00000

   Energies (kJ/mol)
        LJ (SR)   Coulomb (SR)   Coul. recip.      Potential    Kinetic En.
   -4.18185e-03   -8.43775e-03   -2.03030e+00   -2.04292e+00    5.48960e+00
   Total Energy  Conserved En.    Temperature Pressure (bar)  dVpot/dlambda
    3.44668e+00    3.44668e+00    2.20081e+02    1.82773e+00    2.03874e+00
  dEkin/dlambda
    0.00000e+00

           Step           Time         Lambda
            350        0.70000        0.00000

   Energies (kJ/mol)
        LJ (SR)   Coulomb (SR)   Coul. recip.      Potential    Kinetic En.
   -3.60155e-03   -6.53446e-03   -1.98645e+00   -1.99658e+00    6.40248e+00
   Total Energy  Conserved En.    Temperature Pressure (bar)  dVpot/dlambda
    4.40590e+00    4.40590e+00    2.56679e+02    2.21211e+00    1.99298e+00
  dEkin/dlambda
    0.00000e+00

           Step           Time         Lambda
            360        0.72000        0.00000

   Energies (kJ/mol)
        LJ (SR)   Coulomb (SR)   Coul. recip.      Potential    Kinetic En.
   -3.08988e-03   -4.97139e-03   -1.94254e+00   -1.95060e+00    7.03778e+00
   Total Energy  Conserved En.    Temperature Pressure (bar)  dVpot/dlambda
    5.08718e+00    5.08718e+00    2.82149e+02    2.48253e+00    1.94751e+00
  dEkin/dlambda
    0.00000e+00

           Step           Time         Lambda
            370        0.74000        0.00000

   Energies (kJ/mol)
        LJ (SR)   Coulomb (SR)   Coul. recip.      Potential    Kinetic En.
   -2.62758e-03   -3.67534e-03   -1.89736e+00   -1.90366e+00    8.34900e+00
   Total Energy  Conserved En.    Temperature Pressure (bar)  dVpot/dlambda
    6.44534e+00    6.44534e+00    3.34716e+02    3.03024e+00    1.90103e+00
  dEkin/dlambda
    0.00000e+00

           Step           Time         Lambda
            380        0.76000        0.00000

   Energies (kJ/mol)
        LJ (SR)   Coulomb (SR)   Coul. recip.      Potential    Kinetic En.
   -2.22807e-03   -2.66409e-03   -1.85273e+00   -1.85762e+00    9.04576e+00
   Total Energy  Conserved En.    Temperature Pressure (bar)  dVpot/dlambda
    7.18814e+00    7.18814e+00    3.62650e+02    3.32576e+00    1.85539e+00
  dEkin/dlambda
    0.00000e+00

           Step           Time         Lambda
            390        0.78000        0.00000

   Energies (kJ/mol)
        LJ (SR)   Coulomb (SR)   Coul. recip.      Potential    Kinetic En.
   -1.88970e-03   -1.90258e-03   -1.80957e+00   -1.81336e+00    9.49581e+00
   Total Energy  Conserved En.    Temperature Pressure (bar)  dVpot/dlambda
    7.68245e+00    7.68245e+00    3.80692e+02    3.51970e+00    1.81147e+00
  dEkin/dlambda
    0.00000e+00

           Step           Time         Lambda
            400        0.80000        0.00000

   Energies (kJ/mol)
        LJ (SR)   Coulomb (SR)   Coul. recip.      Potential    Kinetic En.
   -1.61490e-03   -1.35934e-03   -1.76972e+00   -1.77269e+00    9.02229e+00
   Total Energy  Conserved En.    Temperature Pressure (bar)  dVpot/dlambda
    7.24959e+00    7.24959e+00    3.61708e+02    3.33417e+00    1.77108e+00
  dEkin/dlambda
    0.00000e+00

           Step           Time         Lambda
            410        0.82000        0.00000

   Energies (kJ/mol)
        LJ (SR)   Coulomb (SR)   Coul. recip.      Potential    Kinetic En.
   -1.37394e-03   -9.46522e-04   -1.73015e+00   -1.73247e+00    1.02327e+01
   Total Energy  Conserved En.    Temperature Pressure (bar)  dVpot/dlambda
    8.50025e+00    8.50025e+00    4.10235e+02    3.83896e+00    1.73109e+00
  dEkin/dlambda
    0.00000e+00

           Step           Time         Lambda
            420        0.84000        0.00000

   Energies (kJ/mol)
        LJ (SR)   Coulomb (SR)   Coul. recip.      Potential    Kinetic En.
   -1.17589e-03   -6.57082e-04   -1.69338e+00   -1.69521e+00    9.84550e+00
   Total Energy  Conserved En.    Temperature Pressure (bar)  dVpot/dlambda
    8.15029e+00    8.15029e+00    3.94712e+02    3.68803e+00    1.69403e+00
  dEkin/dlambda
    0.00000e+00

           Step           Time         Lambda
            430        0.86000        0.00000

   Energies (kJ/mol)
        LJ (SR)   Coulomb (SR)   Coul. recip.      Potential    Kinetic En.
   -1.03247e-03   -4.78148e-04   -1.66367e+00   -1.66518e+00    6.97057e+00
   Total Energy  Conserved En.    Temperature Pressure (bar)  dVpot/dlambda
    5.30539e+00    5.30539e+00    2.79454e+02    2.51558e+00    1.66415e+00
  dEkin/dlambda
    0.00000e+00

           Step           Time         Lambda
            440        0.88000        0.00000

   Energies (kJ/mol)
        LJ (SR)   Coulomb (SR)   Coul. recip.      Potential    Kinetic En.
   -9.05236e-04   -3.42488e-04   -1.63461e+00   -1.63586e+00    7.81147e+00
   Total Energy  Conserved En.    Temperature Pressure (bar)  dVpot/dlambda
    6.17562e+00    6.17562e+00    3.13166e+02    2.86650e+00    1.63495e+00
  dEkin/dlambda
    0.00000e+00

           Step           Time         Lambda
            450        0.90000        0.00000

   Energies (kJ/mol)
        LJ (SR)   Coulomb (SR)   Coul. recip.      Potential    Kinetic En.
   -7.90245e-04   -2.39134e-04   -1.60561e+00   -1.60664e+00    8.70933e+00
   Total Energy  Conserved En.    Temperature Pressure (bar)  dVpot/dlambda
    7.10269e+00    7.10269e+00    3.49162e+02    3.24074e+00    1.60585e+00
  dEkin/dlambda
    0.00000e+00

           Step           Time         Lambda
            460        0.92000        0.00000

   Energies (kJ/mol)
        LJ (SR)   Coulomb (SR)   Coul. recip.      Potential    Kinetic En.
   -6.82443e-04   -1.59621e-04   -1.57549e+00   -1.57633e+00    1.07369e+01
   Total Energy  Conserved En.    Temperature Pressure (bar)  dVpot/dlambda
    9.16060e+00    9.16060e+00    4.30450e+02    4.07841e+00    1.57565e+00
  dEkin/dlambda
    0.00000e+00

           Step           Time         Lambda
            470        0.94000        0.00000

   Energies (kJ/mol)
        LJ (SR)   Coulomb (SR)   Coul. recip.      Potential    Kinetic En.
   -5.91145e-04   -1.05619e-04   -1.54719e+00   -1.54789e+00    1.05740e+01
   Total Energy  Conserved En.    Temperature Pressure (bar)  dVpot/dlambda
    9.02608e+00    9.02608e+00    4.23916e+02    4.01751e+00    1.54730e+00
  dEkin/dlambda
    0.00000e+00

           Step           Time         Lambda
            480        0.96000        0.00000

   Energies (kJ/mol)
        LJ (SR)   Coulomb (SR)   Coul. recip.      Potential    Kinetic En.
   -5.17975e-04   -7.12872e-05   -1.52221e+00   -1.52280e+00    9.25580e+00
   Total Energy  Conserved En.    Temperature Pressure (bar)  dVpot/dlambda
    7.73300e+00    7.73300e+00    3.71070e+02    3.48227e+00    1.52228e+00
  dEkin/dlambda
    0.00000e+00

           Step           Time         Lambda
            490        0.98000        0.00000

   Energies (kJ/mol)
        LJ (SR)   Coulomb (SR)   Coul. recip.      Potential    Kinetic En.
   -4.52423e-04   -4.67300e-05   -1.49769e+00   -1.49819e+00    1.04057e+01
   Total Energy  Conserved En.    Temperature Pressure (bar)  dVpot/dlambda
    8.90750e+00    8.90750e+00    4.17170e+02    3.95884e+00    1.49774e+00
  dEkin/dlambda
    0.00000e+00

           Step           Time         Lambda
            500        1.00000        0.00000

   Energies (kJ/mol)
        LJ (SR)   Coulomb (SR)   Coul. recip.      Potential    Kinetic En.
   -3.93527e-04   -2.96831e-05   -1.47356e+00   -1.47398e+00    1.15591e+01
   Total Energy  Conserved En.    Temperature Pressure (bar)  dVpot/dlambda
    1.00851e+01    1.00851e+01    4.63411e+02    4.43678e+00    1.47359e+00
  dEkin/dlambda
    0.00000e+00


	M E G A - F L O P S   A C C O U N T I N G

   RF=Reaction-Field  FE=Free Energy  SCFE=Soft-Core/Free Energy
   T=Tabulated        W3=SPC/TIP3p    W4=TIP4p (single or pairs)
   NF=No Forces

 Computing:                               M-Number         M-Flops  % Flops
-----------------------------------------------------------------------------
 Free energy innerloop                    0.000051           0.008     0.0
 Outer nonbonded loop                     0.000102           0.001     0.0
 Calc Weights                             0.000306           0.011     0.0
 Spread Q Bspline                         0.044064           0.088     0.0
 Gather F Bspline                         0.044064           0.264     0.0
 3D-FFT                                  81.081432         648.651    87.3
 Solve PME                                1.468800          94.003    12.7
 NS-Pairs                                 0.000153           0.003     0.0
 Reset In Box                             0.000102           0.000     0.0
 CG-CoM                                   0.000102           0.000     0.0
 Virial                                   0.002397           0.043     0.0
 Calc-Ekin                                0.000206           0.006     0.0
-----------------------------------------------------------------------------
 Total                                                     743.079   100.0
-----------------------------------------------------------------------------


     R E A L   C Y C L E   A N D   T I M E   A C C O U N T I N G

 Computing:         Nodes     Number     G-Cycles    Seconds     %
-----------------------------------------------------------------------
 Neighbor search        1         51        0.001        0.0     0.2
 Force                  1         51        0.004        0.0     0.8
 PME mesh               1         51        0.525        0.2    97.3
 Write traj.            1         51        0.002        0.0     0.4
 Update                 1         51        0.000        0.0     0.0
 Rest                   1                   0.007        0.0     1.3
-----------------------------------------------------------------------
 Total                  1                   0.540        0.2   100.0
-----------------------------------------------------------------------
-----------------------------------------------------------------------
 PME spread/gather      1        204        0.143        0.0    26.6
 PME 3D-FFT             1        204        0.101        0.0    18.7
 PME solve              1        102        0.280        0.1    52.0
-----------------------------------------------------------------------

               NODE (s)   Real (s)      (%)
       Time:      0.163      0.164     99.5
               (Mnbf/s)   (GFlops)   (ns/day)  (hour/ns)
Performance:      0.000      4.560    531.275      0.045
Finished mdrun on node 0 Mon May 15 15:16:46 2017
