Log file opened on Thu May 18 12:39:19 2017
Host: huntsman-ve565-2353.apn.wlan.upenn.edu  pid: 51347  nodeid: 0  nnodes:  1
The Gromacs distribution was built Tue Mar 14 13:14:50 EDT 2017 by
nick@huntsman-ve565-0253.apn.wlan.upenn.edu (Darwin 14.5.0 x86_64)


                         :-)  G  R  O  M  A  C  S  (-:

                      GROwing Monsters And Cloning Shrimps

                            :-)  VERSION 4.5.3  (-:

        Written by Emile Apol, Rossen Apostolov, Herman J.C. Berendsen,
      Aldert van Buuren, Pär Bjelkmar, Rudi van Drunen, Anton Feenstra, 
        Gerrit Groenhof, Peter Kasson, Per Larsson, Pieter Meulenhoff, 
           Teemu Murtola, Szilard Pall, Sander Pronk, Roland Schulz, 
                Michael Shirts, Alfons Sijbers, Peter Tieleman,

               Berk Hess, David van der Spoel, and Erik Lindahl.

       Copyright (c) 1991-2000, University of Groningen, The Netherlands.
            Copyright (c) 2001-2010, The GROMACS development team at
        Uppsala University & The Royal Institute of Technology, Sweden.
            check out http://www.gromacs.org for more information.

         This program is free software; you can redistribute it and/or
          modify it under the terms of the GNU General Public License
         as published by the Free Software Foundation; either version 2
             of the License, or (at your option) any later version.

                                :-)  mdrun  (-:


++++ PLEASE READ AND CITE THE FOLLOWING REFERENCE ++++
B. Hess and C. Kutzner and D. van der Spoel and E. Lindahl
GROMACS 4: Algorithms for highly efficient, load-balanced, and scalable
molecular simulation
J. Chem. Theory Comput. 4 (2008) pp. 435-447
-------- -------- --- Thank You --- -------- --------


++++ PLEASE READ AND CITE THE FOLLOWING REFERENCE ++++
D. van der Spoel, E. Lindahl, B. Hess, G. Groenhof, A. E. Mark and H. J. C.
Berendsen
GROMACS: Fast, Flexible and Free
J. Comp. Chem. 26 (2005) pp. 1701-1719
-------- -------- --- Thank You --- -------- --------


++++ PLEASE READ AND CITE THE FOLLOWING REFERENCE ++++
E. Lindahl and B. Hess and D. van der Spoel
GROMACS 3.0: A package for molecular simulation and trajectory analysis
J. Mol. Mod. 7 (2001) pp. 306-317
-------- -------- --- Thank You --- -------- --------


++++ PLEASE READ AND CITE THE FOLLOWING REFERENCE ++++
H. J. C. Berendsen, D. van der Spoel and R. van Drunen
GROMACS: A message-passing parallel molecular dynamics implementation
Comp. Phys. Comm. 91 (1995) pp. 43-56
-------- -------- --- Thank You --- -------- --------

Input Parameters:
   integrator           = md
   nsteps               = 5000
   init_step            = 0
   ns_type              = Simple
   nstlist              = 0
   ndelta               = 2
   nstcomm              = 0
   comm_mode            = None
   nstlog               = 500
   nstxout              = 10
   nstvout              = 10
   nstfout              = 10
   nstcalcenergy        = 10
   nstenergy            = 10
   nstxtcout            = 0
   init_t               = 0
   delta_t              = 0.001
   xtcprec              = 1000
   nkx                  = 20
   nky                  = 20
   nkz                  = 20
   pme_order            = 4
   ewald_rtol           = 1e-05
   ewald_geometry       = 0
   epsilon_surface      = 0
   optimize_fft         = FALSE
   ePBC                 = xyz
   bPeriodicMols        = FALSE
   bContinuation        = FALSE
   bShakeSOR            = FALSE
   etc                  = No
   nsttcouple           = -1
   epc                  = No
   epctype              = Isotropic
   nstpcouple           = -1
   tau_p                = 1
   ref_p (3x3):
      ref_p[    0]={ 0.00000e+00,  0.00000e+00,  0.00000e+00}
      ref_p[    1]={ 0.00000e+00,  0.00000e+00,  0.00000e+00}
      ref_p[    2]={ 0.00000e+00,  0.00000e+00,  0.00000e+00}
   compress (3x3):
      compress[    0]={ 0.00000e+00,  0.00000e+00,  0.00000e+00}
      compress[    1]={ 0.00000e+00,  0.00000e+00,  0.00000e+00}
      compress[    2]={ 0.00000e+00,  0.00000e+00,  0.00000e+00}
   refcoord_scaling     = No
   posres_com (3):
      posres_com[0]= 0.00000e+00
      posres_com[1]= 0.00000e+00
      posres_com[2]= 0.00000e+00
   posres_comB (3):
      posres_comB[0]= 0.00000e+00
      posres_comB[1]= 0.00000e+00
      posres_comB[2]= 0.00000e+00
   andersen_seed        = 815131
   rlist                = 0.9
   rlistlong            = 0.9
   rtpi                 = 0.05
   coulombtype          = PME
   rcoulomb_switch      = 0
   rcoulomb             = 0.9
   vdwtype              = Cut-off
   rvdw_switch          = 0
   rvdw                 = 0.9
   epsilon_r            = 1
   epsilon_rf           = 1
   tabext               = 1
   implicit_solvent     = No
   gb_algorithm         = Still
   gb_epsilon_solvent   = 80
   nstgbradii           = 1
   rgbradii             = 1
   gb_saltconc          = 0
   gb_obc_alpha         = 1
   gb_obc_beta          = 0.8
   gb_obc_gamma         = 4.85
   gb_dielectric_offset = 0.009
   sa_algorithm         = Ace-approximation
   sa_surface_tension   = 2.05016
   DispCorr             = No
   free_energy          = no
   init_lambda          = 0
   delta_lambda         = 0
   n_foreign_lambda     = 0
   sc_alpha             = 0
   sc_power             = 0
   sc_sigma             = 0.3
   sc_sigma_min         = 0.3
   nstdhdl              = 10
   separate_dhdl_file   = yes
   dhdl_derivatives     = yes
   dh_hist_size         = 0
   dh_hist_spacing      = 0.1
   nwall                = 0
   wall_type            = 9-3
   wall_atomtype[0]     = -1
   wall_atomtype[1]     = -1
   wall_density[0]      = 0
   wall_density[1]      = 0
   wall_ewald_zfac      = 3
   pull                 = no
   disre                = No
   disre_weighting      = Conservative
   disre_mixed          = FALSE
   dr_fc                = 1000
   dr_tau               = 0
   nstdisreout          = 100
   orires_fc            = 0
   orires_tau           = 0
   nstorireout          = 100
   dihre-fc             = 1000
   em_stepsize          = 0.01
   em_tol               = 10
   niter                = 20
   fc_stepsize          = 0
   nstcgsteep           = 1000
   nbfgscorr            = 10
   ConstAlg             = Lincs
   shake_tol            = 0.0001
   lincs_order          = 4
   lincs_warnangle      = 30
   lincs_iter           = 1
   bd_fric              = 0
   ld_seed              = 1993
   cos_accel            = 0
   deform (3x3):
      deform[    0]={ 0.00000e+00,  0.00000e+00,  0.00000e+00}
      deform[    1]={ 0.00000e+00,  0.00000e+00,  0.00000e+00}
      deform[    2]={ 0.00000e+00,  0.00000e+00,  0.00000e+00}
   userint1             = 0
   userint2             = 0
   userint3             = 0
   userint4             = 0
   userreal1            = 0
   userreal2            = 0
   userreal3            = 0
   userreal4            = 0
grpopts:
   nrdf:           6
   ref_t:           0
   tau_t:           0
anneal:          No
ann_npoints:           0
   acc:	           0           0           0
   nfreeze:           N           N           N
   energygrp_flags[  0]: 0
   efield-x:
      n = 0
   efield-xt:
      n = 0
   efield-y:
      n = 0
   efield-yt:
      n = 0
   efield-z:
      n = 0
   efield-zt:
      n = 0
   bQMMM                = FALSE
   QMconstraints        = 0
   QMMMscheme           = 0
   scalefactor          = 1
qm_opts:
   ngQM                 = 0
Table routines are used for coulomb: TRUE
Table routines are used for vdw:     FALSE
Will do PME sum in reciprocal space.

++++ PLEASE READ AND CITE THE FOLLOWING REFERENCE ++++
U. Essman, L. Perela, M. L. Berkowitz, T. Darden, H. Lee and L. G. Pedersen 
A smooth particle mesh Ewald method
J. Chem. Phys. 103 (1995) pp. 8577-8592
-------- -------- --- Thank You --- -------- --------

Will do ordinary reciprocal space Ewald sum.
Using a Gaussian width (1/beta) of 0.288146 nm for Ewald
Cut-off's:   NS: 0.9   Coulomb: 0.9   LJ: 0.9
System total charge: 0.000
Generated table with 950 data points for Ewald.
Tabscale = 500 points/nm
Generated table with 950 data points for LJ6.
Tabscale = 500 points/nm
Generated table with 950 data points for LJ12.
Tabscale = 500 points/nm
Configuring nonbonded kernels...
Configuring standard C nonbonded kernels...
Testing x86_64 SSE2 support... present.


Removing pbc first time
There are: 2 Atoms
Max number of connections per atom is 0
Total number of connections is 0
Initial temperature: 320.712 K

Started mdrun on node 0 Thu May 18 12:39:19 2017

           Step           Time         Lambda
              0        0.00000        0.00000

   Energies (kJ/mol)
        LJ (SR)   Coulomb (SR)   Coul. recip.      Potential    Kinetic En.
    0.00000e+00    0.00000e+00    0.00000e+00    0.00000e+00    7.99970e+00
   Total Energy    Temperature Pressure (bar)
    7.99970e+00    3.20712e+02    1.10699e+01

           Step           Time         Lambda
            500        0.50000        0.00000

   Energies (kJ/mol)
        LJ (SR)   Coulomb (SR)   Coul. recip.      Potential    Kinetic En.
    0.00000e+00    0.00000e+00    0.00000e+00    0.00000e+00    7.99970e+00
   Total Energy    Temperature Pressure (bar)
    7.99970e+00    3.20712e+02    1.10699e+01

           Step           Time         Lambda
           1000        1.00000        0.00000

   Energies (kJ/mol)
        LJ (SR)   Coulomb (SR)   Coul. recip.      Potential    Kinetic En.
    0.00000e+00    0.00000e+00    0.00000e+00    0.00000e+00    7.99970e+00
   Total Energy    Temperature Pressure (bar)
    7.99970e+00    3.20712e+02    1.10699e+01

           Step           Time         Lambda
           1500        1.50000        0.00000

   Energies (kJ/mol)
        LJ (SR)   Coulomb (SR)   Coul. recip.      Potential    Kinetic En.
    0.00000e+00    0.00000e+00    0.00000e+00    0.00000e+00    7.99970e+00
   Total Energy    Temperature Pressure (bar)
    7.99970e+00    3.20712e+02    1.10699e+01

           Step           Time         Lambda
           2000        2.00000        0.00000

   Energies (kJ/mol)
        LJ (SR)   Coulomb (SR)   Coul. recip.      Potential    Kinetic En.
    0.00000e+00    0.00000e+00    0.00000e+00    0.00000e+00    7.99970e+00
   Total Energy    Temperature Pressure (bar)
    7.99970e+00    3.20712e+02    1.10699e+01

           Step           Time         Lambda
           2500        2.50000        0.00000

   Energies (kJ/mol)
        LJ (SR)   Coulomb (SR)   Coul. recip.      Potential    Kinetic En.
    0.00000e+00    0.00000e+00    0.00000e+00    0.00000e+00    7.99970e+00
   Total Energy    Temperature Pressure (bar)
    7.99970e+00    3.20712e+02    1.10699e+01

           Step           Time         Lambda
           3000        3.00000        0.00000

   Energies (kJ/mol)
        LJ (SR)   Coulomb (SR)   Coul. recip.      Potential    Kinetic En.
    0.00000e+00    0.00000e+00    0.00000e+00    0.00000e+00    7.99970e+00
   Total Energy    Temperature Pressure (bar)
    7.99970e+00    3.20712e+02    1.10699e+01

           Step           Time         Lambda
           3500        3.50000        0.00000

   Energies (kJ/mol)
        LJ (SR)   Coulomb (SR)   Coul. recip.      Potential    Kinetic En.
    0.00000e+00    0.00000e+00    0.00000e+00    0.00000e+00    7.99970e+00
   Total Energy    Temperature Pressure (bar)
    7.99970e+00    3.20712e+02    1.10699e+01

           Step           Time         Lambda
           4000        4.00000        0.00000

   Energies (kJ/mol)
        LJ (SR)   Coulomb (SR)   Coul. recip.      Potential    Kinetic En.
    0.00000e+00    0.00000e+00    0.00000e+00    0.00000e+00    7.99970e+00
   Total Energy    Temperature Pressure (bar)
    7.99970e+00    3.20712e+02    1.10699e+01

           Step           Time         Lambda
           4500        4.50000        0.00000

   Energies (kJ/mol)
        LJ (SR)   Coulomb (SR)   Coul. recip.      Potential    Kinetic En.
    0.00000e+00    0.00000e+00    0.00000e+00    0.00000e+00    7.99970e+00
   Total Energy    Temperature Pressure (bar)
    7.99970e+00    3.20712e+02    1.10699e+01

           Step           Time         Lambda
           5000        5.00000        0.00000

Writing checkpoint, step 5000 at Thu May 18 12:39:21 2017


   Energies (kJ/mol)
        LJ (SR)   Coulomb (SR)   Coul. recip.      Potential    Kinetic En.
    0.00000e+00    0.00000e+00    0.00000e+00    0.00000e+00    7.99970e+00
   Total Energy    Temperature Pressure (bar)
    7.99970e+00    3.20712e+02    1.10699e+01

	<======  ###############  ==>
	<====  A V E R A G E S  ====>
	<==  ###############  ======>

	Statistics over 5001 steps using 501 frames

   Energies (kJ/mol)
        LJ (SR)   Coulomb (SR)   Coul. recip.      Potential    Kinetic En.
    0.00000e+00    0.00000e+00    0.00000e+00    0.00000e+00    7.99970e+00
   Total Energy    Temperature Pressure (bar)
    7.99970e+00    3.20712e+02    1.10699e+01

   Total Virial (kJ/mol)
    0.00000e+00    0.00000e+00    0.00000e+00
    0.00000e+00    0.00000e+00    0.00000e+00
    0.00000e+00    0.00000e+00    0.00000e+00

   Pressure (bar)
    3.32096e+01    0.00000e+00    0.00000e+00
    0.00000e+00    0.00000e+00    0.00000e+00
    0.00000e+00    0.00000e+00    0.00000e+00

   Total Dipole (D)
    0.00000e+00    0.00000e+00    0.00000e+00


	M E G A - F L O P S   A C C O U N T I N G

   RF=Reaction-Field  FE=Free Energy  SCFE=Soft-Core/Free Energy
   T=Tabulated        W3=SPC/TIP3p    W4=TIP4p (single or pairs)
   NF=No Forces

 Computing:                               M-Number         M-Flops  % Flops
-----------------------------------------------------------------------------
 Calc Weights                             0.030006           1.080     0.0
 Spread Q Bspline                         0.640128           1.280     0.0
 Gather F Bspline                         0.640128           3.841     0.0
 3D-FFT                                1037.467452        8299.740    85.4
 Solve PME                               22.004400        1408.282    14.5
 NS-Pairs                                 0.000003           0.000     0.0
 Reset In Box                             0.000002           0.000     0.0
 CG-CoM                                   0.000002           0.000     0.0
 Virial                                   0.023547           0.424     0.0
 Calc-Ekin                                0.010004           0.270     0.0
-----------------------------------------------------------------------------
 Total                                                    9714.916   100.0
-----------------------------------------------------------------------------


     R E A L   C Y C L E   A N D   T I M E   A C C O U N T I N G

 Computing:         Nodes     Number     G-Cycles    Seconds     %
-----------------------------------------------------------------------
 Neighbor search        1          1        0.000        0.0     0.0
 Force                  1       5001        0.017        0.0     0.3
 PME mesh               1       5001        5.314        1.6    98.0
 Write traj.            1        501        0.031        0.0     0.6
 Update                 1       5001        0.005        0.0     0.1
 Rest                   1                   0.054        0.0     1.0
-----------------------------------------------------------------------
 Total                  1                   5.422        1.6   100.0
-----------------------------------------------------------------------
-----------------------------------------------------------------------
 PME spread/gather      1      10002        1.964        0.6    36.2
 PME 3D-FFT             1      10002        0.755        0.2    13.9
 PME solve              1       5001        2.590        0.8    47.8
-----------------------------------------------------------------------

               NODE (s)   Real (s)      (%)
       Time:      1.644      1.647     99.8
               (Mnbf/s)   (GFlops)   (ns/day)  (hour/ns)
Performance:      0.000      5.910    262.870      0.091
Finished mdrun on node 0 Thu May 18 12:39:21 2017
